0,status,1,POSSESSED,ALIVE,Kanolab
0,status,2,VILLAGER,ALIVE,Kanolab
0,status,3,WEREWOLF,ALIVE,Kanolab
0,status,4,VILLAGER,ALIVE,Kanolab
0,status,5,SEER,ALIVE,Kanolab
0,talk,0,0,2,こんにちわ。みんなで楽しくやろうね。
0,talk,1,0,5,やっほー。私も負けないぞー。
0,talk,2,0,1,ごきげんよう。わたくしもがんばりますわ。
0,talk,3,0,3,おっすぜ。俺も本気で行くぜ。
0,talk,4,0,4,よろしくな。あたいもやる気だよ。
0,talk,5,1,2,Over
0,talk,6,1,1,Over
0,talk,7,1,4,Over
0,talk,8,1,5,Over
0,talk,9,1,3,Over
0,divine,5,1,HUMAN
1,status,1,POSSESSED,ALIVE,Kanolab
1,status,2,VILLAGER,ALIVE,Kanolab
1,status,3,WEREWOLF,ALIVE,Kanolab
1,status,4,VILLAGER,ALIVE,Kanolab
1,status,5,SEER,ALIVE,Kanolab
1,talk,0,0,1,わたくしはAgent[02]に投票するわ。
1,talk,1,0,2,僕はAgent[01]に投票するね。
1,talk,2,0,4,あたいは占い師ではないね。
1,talk,3,0,3,俺はAgent[01]に投票するぞ。
1,talk,4,0,5,私は占い師だね。Agent[01]を占ったけど、結果は人間だったね。
1,talk,5,1,1,わたくしは占い師だわ。Agent[02]を占ったら、結果は人狼だったわ。
1,talk,6,1,5,私は占い師だね。Agent[01]を占ったけど、結果は人間だったね。
1,talk,7,1,2,僕はAgent[01]に投票するね。
1,talk,8,1,3,俺はAgent[01]に投票するぞ。
1,talk,9,1,4,あたいは占い師ではないね。
1,talk,10,2,1,わたくしは占い師だわ。Agent[02]を占ったら、結果は人狼だったわ。
1,talk,11,2,3,俺はAgent[01]に投票するぞ。
1,talk,12,2,5,私は占い師だね。Agent[01]を占ったけど、結果は人間だったね。
1,talk,13,2,4,あたいは占い師ではないね。
1,talk,14,2,2,僕はAgent[01]に投票するね。
1,talk,15,3,1,わたくしは占い師だわ。Agent[02]を占ったら、結果は人狼だったわ。
1,talk,16,3,3,俺はAgent[01]に投票するぞ。
1,talk,17,3,4,あたいは占い師ではないね。
1,talk,18,3,2,僕はAgent[01]に投票するね。
1,talk,19,3,5,私は占い師だね。Agent[01]を占ったけど、結果は人間だったね。
1,talk,20,4,1,わたくしは占い師だわ。Agent[02]を占ったら、結果は人狼だったわ。
1,talk,21,4,4,あたいは占い師ではないね。
1,talk,22,4,3,俺はAgent[01]に投票するぞ。
1,talk,23,4,5,私は占い師だね。Agent[01]を占ったけど、結果は人間だったね。
1,talk,24,4,2,僕はAgent[01]に投票するね。
1,talk,25,5,2,僕はAgent[01]に投票するね。
1,talk,26,5,1,わたくしは占い師だわ。Agent[02]を占ったら、結果は人狼だったわ。
1,talk,27,5,3,俺は占い師だな。Agent[01]を占ったけど、結果は人間だったぞ。
1,talk,28,5,4,あたいは占い師ではないね。
1,talk,29,5,5,私は占い師だね。Agent[01]を占ったけど、結果は人間だったね。
1,talk,30,6,1,わたくしは占い師だわ。Agent[02]を占ったら、結果は人狼だったわ。
1,talk,31,6,4,あたいは占い師ではないね。
1,talk,32,6,2,僕はAgent[01]に投票するね。
1,talk,33,6,3,俺は占い師だな。Agent[01]を占ったけど、結果は人間だったぞ。
1,talk,34,6,5,私は占い師だね。Agent[01]を占ったけど、結果は人間だったね。
1,talk,35,7,1,わたくしは占い師だわ。Agent[02]を占ったら、結果は人狼だったわ。
1,talk,36,7,5,私は占い師だね。Agent[01]を占ったけど、結果は人間だったね。
1,talk,37,7,3,俺は占い師だな。Agent[01]を占ったけど、結果は人間だったぞ。
1,talk,38,7,4,あたいは占い師ではないね。
1,talk,39,7,2,僕はAgent[01]に投票するね。
1,talk,40,8,1,わたくしは占い師だわ。Agent[02]を占ったら、結果は人狼だったわ。
1,talk,41,8,2,僕はAgent[01]に投票するね。
1,talk,42,8,4,あたいは占い師ではないね。
1,talk,43,8,5,私は占い師だね。Agent[01]を占ったけど、結果は人間だったね。
1,talk,44,8,3,俺は占い師だな。Agent[01]を占ったけど、結果は人間だったぞ。
1,talk,45,9,3,俺は占い師だな。Agent[01]を占ったけど、結果は人間だったぞ。
1,talk,46,9,4,あたいは占い師ではないね。
1,talk,47,9,2,僕はAgent[01]に投票するね。
1,talk,48,9,5,私は占い師だね。Agent[01]を占ったけど、結果は人間だったね。
1,talk,49,9,1,わたくしは占い師だわ。Agent[02]を占ったら、結果は人狼だったわ。
1,talk,50,10,1,Over
1,talk,51,10,4,Over
1,talk,52,10,3,Over
1,talk,53,10,2,Over
1,talk,54,10,5,Over
1,vote,1,2
1,vote,2,1
1,vote,3,1
1,vote,4,1
1,vote,5,2
1,execute,1,POSSESSED
1,divine,5,2,HUMAN
1,attackVote,3,2
1,attack,2,true
2,status,1,POSSESSED,DEAD,Kanolab
2,status,2,VILLAGER,DEAD,Kanolab
2,status,3,WEREWOLF,ALIVE,Kanolab
2,status,4,VILLAGER,ALIVE,Kanolab
2,status,5,SEER,ALIVE,Kanolab
2,talk,0,0,3,俺は占い師だな。
2,talk,1,0,5,私は占い師だね。Agent[02]を占ったけど、結果は人間だったね。
2,talk,2,0,4,あたいは占い師ではないね。
2,talk,3,1,3,俺は占い師だな。
2,talk,4,1,5,私は占い師だね。Agent[02]を占ったけど、結果は人間だったね。
2,talk,5,1,4,あたいは占い師ではないね。
2,talk,6,2,5,私は占い師だね。Agent[02]を占ったけど、結果は人間だったね。
2,talk,7,2,3,俺は占い師だな。
2,talk,8,2,4,あたいは占い師ではないね。
2,talk,9,3,4,あたいは占い師ではないね。
2,talk,10,3,5,私は占い師だね。Agent[02]を占ったけど、結果は人間だったね。
2,talk,11,3,3,俺は占い師だな。
2,talk,12,4,5,私は占い師だね。Agent[02]を占ったけど、結果は人間だったね。
2,talk,13,4,4,あたいは占い師ではないね。
2,talk,14,4,3,俺は占い師だな。
2,talk,15,5,3,俺は占い師だな。
2,talk,16,5,4,あたいは占い師ではないね。
2,talk,17,5,5,私は占い師だね。Agent[02]を占ったけど、結果は人間だったね。
2,talk,18,6,5,私は占い師だね。Agent[02]を占ったけど、結果は人間だったね。
2,talk,19,6,4,あたいは占い師ではないね。
2,talk,20,6,3,俺は占い師だな。
2,talk,21,7,5,私は占い師だね。Agent[02]を占ったけど、結果は人間だったね。
2,talk,22,7,3,俺は占い師だな。
2,talk,23,7,4,あたいは占い師ではないね。
2,talk,24,8,5,私は占い師だね。Agent[02]を占ったけど、結果は人間だったね。
2,talk,25,8,3,俺は占い師だな。
2,talk,26,8,4,あたいは占い師ではないね。
2,talk,27,9,3,俺は占い師だな。
2,talk,28,9,5,私は占い師だね。Agent[02]を占ったけど、結果は人間だったね。
2,talk,29,9,4,あたいは占い師ではないね。
2,talk,30,10,5,Over
2,talk,31,10,3,Over
2,talk,32,10,4,Over
2,vote,3,5
2,vote,4,3
2,vote,5,3
2,execute,3,WEREWOLF
3,status,1,POSSESSED,DEAD,Kanolab
3,status,2,VILLAGER,DEAD,Kanolab
3,status,3,WEREWOLF,DEAD,Kanolab
3,status,4,VILLAGER,ALIVE,Kanolab
3,status,5,SEER,ALIVE,Kanolab
3,result,2,0,VILLAGER
