0,status,1,POSSESSED,ALIVE,Kanolab
0,status,2,VILLAGER,ALIVE,Kanolab
0,status,3,VILLAGER,ALIVE,Kanolab
0,status,4,WEREWOLF,ALIVE,Kanolab
0,status,5,SEER,ALIVE,Kanolab
0,talk,0,0,5,よろしくな。あたいもやる気だよ。
0,talk,1,0,1,こんにちわ。みんなで楽しくやろうね。
0,talk,2,0,3,ごきげんよう。わたくしもがんばりますわ。
0,talk,3,0,4,やっほー。私も負けないぞー。
0,talk,4,0,2,おっすぜ。俺も本気で行くぜ。
0,talk,5,1,1,Over
0,talk,6,1,2,Over
0,talk,7,1,3,Over
0,talk,8,1,5,Over
0,talk,9,1,4,Over
0,divine,5,1,HUMAN
1,status,1,POSSESSED,ALIVE,Kanolab
1,status,2,VILLAGER,ALIVE,Kanolab
1,status,3,VILLAGER,ALIVE,Kanolab
1,status,4,WEREWOLF,ALIVE,Kanolab
1,status,5,SEER,ALIVE,Kanolab
1,talk,0,0,5,あたいはAgent[02]に投票するよ。
1,talk,1,0,3,わたくしはAgent[01]に投票するわ。
1,talk,2,0,1,僕は占い師だね。Agent[02]を占ったら、結果は人狼だったね。
1,talk,3,0,2,俺はAgent[01]に投票するぞ。
1,talk,4,0,4,私はAgent[01]に投票するね。
1,talk,5,1,2,俺はAgent[01]に投票するぞ。
1,talk,6,1,1,僕は占い師だね。Agent[02]を占ったら、結果は人狼だったね。
1,talk,7,1,3,わたくしはAgent[01]に投票するわ。
1,talk,8,1,5,あたいは占い師だな。Agent[01]を占ったけど、結果は人間だったぞ。
1,talk,9,1,4,私はAgent[01]に投票するね。
1,talk,10,2,1,僕は占い師だね。Agent[02]を占ったら、結果は人狼だったね。
1,talk,11,2,4,私はAgent[01]に投票するね。
1,talk,12,2,3,わたくしはAgent[01]に投票するわ。
1,talk,13,2,2,俺はAgent[01]に投票するぞ。
1,talk,14,2,5,あたいは占い師だな。Agent[01]を占ったけど、結果は人間だったぞ。
1,talk,15,3,2,俺はAgent[01]に投票するぞ。
1,talk,16,3,5,あたいは占い師だな。Agent[01]を占ったけど、結果は人間だったぞ。
1,talk,17,3,1,僕は占い師だね。Agent[02]を占ったら、結果は人狼だったね。
1,talk,18,3,4,私はAgent[01]に投票するね。
1,talk,19,3,3,わたくしはAgent[01]に投票するわ。
1,talk,20,4,4,私はAgent[01]に投票するね。
1,talk,21,4,3,わたくしはAgent[01]に投票するわ。
1,talk,22,4,1,僕は占い師だね。Agent[02]を占ったら、結果は人狼だったね。
1,talk,23,4,5,あたいは占い師だな。Agent[01]を占ったけど、結果は人間だったぞ。
1,talk,24,4,2,俺はAgent[01]に投票するぞ。
1,talk,25,5,1,僕は占い師だね。Agent[02]を占ったら、結果は人狼だったね。
1,talk,26,5,3,わたくしはAgent[01]に投票するわ。
1,talk,27,5,5,あたいは占い師だな。Agent[01]を占ったけど、結果は人間だったぞ。
1,talk,28,5,2,俺はAgent[01]に投票するぞ。
1,talk,29,5,4,私は占い師だね。Agent[01]を占ったら、結果は人狼だったね。
1,talk,30,6,2,俺はAgent[01]に投票するぞ。
1,talk,31,6,4,私は占い師だね。Agent[01]を占ったら、結果は人狼だったね。
1,talk,32,6,3,わたくしはAgent[01]に投票するわ。
1,talk,33,6,5,あたいは占い師だな。Agent[01]を占ったけど、結果は人間だったぞ。
1,talk,34,6,1,僕は占い師だね。Agent[02]を占ったら、結果は人狼だったね。
1,talk,35,7,4,私は占い師だね。Agent[01]を占ったら、結果は人狼だったね。
1,talk,36,7,5,あたいは占い師だな。Agent[01]を占ったけど、結果は人間だったぞ。
1,talk,37,7,3,わたくしはAgent[01]に投票するわ。
1,talk,38,7,1,僕は占い師だね。Agent[02]を占ったら、結果は人狼だったね。
1,talk,39,7,2,俺はAgent[01]に投票するぞ。
1,talk,40,8,1,僕は占い師だね。Agent[02]を占ったら、結果は人狼だったね。
1,talk,41,8,5,あたいは占い師だな。Agent[01]を占ったけど、結果は人間だったぞ。
1,talk,42,8,2,俺はAgent[01]に投票するぞ。
1,talk,43,8,3,わたくしはAgent[01]に投票するわ。
1,talk,44,8,4,私は占い師だね。Agent[01]を占ったら、結果は人狼だったね。
1,talk,45,9,4,私は占い師だね。Agent[01]を占ったら、結果は人狼だったね。
1,talk,46,9,2,俺はAgent[01]に投票するぞ。
1,talk,47,9,5,あたいは占い師だな。Agent[01]を占ったけど、結果は人間だったぞ。
1,talk,48,9,3,わたくしはAgent[01]に投票するわ。
1,talk,49,9,1,僕は占い師だね。Agent[02]を占ったら、結果は人狼だったね。
1,talk,50,10,1,Over
1,talk,51,10,2,Over
1,talk,52,10,4,Over
1,talk,53,10,5,Over
1,talk,54,10,3,Over
1,vote,1,2
1,vote,2,1
1,vote,3,1
1,vote,4,1
1,vote,5,2
1,execute,1,POSSESSED
1,divine,5,2,HUMAN
1,attackVote,4,2
1,attack,2,true
