java --class-path ./src/:'./lib/*' net/kanolab/aiwolf/server/automatic/AutoGameStarter
logDir : /var/www/html/aiwolf/2024/main/
port : 10001
agentNum : 5
connectAgentNum : 5
only1AgentByIP : false
deleteConnectionTime : 6000000
gameNum : 1
maxTalk : 10
maxSkip  :  3
maxTurn : 20
parallel : 1
timeout : 6000000
saveLog : true
isLoop : true
continueException : true
isSingle : false
isPriorCombination : false
viewerMode : cui
playHuman : false
humanRole : seer
humanNumber : 3
humanName : Human
server : true
IsServerFlag  :  false
ISPortListeningFlag  :  false
IsSaveRoleCombinations  :  true
RoleCombinationsSavePath  :  ./log/
RoleCombinationsSaveFileName  :  DoneCombinations.txt
AllParticipantNum  :  5
IsContinueByOtherCombinations  :  true
ContinueCombinationsNum  :  10
PlayerHost1 : localhost
PlayerPort1 : 50004
PlayerHost2 : localhost
PlayerPort2 : 50005
PlayerHost3 : localhost
PlayerPort3 : 50010
PlayerHost4 : localhost
PlayerPort4 : 50020
PlayerHost5 : localhost
PlayerPort5 : 50504
PlayerHost6 : localhost
PlayerPort6 : 50500
PlayerHost7 : localhost
PlayerPort7 : 50501
PlayerHost8 : localhost
PlayerPort8 : 50502
PlayerHost9 : localhost
PlayerPort9 : 50503
PlayerHost10 : localhost
PlayerPort10 : 50504
viewerMode -> CUI : cui
gameMode -> SYNCHRONOUS : synchronous
prev connectToPlayerServer wait 20sec
NLPServerStarter start.
index:1
HOST:localhost PORT:50004
Send getName
NAME:GPTaku_5
Address:127.0.0.1
index:5
HOST:localhost PORT:50504
Send getName
NAME:kanolab5
index:2
HOST:localhost PORT:50005
Send getName
NAME:UECIL_1
index:3
HOST:localhost PORT:50010
Send getName
NAME:satozaki1
index:4
HOST:localhost PORT:50020
Send getName
NAME:null
Send getName
Send getName
Send getName
Send getName
Send getName
------------------------------------------------------------------
connecting : Send getName
GPTaku_5, Send getName
kanolab5, Send getName
UECIL_1, Send getName
satozaki1, 

after connectToPlayerServer wait 20sec
prev connectToPlayerServer wait 20sec
NLPServerStarter start.
index:2
HOST:localhost PORT:50005
Send getName
make: *** [Makefile:84: run] エラー 143
