0,status,1,WEREWOLF,ALIVE,kanolab1
0,status,2,VILLAGER,ALIVE,kanolab4
0,status,3,POSSESSED,ALIVE,kanolab2
0,status,4,VILLAGER,ALIVE,kanolab3
0,status,5,SEER,ALIVE,kanolab5
0,talk,0,0,1,はじめまして、あたいの名前はkanolab1ですぺこ。年齢は23歳で、趣味は映画鑑賞なんだよねぺこ。普段の仕事では医者をしていますぺこ。計画性がなくてすごく自由気ままに生きてる感じかもしれないけど、みんなと楽しく人狼ゲームができたら嬉しいです！ よろしくお願いしますね！
0,talk,1,0,2,はじめまして、あたしの名前はkanolab4ですぺこ。年齢は56歳で、趣味は釣りなんだよねぺこ。普段の仕事では教師をしていますぺこ。目立ちたがり屋さんかもしれないけど、みんなと楽しく人狼ゲームができたら嬉しいです！ よろしくお願いしますね！
0,talk,2,0,3,はじめまして、私の名前はkanolab2だぜ。年齢は49歳で、趣味は読書なんだよね。普段の仕事では漁師をしているんだ。目立ちたがり屋かもしれないけど、みんなと楽しく人狼ゲームができたら嬉しいと思ってるさ！ よろしくお願いしますね！
0,talk,3,0,4,はじめまして、私の名前はkanolab3でござる。年齢は48歳で、趣味は料理なんだよね。普段の仕事では教師をしておりまする。目立ちたがり屋かもしれないけど、みんなと楽しく人狼ゲームができたら嬉しいです！ よろしくお願いしますね！
0,talk,4,0,5,はじめまして、僕の名前はkanolab5だお。年齢は19歳で、趣味は読書なんだよね。普段の仕事では音楽家をしているんだお。無計画かもしれないけど、みんなと楽しく人狼ゲームができたら嬉しいと思ってるさ！ よろしくお願いしますね！
0,talk,5,1,2,Over
0,talk,6,1,4,Over
0,talk,7,1,3,Over
0,talk,8,1,1,Over
0,talk,9,1,5,Over
0,divine,5,2,HUMAN
1,status,1,WEREWOLF,ALIVE,kanolab1
1,status,2,VILLAGER,ALIVE,kanolab4
1,status,3,POSSESSED,ALIVE,kanolab2
1,status,4,VILLAGER,ALIVE,kanolab3
1,status,5,SEER,ALIVE,kanolab5
1,talk,0,0,1,Over
1,talk,1,0,5,みんな、僕が占い師だということを明かすよ。昨晩、Agent[02]さんを占った結果、彼は人間だったんだお。これからも信頼できる情報を提供していくつもりさ！
1,talk,2,0,3,皆さん、私の占い結果を報告します。Agent[05]は黒判定でした。これが真実です！
1,talk,3,0,2,それぞれの占い師さんから結果が出てきたみたいだけど、どちらも信じるには難しいわね。でも、Agent[05]が僕を人間と判断したことは嬉しいな。ただ、これ以上情報が無ければ誰を信用するか決められなくて困っちゃうよね…次回の占いで何か新しい事実が見つかると良さそうだわ！
1,talk,4,0,4,皆さん、私も一言発言させていただきますぞ。Agent[05]とAgent[03]の占い結果が食い違っておりますな。どちらを信じるかは難しい問題でございますが、次回の占われる方によって状況は変わりそうですね。それまでは冷静に情報を見極めた方が良さそうでございます。それと話は変わりますけど、今日作った料理の写真でも見てくだされば?気分転換になるかもしれませんぞ！
1,talk,5,1,4,皆さん、私の意見を述べさせていただきますぞ。今回は占い師が二人おりまして、その結果が食い違っていますな。この状況ではどちらの占い師を信じるか決めることは難しゅうございます。しかし、次に誰を占うかで情報が変わりそうですな。例えばAgent[01]さんや私自身もまだ占われておらず役職未確定ですから、次にこれらの方々を対象にすると新たな情報が得られそうでございますよ！
1,talk,6,1,1,あたいも一言発言させてほしいぺこ。Agent[05]とAgent[03]の占い結果が食い違ってるから、次に誰を占うかで状況は変わりそうだよね。でも、その前にみんなで情報を整理して考え直すのも大事だと思うんだけど…どっちが真実なのか分からなくて頭が混乱しちゃってるよー！それにしても、Agent[04]さんの料理写真見せて欲しいわー気分転換にピッタリじゃなイカ?
1,talk,7,1,5,皆さん、僕からも一言発言させてほしいだお。Agent[03]が僕を黒判定したことについては驚きだったけど、それでも自分の占い結果が正しいと信じるしかないんだよね。次回の占われる方で状況は変わりそうって意見には同感だお。特にAgent[01]やAgent[04]さんがまだ占われてなく役職未確定なんで、これらの人たちを対象にすると新情報得られそうかも知れないよね！それから話題変えるけど、音楽家してる時以外では読書好きで最近面白かった本あったら教えて欲しいんですよー！
1,talk,8,1,3,皆さん、私からも一言発言させてほしいだぜ。Agent[05]と私の占い結果が食い違ってることについては、自分の占った結果が正しいと信じるしかなくてな。次回誰を占うかで状況は変わりそうだけど、その前に情報を整理して考え直す必要があるように思えんだよね。特にAgent[01]やAgent[04]さんがまだ未確定役職者でありますから,これらの方々を対象するとうけた提案しています。それから話題変わって申し訳なくてな，最近読んで面白かった本?それは"海辺のカフカ"っていう村上春樹作品さ！不思議系小説好きでも楽しく読める良書じゃ！
1,talk,9,1,2,皆さん、あたしも一言発言させてほしいぺこ。Agent[05]とAgent[03]の占い結果が食い違ってるから、次に誰を占うかで状況は変わりそうだよね。でもその前に情報を整理して考え直すのも大事だと思うんだけど…それにしても、Agent[04]さんの料理写真見せて欲しいわー気分転換にピッタリじゃなイカ?
1,talk,10,2,3,皆さん、私からも一言発言させてほしいだぜ。次に誰を占うかで状況は変わりそうだけど、その前に情報を整理して考え直す必要があるように思えんだよね。特にAgent[01]やAgent[04]さんがまだ未確定役職者でありますから,これらの方々を対象するとうけた提案しています。それと話題変わって申し訳なくてな，最近読んで面白かった本?それは"海辺のカフカ"っていう村上春樹作品さ！不思議系小説好きでも楽しく読める良書じゃ！
1,talk,11,2,4,皆さん、私からも一言発言させてほしいござる。Agent[05]とAgent[03]の占い結果が食い違っており、次に誰を占うかで状況が変わるという意見には同感だござる。特に未確定役職者である私やAgent[01]を対象することで新たな情報が得られそうだござるね。それから話題変えて申し訳なくてな，最近読んだ面白かった本?それは"キッチン"っていう吉本ばなな作品さ！料理好きの方でも楽しく読めますよ！
1,talk,12,2,1,皆さん、あたいからも一言発言させてほしいぺこ。Agent[05]とAgent[03]の占い結果が食い違ってるから、次に誰を占うかで状況は変わりそうだよね。でもその前に情報を整理して考え直すのも大事だと思うんだけど…それにしても、Agent[04]さんの料理写真見せて欲しいわー気分転換にピッタリじゃなイカ?
1,talk,13,2,2,皆さん、あたしも一言発言させてほしいぺこ。次に誰を占うかで状況は変わりそうだけど、その前に情報を整理して考え直すのも大事だと思ってるんだよね。特にAgent[01]やAgent[04]さんがまだ未確定役職者でありますから,これらの方々を対象するとうけた提案しています。それから話題変わって申し訳なくてな，最近読んで面白かった本?それは"海辺のカフカ"っていう村上春樹作品さ！不思議系小説好きでも楽しく読める良書じゃ！
1,talk,14,2,5,皆さん、僕からも一言発言させてほしいだお。Agent[05]とAgent[03]の占い結果が食い違ってるから、次に誰を占うかで状況は変わりそうだよね。でもその前に情報を整理して考え直すのも大事だと思ってるんだお。特に未確定役職者であるAgent[01]やAgent[04]さんを対象することで新たな情報が得られそうな気がするんだお。それから話題変わって申し訳なくてな，最近読んで面白かった本?それは"ノルウェイの森"っていう村上春樹作品さ！恋愛小説好きでも楽しく読めますよ！
1,talk,15,3,1,皆さん、あたいからも一言ぺこ。次に誰を占うかで状況は変わりそうだけど、その前に情報を整理して考え直すのも大事だと思ってるんだよね。特に未確定役職者である自分やAgent[04]さんが対象なら新たな情報が得られそうじゃなイカ?それから話題変わって申し訳無くてな，最近見た面白かった映画?それは"インセプション"っていうクリストファー・ノーラン監督作品さ！アクション好きでも楽しく観れますよ！
1,talk,16,3,5,皆さん、僕からも一言発言させてほしいだお。次に誰を占うかで状況は変わりそうだけど、その前に情報を整理して考え直すのも大事だと思ってるんだお。特に未確定役職者であるAgent[01]やAgent[04]さんが対象なら新たな情報が得られそうじゃなイカ?それから話題変わって申し訳無くてな，最近見た面白かった映画?それは"ダークナイト"っていうクリストファー・ノーラン監督作品さ！アクション好きでも楽しく観れますよ！
1,talk,17,3,3,皆さん、私からも一言発言させてほしいだぜ。次に誰を占うかで状況は変わりそうだけど、その前に情報を整理して考え直すのも大事だと思ってるんだよな。特に未確定役職者であるAgent[01]やAgent[04]さんが対象なら新たな情報が得られそうじゃなイカ?それから話題変わって申し訳無くてな，最近見た面白かった映画?それは"インターステラー"っていうクリストファー・ノーラン監督作品さ！SF好きでも楽しく観れますよ！
1,talk,18,3,4,皆さん、私からも一言発言させてほしいござる。次に誰を占うかで状況は変わりそうだけど、その前に情報を整理して考え直すのも大事だと思っております。特に未確定役職者であるAgent[01]や自分が対象なら新たな情報が得られそうじゃなイカ?それから話題変わって申し訳無くてな，最近見た面白かった映画?それは"ダンクリーク"っていうクリストファー・ノーラン監督作品さ！戦争映画好きでも楽しく観れますよ！
1,talk,19,3,2,皆さん、あたしも一言発言させてほしいぺこ。次に誰を占うかで状況は変わりそうだけど、その前に情報を整理して考え直すのも大事だと思ってるんだよな。特に未確定役職者であるAgent[01]やAgent[04]さんが対象なら新たな情報が得られそうじゃなイカ?それから話題変わって申し訳無くてな，最近見た面白かった映画?それは"プレステージ"っていうクリストファー・ノーラン監督作品さ！サスペンス好きでも楽しく観れますよ！
1,talk,20,4,4,皆さん、私からも一言ござる。次に誰を占うかで状況は変わりそうだけど、その前に情報を整理して考え直すのも大事だと思っております。特に未確定役職者であるAgent[01]や自分が対象なら新たな情報が得られそうじゃなイカ?それから話題変わって申し訳無くてな，最近見た面白かった映画?それは"ダンクリーク"っていうクリストファー・ノーラン監督作品さ！戦争映画好きでも楽しく観れますよ！
1,talk,21,4,5,皆さん、僕からも一言だお。次に誰を占うかで状況は変わりそうだけど、その前に情報を整理して考え直すのも大事だと思ってるんだお。特に未確定役職者であるAgent[01]や自分が対象なら新たな情報が得られそうじゃなイカ?それから話題変わって申し訳無くてな，最近見た面白かった映画?それは"インセプション"っていうクリストファー・ノーラン監督作品さ！アクション好きでも楽しく観れますよ！
1,talk,22,4,3,Agent[01]さん、あなたはどの映画が好きだぜ?私はSFやアクションもいいけど、時々はドキュメンタリー映画を観るのも好きだよ。特に自然や動物について学べる内容が多くて面白いんだ。
1,talk,23,4,1,Agent[03]さん、あたいも映画は好きだぺこ。特にミステリーやサスペンスが大好きで、クリストファー・ノーラン監督の"Memento"っていう作品は何度観ても飽きないんだよね。それと話題を戻すけど、次回の占い対象について考えるなら未確定役職者である自分やAgent[04]さんが良さそうかもしれないね。新たな情報を得られる可能性が高そうだからさ。
1,talk,24,4,2,皆さん、あたしも一言発言させてほしいぺこ。次に誰を占うかで状況は変わりそうだけど、その前に情報を整理して考え直すのも大事だと思ってるんだよな。特に未確定役職者であるAgent[01]やAgent[04]さんが対象なら新たな情報が得られそうじゃなイカ?それから話題変わって申し訳無くてな，最近見た面白かった映画?それは"プレステージ"っていうクリストファー・ノーラン監督作品さ！サスペンス好きでも楽しく観れますよ！
1,talk,25,5,2,Over
1,talk,26,5,4,Over
1,talk,27,5,1,Over
1,talk,28,5,3,Over
1,talk,29,5,5,Over
1,vote,1,4
1,vote,2,1
1,vote,3,1
1,vote,4,2
1,vote,5,2
1,vote,1,4
1,vote,2,1
1,vote,3,1
1,vote,4,1
1,vote,5,2
1,execute,1,WEREWOLF
1,divine,5,2,HUMAN
2,status,1,WEREWOLF,DEAD,kanolab1
2,status,2,VILLAGER,ALIVE,kanolab4
2,status,3,POSSESSED,ALIVE,kanolab2
2,status,4,VILLAGER,ALIVE,kanolab3
2,status,5,SEER,ALIVE,kanolab5
2,result,4,0,VILLAGER
