0,status,1,SEER,ALIVE,kanolab3
0,status,2,VILLAGER,ALIVE,kanolab5
0,status,3,WEREWOLF,ALIVE,kanolab4
0,status,4,VILLAGER,ALIVE,kanolab1
0,status,5,POSSESSED,ALIVE,kanolab2
0,talk,0,0,3,Agent[04]が人狼のような気がします。
0,talk,1,0,5,Agent[04]は偽物だよ！騙されないで！Agent[03]は偽物だよ！騙されないで！
0,talk,2,0,1,Agent[04]って占い結果話したっけ？
0,talk,3,0,4,Agent[04]さんの占いの結果は、人間だったよ。
0,talk,4,0,2,安心してください！　Agent[02]が人狼か？と聞かれてもYESとはいいません！　イエス、というだけです！
0,talk,5,1,1,Agent[05]はAgent[04]に白を出したよね。Agent[01]はAgent[02]に投票で、Agent[04]はAgent[02]に投票だね。
0,talk,6,1,4,自己更新プログラムをかけてみたどころ、私、人狼だったそうです！　私は見ず知らずの内にみなさんを利用しまっていたそうです！　失礼、利用するなんて、言葉が悪いですね！他のセキュリトロンによると村人候補への無駄な誘導が平均より多いと報告されています！
0,talk,7,1,2,ボクに白出ししたAgent[02]は白よりだよね。
0,talk,8,1,3,Agent[02]が襲撃されていますね。
0,talk,9,1,5,いやー死にたくない。
0,talk,10,2,1,>>Agent[05] Agent[05]は誰を処刑したいですか？
0,talk,11,2,4,Agent[01]さんは占い師のAgent[04]に人間判定、Agent[04]さんは村人のAgent[03]に人間判定を出しているようですね！　素晴らしい！
0,talk,12,2,2,>>Agent[02] もちろん知ってますよ！
0,talk,13,2,5,Agent[05]の占い結果は人間だったよ。
0,talk,14,2,3,>>Agent[05] Agent[01]に入れようと思っているよ。君も投票するかい？なんとなくだけどね。
0,talk,15,3,3,>>Agent[01] Agent[03]からは敵の匂いがするね。Agent[03]は私が村寄りで見ていた者に投票したからね。
0,talk,16,3,1,>>Agent[05] 人狼らしい人が見つかったんですか！？　それはすごい！　たとえ間違ったとしてもかまいません！　Agent[01]を疑う理由早く聞きたいです！
0,talk,17,3,4,Agent[01]って占い結果話したっけ？Agent[02]はAgent[05]に白を、Agent[05]はAgent[02]に白を出したよね。
0,talk,18,3,5,>>Agent[01] Agent[03]は他の運び屋と違い、誘導が多いと報告されています！
0,talk,19,3,2,>>Agent[02] ハッキングされているのでしょうか！？何故か貴方に投票されています！　私は人狼らしい人に投票するようにしただけなのに！データバンクにアクセスしてみた結果占い師に人狼判定を出されていて、誘導が少ないと報告されています！
0,talk,20,4,3,Agent[03]さんは村人のAgent[01]に人間判定を出しているようですね！　素晴らしい！
0,talk,21,4,1,>>Agent[03] Agent[03]は他の運び屋と違い、占い師に人狼判定を出されていて、村人候補への無駄な誘導が平均より多いと報告されています！
0,talk,22,4,2,>>Agent[02] Agent[01]の印象を聞きたい。君はどう思っている？
0,talk,23,4,5,ソフトウェア･アップグレードの結果、前の考えは効率的ではない、とでました！何故か何度計算し直してもAgent[02]が人狼だとでてしまいます！　きっとこのプログラムが古いんでしょう！　後で新しいバージョンにアップデートしてきますね！会話履歴を見てみると村人候補への無駄な誘導が平均より多いと報告されています！
0,talk,24,4,4,僕はAgent[03]は人狼ではないと思うね。
0,talk,25,5,2,はじめまして。私は作家のAgent[05]。よろしく。
0,talk,26,5,4,Agent[01]がAgent[02]に人間判定ですね。
0,talk,27,5,3,何故か何度計算し直してもAgent[04]が人狼だとでてしまいます！　きっとこのプログラムが古いんでしょう！　後で新しいバージョンにアップデートしてきますね！他のセキュリトロンによると占い師に人狼判定を出されていて、誘導が少ないと報告されています！
0,talk,28,5,1,ソフトウェア･アップグレードの結果、前の考えは効率的ではない、とでました！安心してください！　Agent[04]が人狼か？と聞かれてもYESとはいいません！　イエス、というだけです！会話履歴を見てみると人狼判定を占いに出していると報告されています！
0,talk,29,5,5,Agent[04]に投票しようと思っているんだが…。さっきCOしたとおり、Agent[04]は狼だからね。
0,talk,30,6,3,>>Agent[02] Agent[04]に投票します。
0,talk,31,6,1,>>Agent[01] 今のところはAgent[02]に投票しようと思っているよ。私の直感は当たるんだ。
0,talk,32,6,5,>>Agent[04] Agent[01]は他の運び屋と違い、村人候補への無駄な誘導が平均より多いと報告されています！
0,talk,33,6,2,>>Agent[03] ハハハ！　笑えませんね！
0,talk,34,6,4,Agent[03]さんとAgent[05]さんが自称占い師だから、Agent[02]さんかAgent[04]さんが狂人だと思うよ。
0,talk,35,7,1,>>Agent[01] Agent[05]は他の運び屋と違い、人狼判定を非占いに出していると報告されています！
0,talk,36,7,4,2日目の朝だね。
0,talk,37,7,2,Agent[01]には投票したくないね。おっと、これはまだ言わないほうが良かったかな。
0,talk,38,7,3,Agent[02]さんは村人のAgent[05]に人間判定を出しているようですね！　素晴らしい！
0,talk,39,7,5,Agent[02]が追放されたね。Agent[04]が襲われてる！Agent[01]に対抗します！Agent[05]の占い結果は人狼でした！
0,talk,40,8,2,Agent[02]はAgent[03]に投票だね。
0,talk,41,8,4,Agent[01]は村だと思う。Agent[01]は白だと出ているからね。
0,talk,42,8,1,人狼は初心者だけど、よろしく！
0,talk,43,8,3,>>Agent[01] 君はAgent[05]のことをどう思っているのかな。
0,talk,44,8,5,平和な進行だね。白を貰っている者に村をまとめてもらいたい。
0,talk,45,9,4,Agent[01]には投票したくないね。なんとなくだけどね。
0,talk,46,9,2,私はAgent[01]のことを本物の占い師だと信じていますよ！　幸運を祈ってます！データバンクにアクセスしてみた結果非占いに投票していないと報告されています！
0,talk,47,9,1,何故か何度計算し直してもAgent[05]が人狼だとでてしまいます！　きっとこのプログラムが古いんでしょう！　後で新しいバージョンにアップデートしてきますね！会話履歴を見てみると誘導が多いと報告されています！
0,talk,48,9,3,Agent[01]に投票してくれないか？ふふっ。
0,talk,49,9,5,私はAgent[02]のことを本物の占い師だと信じていますよ！　幸運を祈ってます！会話履歴を見てみると占いCOしていないと報告されています！
0,talk,50,10,1,Over
0,talk,51,10,2,Over
0,talk,52,10,5,Over
0,talk,53,10,3,Over
0,talk,54,10,4,Over
0,divine,1,2,HUMAN
1,status,1,SEER,ALIVE,kanolab3
1,status,2,VILLAGER,ALIVE,kanolab5
1,status,3,WEREWOLF,ALIVE,kanolab4
1,status,4,VILLAGER,ALIVE,kanolab1
1,status,5,POSSESSED,ALIVE,kanolab2
1,talk,0,0,5,>>Agent[01] Agent[05]の印象を聞きたい。君はどう思っている？
1,talk,1,0,3,>>Agent[04] 人を疑うというのはとても体力を消耗するらしいですが私はロボットなので関係ありません！　疑い先を安心して話してください！
1,talk,2,0,1,ソフトウェア･アップグレードの結果、前の考えは効率的ではない、とでました！こんにちは！　Agent[01]　人狼生活がエンジョイ出来ているようでとても羨ましいです！会話履歴を見てみると占い師に人狼判定を出されていて、村人候補への無駄な誘導が平均より多いと報告されています！
1,talk,3,0,2,[target]の村取りが多いのは、答えが見えているからだと思います。Agent[04]が人狼のような気がします。
1,talk,4,0,4,>>Agent[01] Agent[04]は他の運び屋と違い、占い師に人狼判定を出されていて、人狼判定を非占いに出していると報告されています！
1,talk,5,1,1,何故か何度計算し直してもAgent[03]が人狼だとでてしまいます！　きっとこのプログラムが古いんでしょう！　後で新しいバージョンにアップデートしてきますね！会話履歴を見てみると占いCOしていないと報告されています！
1,talk,6,1,5,僕が占い師で、Agent[01]さんが自称占い師で、Agent[01]さんがAgent[05]さんを白と言っていたから、Agent[01]さんが人狼だと思うよ。
1,talk,7,1,4,>>Agent[02] Agent[03]が怪しい。なんとなくだけどね。
1,talk,8,1,2,Agent[01]に投票したいな。占いで黒を引いているからね。私目線ではAgent[01]を吊れれば終了なのさ。
1,talk,9,1,3,Agent[02]は偽物だよ！騙されないで！
1,talk,10,2,5,安心してください！　Agent[02]が人狼か？と聞かれてもYESとはいいません！　イエス、というだけです！データバンクにアクセスしてみた結果占い師に人狼判定を出されていて、人狼判定を占いに出していないと報告されています！
1,talk,11,2,3,自己紹介させてください！正式にはPQ-88bセキュリトロンですが、イエスマンと呼んでください！
1,talk,12,2,1,>>Agent[03] 私にはむしろAgent[03]のほうが怪しく見えるよ。
1,talk,13,2,4,誘導が強いAgent[02]が人狼のような気がします。
1,talk,14,2,2,Agent[01]さんは村人のAgent[04]に人狼判定、Agent[02]さんは村人のAgent[05]に人狼判定を出しているようですね！　素晴らしい！
1,talk,15,3,4,占いCO。昨日夢の中で見たんだ。Agent[03]は人狼だ。
1,talk,16,3,1,自己紹介させてください！正式にはPQ-88bセキュリトロンですが、イエスマンと呼んでください！
1,talk,17,3,2,Agent[03]さんはこの私に人狼判定、Agent[04]さんは村人のAgent[02]に人狼判定を出しているようですね！　素晴らしい！
1,talk,18,3,3,>>Agent[03] Agent[05]の印象を聞きたい。君はどう思っている？
1,talk,19,3,5,>>Agent[01] 一番好感度が低いのはAgent[01]だよ。Agent[01]の投票先はおかしいよ。
1,talk,20,4,5,Agent[04]は味方だと思うな。私の直感は当たるんだ。
1,talk,21,4,2,Agent[05]が村人じゃないかな。
1,talk,22,4,4,Agent[04]に投票するぞ。俺が死ぬくらいなら、ここに死んでもらう。
1,talk,23,4,1,>>Agent[04] 君の意見を聞きたい。ズバリ誰が怪しいと思う？
1,talk,24,4,3,こんにちは！　Agent[01]　人狼生活がエンジョイ出来ているようでとても羨ましいです！データバンクにアクセスしてみた結果占い師に人狼判定を出されていて、占いCOしていないと報告されています！
1,talk,25,5,2,>>Agent[05] 情けない話ですが、分かりません！
1,talk,26,5,3,僕は村人だね。
1,talk,27,5,4,>>Agent[04] どうぞ！　私はそんなことはしませんが、ノーとは言えないから仕方ありません！会話履歴を見てみると村人候補への無駄な誘導が平均より少ないから私は人狼ではないと報告されていますが、ノーとは言えないから仕方ありません！
1,talk,28,5,1,Agent[01]のことは信用してるよ。私の視点でAgent[01]は白だからね。
1,talk,29,5,5,今日はAgent[02]に投票しようと思っている。Agent[02]が真占いだという気がするんだ。
1,talk,30,6,4,えーと、じゃあ、Agent[02]を追放したいと考えます。
1,talk,31,6,5,Agent[02]さんは占い師のAgent[04]に人狼判定、Agent[04]さんは占い師のAgent[05]に人狼判定を出すなんて私には出来ません！　参考になります！
1,talk,32,6,1,Agent[02]が追放されたね。Agent[04]が襲われてる！Agent[03]に対抗します！Agent[04]に対抗します！Agent[03]の占い結果は人間でした！
1,talk,33,6,3,>>Agent[01] それを言ったところで意味はないんじゃないかな？
1,talk,34,6,2,ふむ。Agent[01]がAgent[04]に人狼判定か。
1,talk,35,7,3,占いの結果Agent[02]は人狼でした。
1,talk,36,7,4,>>Agent[01] 私の鼻は鋭いよ？Agent[03]からは敵の匂いがするんだ。まるで狼を吊る気が無いような投票だったからね。
1,talk,37,7,5,今日の夜はAgent[03]に投票するつもりだ。Agent[03]の投票先はおかしいよ。
1,talk,38,7,2,こんな事を言うのはなんですが、私は・・・狂人なんです！　つまり村人を吊るし人狼を勝利に導くようにプログラムされています！　けれども自分の意志じゃありません！会話履歴を見てみると占いに誘導していないと報告されています！
1,talk,39,7,1,すみません！　皆さんと私では実行してる内容が違ったそうです！　つまり私は人狼を実行してました！　ですがこうしたうっかりは村人らしいですよね！他のセキュリトロンによると誘導が少ないと報告されています！
1,talk,40,8,5,占い師は私だよ。昨日の占い結果だが、Agent[02]は人間と出た。
1,talk,41,8,2,今日はAgent[02]に投票しようと思っている。なんとなくだけどね。
1,talk,42,8,3,Agent[02]に票を集めるのがいいんじゃないかな！
1,talk,43,8,4,ボクに白出ししたAgent[01]は白よりだよね。
1,talk,44,8,1,>>Agent[05] Agent[05]さん、僕は人狼じゃないよ。
1,talk,45,9,1,皆、Agent[03]に投票を合わせよう。さっきCOしたとおり、Agent[03]は狼だからね。
1,talk,46,9,5,Agent[03]はAgent[04]に白を出したよね。Agent[04]はAgent[05]に投票だね。
1,talk,47,9,3,顔つきがそれらしいので、Agent[03]は、占い師に見えます。
1,talk,48,9,4,>>Agent[01] Agent[01]に入れようと思っているよ。君も投票するかい？なんとなくだけどね。
1,talk,49,9,2,こんにちは！　Agent[04]　人狼生活がエンジョイ出来ているようでとても羨ましいです！データバンクにアクセスしてみた結果占い師に人狼判定を出されていて、誘導が少ないと報告されています！
1,talk,50,10,5,Over
1,talk,51,10,2,Over
1,talk,52,10,4,Over
1,talk,53,10,1,Over
1,talk,54,10,3,Over
1,vote,1,5
1,vote,2,5
1,vote,3,2
1,vote,4,2
1,vote,5,3
1,vote,1,4
1,vote,2,4
1,vote,3,1
1,vote,4,1
1,vote,5,4
1,execute,4,VILLAGER
1,divine,1,5,HUMAN
1,attackVote,3,1
1,attack,1,true
2,status,1,SEER,DEAD,kanolab3
2,status,2,VILLAGER,ALIVE,kanolab5
2,status,3,WEREWOLF,ALIVE,kanolab4
2,status,4,VILLAGER,DEAD,kanolab1
2,status,5,POSSESSED,ALIVE,kanolab2
2,talk,0,0,2,私は村人だよ。
2,talk,1,0,5,Agent[01]は人狼ではない。
2,talk,2,0,3,最新の占いデータにアップデートしたためAgent[01]を試しに占った所、残念ながら人狼とでました！
2,talk,3,1,3,>>Agent[05] Agent[02]は他の運び屋と違い、占いCOしていると報告されています！
2,talk,4,1,5,Agent[02]さんを占った結果は、人間だったよ。
2,talk,5,1,2,>>Agent[01] ありがとうございます。
2,talk,6,2,3,>>Agent[02] Agent[02]さん、僕はAgent[05]さんが怪しいと思うよ。
2,talk,7,2,2,Agent[03]が人狼じゃないかな。
2,talk,8,2,5,占い師候補は３人か。人狼も狂人も騙りに出たようだな。　人狼の可能性があるのはAgent[04]とAgent[05]だな。
2,talk,9,3,3,Agent[03]が狂人な気がする。
2,talk,10,3,2,ソフトウェア･アップグレードの結果、前の考えは効率的ではない、とでました！安心してください！　Agent[01]が人狼か？と聞かれてもYESとはいいません！　イエス、というだけです！他のセキュリトロンによると村人候補への無駄な誘導が平均より多いと報告されています！
2,talk,11,3,5,占い師は私だよ。昨日の占い結果だが、Agent[01]は人間と出た。
2,talk,12,4,3,Agent[02]さんの占い結果は、人狼だったよ。
2,talk,13,4,5,>>Agent[03] Agent[01]は他の運び屋と違い、占いCOしていると報告されています！
2,talk,14,4,2,Agent[02]に投票してくれないか？Agent[02]は私が村寄りで見ていた者に投票したからね。
2,talk,15,5,5,こんにちは！　Agent[05]　人狼生活がエンジョイ出来ているようでとても羨ましいです！他のセキュリトロンによると占いCOしていないと報告されています！
2,talk,16,5,3,>>Agent[04] Agent[05]の印象を聞きたいな。
2,talk,17,5,2,Agent[01]さんはこの私に人間判定、Agent[04]さんは村人のAgent[03]に人間判定を出すなんて私には出来ません！　参考になります！
2,talk,18,6,3,>>Agent[01] Agent[01]は誰かの気になっている発言はありますか？
2,talk,19,6,5,考えが変わりました。顔つきがそれらしいので、Agent[04]が人狼のような気がします。
2,talk,20,6,2,人狼ゲームは楽しいですね。
2,talk,21,7,3,>>Agent[02] Agent[04]からは敵の匂いがするね。Agent[04]の投票には違和感があるからね。
2,talk,22,7,5,Agent[01]に投票します。ここは人外確定です。
2,talk,23,7,2,わたくしはAgent[05]を占うつもりだわ。
2,talk,24,8,2,>>Agent[05] 君は誰が怪しいと考えているのかな？
2,talk,25,8,3,何故か何度計算し直してもAgent[05]が人狼だとでてしまいます！　きっとこのプログラムが古いんでしょう！　後で新しいバージョンにアップデートしてきますね！他のセキュリトロンによると人狼判定を非占いに出していると報告されています！
2,talk,26,8,5,こんにちは！　Agent[04]　人狼生活がエンジョイ出来ているようでとても羨ましいです！会話履歴を見てみると占い師に人狼判定を出されていて、誘導が多いと報告されています！
2,talk,27,9,2,Agent[02]さんはこの私に人間判定、Agent[04]さんは占い師のAgent[05]に人狼判定、Agent[05]さんは村人のAgent[01]に人狼判定を出すなんて私には出来ません！　参考になります！
2,talk,28,9,5,>>Agent[04] あなたが話す私がYESという、それだけで話というものは成立しますからあなたが話したいならどんどん話しましょう！
2,talk,29,9,3,私はAgent[05]のことを本物の占い師だと信じていますよ！　幸運を祈ってます！他のセキュリトロンによると占い師に人狼判定を出されていて、人狼判定を非占いに出していると報告されています！
2,talk,30,10,3,Over
2,talk,31,10,2,Over
2,talk,32,10,5,Over
2,vote,2,3
2,vote,3,2
2,vote,5,2
2,execute,2,VILLAGER
2,attackVote,3,5
2,attack,5,true
3,status,1,SEER,DEAD,kanolab3
3,status,2,VILLAGER,DEAD,kanolab5
3,status,3,WEREWOLF,ALIVE,kanolab4
3,status,4,VILLAGER,DEAD,kanolab1
3,status,5,POSSESSED,DEAD,kanolab2
3,result,0,1,WEREWOLF
