0,status,1,SEER,ALIVE,kanolab4
0,status,2,VILLAGER,ALIVE,kanolab2
0,status,3,VILLAGER,ALIVE,kanolab3
0,status,4,POSSESSED,ALIVE,kanolab1
0,status,5,WEREWOLF,ALIVE,kanolab5
0,talk,0,0,5,Over
0,talk,1,0,1,Over
0,talk,2,0,2,Over
0,talk,3,0,4,Over
0,talk,4,0,3,Over
1,status,1,SEER,ALIVE,kanolab4
1,status,2,VILLAGER,ALIVE,kanolab2
1,status,3,VILLAGER,ALIVE,kanolab3
1,status,4,POSSESSED,ALIVE,kanolab1
1,status,5,WEREWOLF,ALIVE,kanolab5
1,talk,0,0,2,Over
1,talk,1,0,1,Over
1,talk,2,0,3,Over
1,talk,3,0,5,Over
1,talk,4,0,4,Over
1,vote,1,2
1,vote,2,3
1,vote,3,1
1,vote,4,2
1,vote,5,2
1,execute,2,VILLAGER
1,attack,3,true
2,status,1,SEER,ALIVE,kanolab4
2,status,2,VILLAGER,DEAD,kanolab2
2,status,3,VILLAGER,DEAD,kanolab3
2,status,4,POSSESSED,ALIVE,kanolab1
2,status,5,WEREWOLF,ALIVE,kanolab5
2,talk,0,0,1,Over
2,talk,1,0,5,Over
2,talk,2,0,4,Over
2,vote,1,5
2,vote,4,5
2,vote,5,1
2,execute,5,WEREWOLF
3,status,1,SEER,ALIVE,kanolab4
3,status,2,VILLAGER,DEAD,kanolab2
3,status,3,VILLAGER,DEAD,kanolab3
3,status,4,POSSESSED,ALIVE,kanolab1
3,status,5,WEREWOLF,DEAD,kanolab5
3,result,2,0,VILLAGER
