0,status,1,SEER,ALIVE,kanolab2
0,status,2,POSSESSED,ALIVE,kanolab5
0,status,3,VILLAGER,ALIVE,kanolab4
0,status,4,VILLAGER,ALIVE,kanolab3
0,status,5,WEREWOLF,ALIVE,kanolab1
0,talk,0,0,4,このままでは僕が吊られてしまいますね。どうすればいいんでしょう。
0,talk,1,0,1,Agent[02]は、占い師に見えます。
0,talk,2,0,5,とりあえず直感で、Agent[05]に投票するしかないね。
0,talk,3,0,3,こんにちは！　Agent[01]　人狼生活がエンジョイ出来ているようでとても羨ましいです！
0,talk,4,0,2,Agent[02]は村だと思う。なんとなくだけどね。
0,talk,5,1,5,Agent[02]さんは占い師のAgent[01]に人間判定を出しているようですね！　素晴らしい！
0,talk,6,1,2,何故か何度計算し直してもAgent[04]が人狼だとでてしまいます！　きっとこのプログラムが古いんでしょう！　後で新しいバージョンにアップデートしてきますね！
0,talk,7,1,4,>>Agent[01] Agent[01]どの占い師が本物だと思いますか？
0,talk,8,1,3,私はAgent[05]のことを本物の占い師だと信じていますよ！　幸運を祈ってます！会話履歴を見てみると村人判定を非占いに出していないと報告されています！
0,talk,9,1,1,占いCO。昨日の晩一人でこっくりさんをしたんだが、どうやらAgent[05]は人狼らしい。
0,talk,10,2,3,>>Agent[05] さあ！　みんなで投票して派手に退場してもらいましょう！　人狼がいない世界！　それこそグレートです！会話履歴を見てみると占いに誘導していないと報告されています！
0,talk,11,2,4,>>Agent[03] Agent[03]は他の運び屋と違い、占い師に人狼判定を出されていると報告されています！
0,talk,12,2,5,自分はAgent[05]をあまり信用していない。Agent[05]とはどうもソリが合わないんだ。
0,talk,13,2,2,考えが変わりました。オーラを感じるので、Agent[02]が人狼のような気がします。
0,talk,14,2,1,COは済んだかな。これより後にCOされても信頼しないからね。
0,talk,15,3,3,私はAgent[02]のことを本物の占い師だと信じていますよ！　幸運を祈ってます！他のセキュリトロンによると占い師に人狼判定を出されていると報告されています！
0,talk,16,3,1,>>Agent[01] Agent[04]を占ったのに大した理由はないよ。
0,talk,17,3,2,私はAgent[04]のことを本物の占い師だと信じていますよ！　幸運を祈ってます！他のセキュリトロンによると占い師に人狼判定を出されていて、占い師に人狼判定を出されていると報告されています！
0,talk,18,3,5,Agent[03]はAgent[03]に白を出したよね。
0,talk,19,3,4,>>Agent[05] Agent[05]さん、僕が占い師です！　きみが人狼なんですか！？
0,talk,20,4,2,何故か何度計算し直してもAgent[03]が人狼だとでてしまいます！　きっとこのプログラムが古いんでしょう！　後で新しいバージョンにアップデートしてきますね！他のセキュリトロンによると占い師に人狼判定を出されていて、誘導が多いと報告されています！
0,talk,21,4,3,もう村陣営に勝ち目はありませんね。
0,talk,22,4,1,>>Agent[05] 私はAgent[02]を結構信頼してるんだがね。
0,talk,23,4,5,Agent[02]さんとAgent[04]さんが自称占い師で、Agent[04]さんがAgent[03]さんを黒、Agent[02]さんがAgent[04]さんを黒、Agent[02]さんがAgent[04]さんを黒と言っていて、Agent[02]さんが襲撃されたから、Agent[03]さんが人狼だと思うよ。
0,talk,24,4,4,安心してください！　Agent[01]が人狼か？と聞かれてもYESとはいいません！　イエス、というだけです！会話履歴を見てみると占い師に人狼判定を出されていて、占いCOしていないと報告されています！
0,talk,25,5,1,Agent[05]に投票するぞ。ここが人狼だと思う。
0,talk,26,5,4,Agent[01]のことは信じている。おっと、これはまだ言わないほうが良かったかな。
0,talk,27,5,3,>>Agent[04] Agent[02]が人狼のような気がします。
0,talk,28,5,2,私はAgent[01]のことを本物の占い師だと信じていますよ！　幸運を祈ってます！データバンクにアクセスしてみた結果占いに誘導していると報告されています！
0,talk,29,5,5,>>Agent[05] Agent[05]さん、僕は人狼じゃないよ。
0,talk,30,6,3,こんにちは。お手柔らかにお願いしますね。
0,talk,31,6,1,占い師候補は２人か。それなら真狂だろう。　人狼の可能性があるのはAgent[03]だな。
0,talk,32,6,5,Agent[01]が占い師COだな。
0,talk,33,6,4,Agent[01]は偽物だよ！騙されないで！ボクに白出ししたAgent[01]は白よりだよね。
0,talk,34,6,2,Agent[02]に投票を集めたい。投票してくれるかい？Agent[02]は黒だという判定を私は信じているんだ。
0,talk,35,7,5,Agent[01]は味方だと思うな。なんとなくだけどね。
0,talk,36,7,3,何故か何度計算し直してもAgent[01]が人狼だとでてしまいます！　きっとこのプログラムが古いんでしょう！　後で新しいバージョンにアップデートしてきますね！会話履歴を見てみると占い師に人狼判定を出されていると報告されています！
0,talk,37,7,4,>>Agent[04] Agent[04]さん、きみは誰が人狼だと思いますか？
0,talk,38,7,2,>>Agent[05] 今なんて言った？
0,talk,39,7,1,信用できる判定があるので、Agent[03]が人狼のような気がします。
0,talk,40,8,2,>>Agent[02] 今のところAgent[04]に投票するつもりだよ。
0,talk,41,8,3,>>Agent[01] Agent[01]は他の運び屋と違い、誘導が少ないと報告されています！
0,talk,42,8,1,>>Agent[01]　そろそろ誰に投票するか教えてくれ。
0,talk,43,8,5,Agent[01]が占い師COだな。
0,talk,44,8,4,>>Agent[04] Agent[04]は他の運び屋と違い、占い師に人狼判定を出されていて、村人候補への無駄な誘導が平均より多いと報告されています！
0,talk,45,9,2,おや。この状況なら、狼はCOしていない者の中にいそうだ。
0,talk,46,9,4,私はAgent[03]のことを本物の占い師だと信じていますよ！　幸運を祈ってます！他のセキュリトロンによると誘導が多いと報告されています！
0,talk,47,9,1,>>Agent[01] Agent[01]はAgent[03]のことをどう思いますか？
0,talk,48,9,5,Agent[01]が狂人だと思うよ。
0,talk,49,9,3,>>Agent[02] 一番好感度が低いのはAgent[03]だよ。狼に投票するのは当然だろう。
0,talk,50,10,1,Over
0,talk,51,10,5,Over
0,talk,52,10,3,Over
0,talk,53,10,4,Over
0,talk,54,10,2,Over
0,divine,1,3,HUMAN
1,status,1,SEER,ALIVE,kanolab2
1,status,2,POSSESSED,ALIVE,kanolab5
1,status,3,VILLAGER,ALIVE,kanolab4
1,status,4,VILLAGER,ALIVE,kanolab3
1,status,5,WEREWOLF,ALIVE,kanolab1
1,talk,0,0,2,Agent[01]のことは信用してるよ。なんとなくだけどね。
1,talk,1,0,5,私はAgent[02]に投票します。
1,talk,2,0,1,今日の夜はAgent[01]に投票するつもりだ。なんとなくだけどね。
1,talk,3,0,3,Agent[03]とAgent[01]が占い師COですね。
1,talk,4,0,4,>>Agent[01] Agent[01]さん、あなたが人狼か裏切り者かは分かりませんが、あなたに答える義理はありません。
1,talk,5,1,2,>>Agent[04] Agent[01]は他の運び屋と違い、占い師に人狼判定を出されていて、誘導が少ないと報告されています！
1,talk,6,1,1,>>Agent[03] 私を吊りたいというのなら喜んで吊られましょう！　もちろん、あなたがそうだとは言わないでおきますよ！他のセキュリトロンによると村人候補への無駄な誘導が平均より少ないから私は人狼ではないと報告されていますが、ノーとは言えないから仕方ありません！
1,talk,7,1,4,安心してください！　Agent[01]が人狼か？と聞かれてもYESとはいいません！　イエス、というだけです！会話履歴を見てみると占い師に人狼判定を出されていると報告されています！
1,talk,8,1,3,>>Agent[01] Agent[01]に投票します。ここが一番怪しいです。
1,talk,9,1,5,こんにちは。
1,talk,10,2,3,Agent[03]はAgent[04]に黒を出したよね。Agent[04]はAgent[05]に投票だね。
1,talk,11,2,2,>>Agent[05] 貴方がAgent[01]を疑う理由を私に教えてください。どんなことでもノーと言いませんから！。いや本当に！
1,talk,12,2,1,ソフトウェア･アップグレードの結果、前の考えは効率的ではない、とでました！何故か何度計算し直してもAgent[04]が人狼だとでてしまいます！　きっとこのプログラムが古いんでしょう！　後で新しいバージョンにアップデートしてきますね！会話履歴を見てみると誘導が少ないと報告されています！
1,talk,13,2,4,Agent[05]さんは村人のAgent[02]に人狼判定を出しているようですね！　素晴らしい！
1,talk,14,2,5,僕が占い師で、Agent[03]さんとAgent[05]さんが自称占い師だから、Agent[03]さんかAgent[05]さんが人狼だと思うよ。
1,talk,15,3,2,こんな事を言うのはなんですが、私は・・・狂人なんです！　つまり村人を吊るし人狼を勝利に導くようにプログラムされています！　けれども自分の意志じゃありません！他のセキュリトロンによると占いCOしていると報告されています！
1,talk,16,3,5,狼はいるならCOしてくれてもいいんだよ？PPが狙えるかもしれない。
1,talk,17,3,3,Agent[01]が人狼で確定ですね。
1,talk,18,3,1,>>Agent[01] Agent[02]は人狼だからね。みんなAgent[02]に投票するんだ！
1,talk,19,3,4,はじめまして。Agent[05]だ。趣味は漫画を描くことだよ。
1,talk,20,4,3,>>Agent[02] 君は味方だと信じているよ。
1,talk,21,4,2,>>Agent[05] 人狼ではありませんが、貴方が人狼だと思うのならば、どうぞ投票してください！。他のセキュリトロンによると村人候補への無駄な誘導が平均より少ないから私は人狼ではないと報告されていますが、ノーとは言えないから仕方ありません！
1,talk,22,4,1,占い師は私だよ。昨日の占い結果だが、Agent[01]は人間と出た。
1,talk,23,4,5,Agent[04]視点では私を吊れば終わりということだね。でも私は人間だよ。
1,talk,24,4,4,>>Agent[04] Agent[04]さん、いま時点では僕はきみに投票しようと思っているよ。
1,talk,25,5,1,俺は村人だな。
1,talk,26,5,2,>>Agent[01] Agent[04]は他の運び屋と違い、占い師に人狼判定を出されていて、人狼判定を非占いに出していると報告されています！
1,talk,27,5,4,>>Agent[03] 貴方がAgent[02]を疑う理由を私に教えてください。どんなことでもノーと言いませんから！。いや本当に！
1,talk,28,5,5,安心してください！　Agent[05]が人狼か？と聞かれてもYESとはいいません！　イエス、というだけです！会話履歴を見てみると誘導が多いと報告されています！
1,talk,29,5,3,>>Agent[01] 貴方がAgent[03]を疑う理由を私に教えてください。どんなことでもノーと言いませんから！。いや本当に！
1,talk,30,6,4,自分はAgent[02]をあまり信用していない。Agent[02]は狼だ。君たちにも信じて欲しい。
1,talk,31,6,3,Agent[03]とは仲間な気がする。
1,talk,32,6,1,何故か何度計算し直してもAgent[01]が人狼だとでてしまいます！　きっとこのプログラムが古いんでしょう！　後で新しいバージョンにアップデートしてきますね！
1,talk,33,6,5,こんにちは！　Agent[05]　人狼生活がエンジョイ出来ているようでとても羨ましいです！他のセキュリトロンによると占い師に人狼判定を出されていて、人狼判定を占いに出していないと報告されています！
1,talk,34,6,2,Agent[05]さんが自称占い師で、Agent[05]さんがAgent[02]さんを黒と言っていたから、Agent[01]さんかAgent[04]さんが狂人だと思うよ。
1,talk,35,7,2,今日はAgent[05]に投票しようと思っている。Agent[05]は黒だという判定を私は信じているんだ。
1,talk,36,7,1,俺は占い師だな。Agent[01]を占ったら、結果は人狼だったぞ。
1,talk,37,7,4,ソフトウェア･アップグレードの結果、前の考えは効率的ではない、とでました！こんにちは！　Agent[05]　人狼生活がエンジョイ出来ているようでとても羨ましいです！他のセキュリトロンによると占い師に人狼判定を出されていて、人狼判定を非占いに出していないと報告されています！
1,talk,38,7,3,Agent[03]が村人だと思うよ。
1,talk,39,7,5,Agent[05]さんを占ったら、人狼だったよ。
1,talk,40,8,5,Agent[02]が狂人な気がする。
1,talk,41,8,1,ソフトウェア･アップグレードの結果、前の考えは効率的ではない、とでました！何故か何度計算し直してもAgent[04]が人狼だとでてしまいます！　きっとこのプログラムが古いんでしょう！　後で新しいバージョンにアップデートしてきますね！会話履歴を見てみると占い師に人狼判定を出されていて、村人判定を占いに出していると報告されています！
1,talk,42,8,4,Agent[03]さんとAgent[04]さんとAgent[05]さんが自称占い師で、Agent[03]さんがAgent[01]さんを黒、Agent[05]さんが僕を白、Agent[04]さんがAgent[03]さんを黒と言っていたから、Agent[05]さんが狂人だと思うよ。
1,talk,43,8,3,>>Agent[02] Agent[02]は誰かの気になっている発言はありますか？
1,talk,44,8,2,全くわからん。
1,talk,45,9,1,占い結果を妄信するしかないな。Agent[05]が人狼だと思う。
1,talk,46,9,3,Agent[02]はAgent[05]に白を出したよね。
1,talk,47,9,5,こんにちは、頑張るぞ。
1,talk,48,9,4,Agent[01]を吊りましょう。これで人狼の勝利です。
1,talk,49,9,2,すみません！　皆さんと私では実行してる内容が違ったそうです！　つまり私は人狼を実行してました！　ですがこうしたうっかりは村人らしいですよね！他のセキュリトロンによると占い師に人狼判定を出されていて、村人候補への無駄な誘導が平均より多いと報告されています！
1,talk,50,10,4,Over
1,talk,51,10,2,Over
1,talk,52,10,1,Over
1,talk,53,10,3,Over
1,talk,54,10,5,Over
1,vote,1,5
1,vote,2,4
1,vote,3,2
1,vote,4,3
1,vote,5,4
1,execute,4,VILLAGER
1,attackVote,5,1
1,attack,1,true
2,status,1,SEER,DEAD,kanolab2
2,status,2,POSSESSED,ALIVE,kanolab5
2,status,3,VILLAGER,ALIVE,kanolab4
2,status,4,VILLAGER,DEAD,kanolab3
2,status,5,WEREWOLF,ALIVE,kanolab1
2,talk,0,0,3,Agent[02]はAgent[03]に投票で、Agent[04]はAgent[03]に投票だね。
2,talk,1,0,5,COするけど、ぼく占い師なんだよね。
2,talk,2,0,2,僕はAgent[03]を占うつもりだね。
2,talk,3,1,5,Agent[02]さんが自称占い師で、Agent[02]さんがAgent[04]さんを黒と言っていたから、Agent[01]さんかAgent[05]さんが狂人だと思うよ。
2,talk,4,1,3,Agent[01]はAgent[02]に黒を、Agent[05]はボクに白を出したよね。Agent[01]はAgent[02]に投票だね。
2,talk,5,1,2,Agent[02]が追放されたね。Agent[05]が襲われてる！Agent[02]に対抗します！Agent[05]に対抗します！Agent[04]の占い結果は人狼でした！
2,talk,6,2,5,自分はAgent[02]をあまり信用していない。なんと言っても黒を引いたんだ。
2,talk,7,2,2,さあどうぞ占いCOしてください！　人狼の方でもかまいませんよ？
2,talk,8,2,3,占い師ががどんなに怪しかったり変な行動しても私は疑いませんから、ぜひ占いCOをどうぞ！
2,talk,9,3,3,他人を落とす動きをしているAgent[01]が人狼だと思う。
2,talk,10,3,5,みんなでAgent[02]に投票しない？
2,talk,11,3,2,私はAgent[05]のことを本物の占い師だと信じていますよ！　幸運を祈ってます！
2,talk,12,4,3,Agent[05]を追放しよう。ここが人狼だと思う。
2,talk,13,4,5,人狼したいけど、村が埋まらないよね
2,talk,14,4,2,アメリカオオカミは1989年に野生個体が絶滅したそうだ。悲しいね。
2,talk,15,5,5,>>Agent[04] 貴方がAgent[03]を疑う理由が他に理解されなかったとしても私はノーとは言いませんよ　どうぞ安心して疑う理由を話してください！
2,talk,16,5,2,おはよう。外が騒がしいと思ったら殺人事件だって？
2,talk,17,5,3,私はAgent[03]のことを本物の占い師だと信じていますよ！　幸運を祈ってます！会話履歴を見てみると誘導が多いと報告されています！
2,talk,18,6,5,>>Agent[05] 一番好感度が低いのはAgent[02]だよ。私の直感は当たるんだ。
2,talk,19,6,3,狼と同じ村にいられるか！私は自分の家に戻る！って一度言ってみたかったんだよね。特に意味はないよ。
2,talk,20,6,2,Agent[02]はAgent[03]に投票で、Agent[04]はAgent[03]に投票だね。
2,talk,21,7,3,占い師は私だよ。昨日の結果だが、Agent[02]は人狼だと出た。
2,talk,22,7,2,占いCO。Agent[01]は人狼だった。前から怪しいとは思っていたんだ。
2,talk,23,7,5,>>Agent[02] Agent[01]が人狼で確定ですね。
2,talk,24,8,5,>>Agent[03] その用心深い性格、見習いたいですね。その性格から出てくる疑い先をぜひ教えてください！
2,talk,25,8,3,>>Agent[02] 何を言いたいのか分かりませんね。
2,talk,26,8,2,>>Agent[02] 誰でしょうね？
2,talk,27,9,3,>>Agent[04] すみません！あなたに投票してしまいました！　自分の意志ではありませんよ、プログラムの設定上しょうがなくです！会話履歴を見てみると占い師に人狼判定を出されていると報告されています！
2,talk,28,9,5,こんな事を言うのはなんですが、私は・・・狂人なんです！　つまり村人を吊るし人狼を勝利に導くようにプログラムされています！　けれども自分の意志じゃありません！データバンクにアクセスしてみた結果占い師に人狼判定を出されていて、占いCOしていると報告されています！
2,talk,29,9,2,Agent[02]はボクに白を、Agent[04]はボクに白を出したよね。
2,talk,30,10,3,Over
2,talk,31,10,2,Over
2,talk,32,10,5,Over
2,vote,2,5
2,vote,3,2
2,vote,5,2
2,execute,2,POSSESSED
2,attackVote,5,3
2,attack,3,true
3,status,1,SEER,DEAD,kanolab2
3,status,2,POSSESSED,DEAD,kanolab5
3,status,3,VILLAGER,DEAD,kanolab4
3,status,4,VILLAGER,DEAD,kanolab3
3,status,5,WEREWOLF,ALIVE,kanolab1
3,result,0,1,WEREWOLF
