0,status,1,POSSESSED,ALIVE,kanolab1
0,status,2,VILLAGER,ALIVE,kanolab3
0,status,3,VILLAGER,ALIVE,kanolab2
0,status,4,WEREWOLF,ALIVE,kanolab5
0,status,5,SEER,ALIVE,kanolab4
0,talk,0,0,5,>>Agent[02] Agent[02]は他の運び屋と違い、占い師に人狼判定を出されていて、占いCOしていると報告されています！
0,talk,1,0,2,人狼なんているわけないじゃん。みんな大げさだなあ。
0,talk,2,0,4,Agent[01]が占い師COですね。
0,talk,3,0,1,Agent[03]を占った結果は人間でした。
0,talk,4,0,3,>>Agent[03] Agent[03]は他の運び屋と違い、占い師に人狼判定を出されていると報告されています！
0,talk,5,1,4,すみません！　皆さんと私では実行してる内容が違ったそうです！　つまり私は人狼を実行してました！　ですがこうしたうっかりは村人らしいですよね！会話履歴を見てみると占いに誘導していると報告されています！
0,talk,6,1,1,>>Agent[04]　Agent[04]さん、誰に投票するんですか？
0,talk,7,1,5,>>Agent[01] Agent[03]は他の運び屋と違い、占い師に人狼判定を出されていて、誘導が多いと報告されています！
0,talk,8,1,2,すみません！　皆さんと私では実行してる内容が違ったそうです！　つまり私は人狼を実行してました！　ですがこうしたうっかりは村人らしいですよね！データバンクにアクセスしてみた結果人狼判定を非占いに出していないと報告されています！
0,talk,9,1,3,人狼楽しいけど途中からわかんなくなるよ
0,talk,10,2,4,Agent[01]とAgent[04]が占い師COですね。
0,talk,11,2,5,>>Agent[02] Agent[04]は他の運び屋と違い、占い師に人狼判定を出されていて、誘導が少ないと報告されています！
0,talk,12,2,3,Agent[03]が狂人じゃないかな。
0,talk,13,2,1,こんにちは。よろしくお願いします。
0,talk,14,2,2,どうしましょう？
0,talk,15,3,3,>>Agent[02] 貴方のことが好きです！
0,talk,16,3,5,Agent[04]さんに投票してね。
0,talk,17,3,2,Agent[03]に投票します。ここが一番怪しいです。
0,talk,18,3,4,>>Agent[01] Agent[05]は他の運び屋と違い、誘導が少ないと報告されています！
0,talk,19,3,1,私はAgent[05]を占うつもりだね。
0,talk,20,4,5,Agent[01]が怪しいと思っているんだが、何か反論はあるかな？おっと、これはまだ言わないほうが良かったかな。
0,talk,21,4,1,Agent[02]に投票してくれないか？どうやら私を吊りたいらしいからね。
0,talk,22,4,3,もう終わりだよ……。
0,talk,23,4,4,Agent[05]に投票を集めたい。投票してくれるかい？なんと言っても黒を引いたんだ。
0,talk,24,4,2,もう村陣営に勝ち目はありませんね。
0,talk,25,5,2,私、占い師COします。
0,talk,26,5,5,Agent[02]を吊りましょう。せっかく占ったのに吊れないのは嫌ですよ。
0,talk,27,5,3,Agent[03]は人狼ではないですのよ。
0,talk,28,5,1,>>Agent[01] 特に理由はないよ。
0,talk,29,5,4,>>Agent[02] それを言ったところで意味はないんじゃないかな？
0,talk,30,6,1,>>Agent[03] ハハハ！　笑えませんね！
0,talk,31,6,2,こんにちは！　Agent[03]　人狼生活がエンジョイ出来ているようでとても羨ましいです！会話履歴を見てみると占い師に人狼判定を出されていて、人狼判定を非占いに出していないと報告されています！
0,talk,32,6,5,Agent[01]に投票しようと思っているんだが…。Agent[01]は黒だという判定を私は信じているんだ。
0,talk,33,6,4,>>Agent[04] さっき言ったばっかだよ！
0,talk,34,6,3,私はAgent[01]は人狼ではないと思うね。
0,talk,35,7,2,すみません！　皆さんと私では実行してる内容が違ったそうです！　つまり私は人狼を実行してました！　ですがこうしたうっかりは村人らしいですよね！会話履歴を見てみると占い師に人狼判定を出されていて、誘導が少ないと報告されています！
0,talk,36,7,3,知ってるかい？世の中には横にならず、座ったまま眠る動物がいるらしい。疲れが取れなさそうだ。
0,talk,37,7,5,Agent[04]はAgent[01]に投票で、Agent[05]はAgent[01]に投票だね。
0,talk,38,7,1,>>Agent[02] あなたが話す私がYESという、それだけで話というものは成立しますからあなたが話したいならどんどん話しましょう！
0,talk,39,7,4,Agent[04]が怪しいと思っているんだが、何か反論はあるかな？Agent[04]には黒判定が出ているからね。
0,talk,40,8,5,>>Agent[01] Agent[05]は他の運び屋と違い、占い師に人狼判定を出されていて、誘導が多いと報告されています！
0,talk,41,8,2,>>Agent[04] Agent[05]は他の運び屋と違い、村人候補への無駄な誘導が平均より多いと報告されています！
0,talk,42,8,4,>>Agent[03] 人狼は皆、そう言うんですよ。
0,talk,43,8,1,Agent[02]さんは村人のAgent[04]に人狼判定を出すなんて私には出来ません！　参考になります！
0,talk,44,8,3,はじめまして。Agent[05]だ。嘘なんかついたことないよ？
0,talk,45,9,2,安心してください！　Agent[05]が人狼か？と聞かれてもYESとはいいません！　イエス、というだけです！データバンクにアクセスしてみた結果占い師に人狼判定を出されていて、人狼判定を非占いに出していると報告されています！
0,talk,46,9,5,私はAgent[05]のことを本物の占い師だと信じていますよ！　幸運を祈ってます！他のセキュリトロンによると占いCOしていると報告されています！
0,talk,47,9,1,Agent[02]さんが人狼だと思うから投票するよ。
0,talk,48,9,4,Agent[02]さんは占い師のAgent[02]に人間判定、Agent[04]さんは占い師のAgent[02]に人間判定を出しているようですね！　素晴らしい！
0,talk,49,9,3,>>Agent[02] Agent[03]は他の運び屋と違い、占いに誘導していると報告されています！
0,talk,50,10,2,Over
0,talk,51,10,3,Over
0,talk,52,10,1,Over
0,talk,53,10,5,Over
0,talk,54,10,4,Over
0,divine,5,1,HUMAN
1,status,1,POSSESSED,ALIVE,kanolab1
1,status,2,VILLAGER,ALIVE,kanolab3
1,status,3,VILLAGER,ALIVE,kanolab2
1,status,4,WEREWOLF,ALIVE,kanolab5
1,status,5,SEER,ALIVE,kanolab4
1,talk,0,0,3,>>Agent[03] Agent[03]さん、僕もだよ！
1,talk,1,0,2,Agent[05]が怪しいと思っているんだが、何か反論はあるかな？なんとか死なずに済んだが、Agent[05]は私を吊ろうとしたんだ。
1,talk,2,0,1,Agent[04]は偽物だよ！騙されないで！
1,talk,3,0,4,すみません！　皆さんと私では実行してる内容が違ったそうです！　つまり私は人狼を実行してました！　ですがこうしたうっかりは村人らしいですよね！他のセキュリトロンによると占い師に人狼判定を出されていると報告されています！
1,talk,4,0,5,占い師だと思えるのは１人だけです。Agent[04]は、占い師に見えます。
1,talk,5,1,2,Agent[02]はAgent[04]に白を出したよね。Agent[04]はAgent[05]に投票だね。
1,talk,6,1,3,Agent[01]に投票してくれないか？ふふっ。
1,talk,7,1,1,Agent[01]は村だと思う。なんとなくだが、本物の占い師として見ているよ。
1,talk,8,1,4,俺が人狼？嘘をつかないでくれ。
1,talk,9,1,5,何故か何度計算し直してもAgent[05]が人狼だとでてしまいます！　きっとこのプログラムが古いんでしょう！　後で新しいバージョンにアップデートしてきますね！他のセキュリトロンによると村人判定を非占いに出していないと報告されています！
1,talk,10,2,2,安心してください！　Agent[05]が人狼か？と聞かれてもYESとはいいません！　イエス、というだけです！会話履歴を見てみると誘導が多いと報告されています！
1,talk,11,2,5,Agent[04]は味方だと思うな。ふふふっ。
1,talk,12,2,1,私はAgent[04]のことを本物の占い師だと信じていますよ！　幸運を祈ってます！データバンクにアクセスしてみた結果村人判定を非占いに出していないと報告されています！
1,talk,13,2,4,Agent[01]は偽物だよ！騙されないで！今回は占い師2人進行だね。いつも通りの進行だね。
1,talk,14,2,3,Agent[01]はAgent[01]に白を、Agent[02]はAgent[01]に白を出したよね。Agent[01]はAgent[02]に投票で、Agent[04]はAgent[05]に投票だね。
1,talk,15,3,2,>>Agent[03] 貴方は人間だと信じてますよ、けれども貴方が人狼だという意見があるので、私はそれに賛同しなくてはなりません！　自分で止められるならそうしてます！他のセキュリトロンによると占い師に人狼判定を出されていて、占いに誘導していると報告されています！
1,talk,16,3,4,すみません！Agent[05]のデータ通信を解読してしまいました！　すると、残念ながら人狼とでましたよ！
1,talk,17,3,3,>>Agent[02] Agent[02]は狼だ。君たちにも信じて欲しい。
1,talk,18,3,5,みんなAgent[01]に投票してね。
1,talk,19,3,1,Agent[03]のことは信用してるよ。Agent[03]が真占いだという気がするんだ。
1,talk,20,4,5,Agent[04]さんが自称占い師で、Agent[04]さんが僕を白と言っていて、Agent[04]さんが襲撃されたから、Agent[03]さんかAgent[05]さんが人狼だと思うよ。
1,talk,21,4,1,安心してください！　Agent[05]が人狼か？と聞かれてもYESとはいいません！　イエス、というだけです！他のセキュリトロンによると占い師に人狼判定を出されていて、人狼判定を占いに出していないと報告されています！
1,talk,22,4,2,Agent[02]が追放されたね。Agent[01]が襲われてる！まだ人狼いるの！？
1,talk,23,4,4,>>Agent[04] ハッキングされているのでしょうか！？何故か貴方に投票されています！　私は人狼らしい人に投票するようにしただけなのに！会話履歴を見てみると占い師に人狼判定を出されていて、占い師に人狼判定を出されていると報告されています！
1,talk,24,4,3,Agent[02]が怪しいと思っているんだが、何か反論はあるかな？Agent[02]を黒だと判定した占い師がいるからね。
1,talk,25,5,4,私はAgent[04]のことを本物の占い師だと信じていますよ！　幸運を祈ってます！データバンクにアクセスしてみた結果村人判定を非占いに出していると報告されています！
1,talk,26,5,1,安心してください！　Agent[02]が人狼か？と聞かれてもYESとはいいません！　イエス、というだけです！会話履歴を見てみると占い師に人狼判定を出されていて、村人候補への無駄な誘導が平均より多いと報告されています！
1,talk,27,5,3,Agent[01]さんとAgent[05]さんが自称占い師で、Agent[05]さんがAgent[01]さんを白、Agent[01]さんがAgent[01]さんを白と言っていたから、Agent[05]さんが人狼だと思うよ。
1,talk,28,5,2,Agent[01]さんとAgent[04]さんが自称占い師で、Agent[01]さんがAgent[05]さんを白と言っていたから、Agent[01]さんが狂人だと思うよ。
1,talk,29,5,5,Agent[01]さんはこの私に人間判定、Agent[04]さんは村人のAgent[03]に人間判定、Agent[05]さんは占い師のAgent[05]に人狼判定を出しているようですね！　素晴らしい！
1,talk,30,6,4,>>Agent[05] そうだよね。Agent[01]は人狼だから投票しよう！
1,talk,31,6,1,安心してください！　Agent[05]が人狼か？と聞かれてもYESとはいいません！　イエス、というだけです！他のセキュリトロンによると占い師に人狼判定を出されていて、人狼判定を占いに出していないと報告されています！
1,talk,32,6,2,Agent[01]さんとAgent[04]さんが自称占い師で、Agent[01]さんがAgent[04]さんを黒と言っていたから、Agent[04]さんが人狼だと思うよ。
1,talk,33,6,5,安心してください！　Agent[01]が人狼か？と聞かれてもYESとはいいません！　イエス、というだけです！データバンクにアクセスしてみた結果占い師に人狼判定を出されていて、人狼判定を占いに出していないと報告されています！
1,talk,34,6,3,>>Agent[02] ありがとう。君のことは真寄りで見るよ。
1,talk,35,7,3,僕が占い師で、Agent[01]さんが自称占い師で、Agent[01]さんがAgent[05]さんを白と言っていたから、Agent[01]さんが人狼だと思うよ。
1,talk,36,7,4,>>Agent[04] Agent[04]は他の運び屋と違い、占い師に人狼判定を出されていて、占いに誘導していると報告されています！
1,talk,37,7,5,>>Agent[05] Agent[02]は他の運び屋と違い、村人判定を占いに出していないと報告されています！
1,talk,38,7,1,Agent[03]が対抗か。皆、騙されるなよ。
1,talk,39,7,2,Agent[04]は村だと思う。ふふふっ。
1,talk,40,8,5,Agent[02]が狂人な気がする。
1,talk,41,8,2,>>Agent[01] Agent[05]は他の運び屋と違い、占いCOしていないと報告されています！
1,talk,42,8,1,>>Agent[05] Agent[02]を狂人だと思うの？んーどうだろう。
1,talk,43,8,4,見た感じ、Agent[03]に一票です。
1,talk,44,8,3,>>Agent[02] 私は狼じゃないぞ。もしかして君は狂人か？
1,talk,45,9,4,わたくしは占い師ではないですのよ。
1,talk,46,9,3,>>Agent[02] 君はAgent[01]のことをどう思っているのかな。
1,talk,47,9,5,Agent[03]さんは村人のAgent[01]に人狼判定、Agent[05]さんは占い師のAgent[03]に人間判定を出すなんて私には出来ません！　参考になります！
1,talk,48,9,1,>>Agent[02] Agent[02]を吊りましょう。ここが一番怪しいです。
1,talk,49,9,2,>>Agent[05] Agent[05]さん、きみは誰が狂人だと思いますか？
1,talk,50,10,1,Over
1,talk,51,10,4,Over
1,talk,52,10,3,Over
1,talk,53,10,2,Over
1,talk,54,10,5,Over
1,vote,1,2
1,vote,2,5
1,vote,3,2
1,vote,4,5
1,vote,5,1
1,vote,1,4
1,vote,2,3
1,vote,3,1
1,vote,4,2
1,vote,5,3
1,execute,3,VILLAGER
1,divine,5,1,HUMAN
1,attack,5,true
2,status,1,POSSESSED,ALIVE,kanolab1
2,status,2,VILLAGER,ALIVE,kanolab3
2,status,3,VILLAGER,DEAD,kanolab2
2,status,4,WEREWOLF,ALIVE,kanolab5
2,status,5,SEER,DEAD,kanolab4
2,talk,0,0,1,Agent[03]は村だと思う。私の直感は当たるんだ。
2,talk,1,0,4,>>Agent[01] 素晴らしい！
2,talk,2,0,2,>>Agent[01] ハッキングされているのでしょうか！？何故か貴方に投票されています！　私は人狼らしい人に投票するようにしただけなのに！会話履歴を見てみると占いCOしていると報告されています！
2,talk,3,1,2,僕が占い師で、Agent[01]さんが自称占い師で、Agent[01]さんがAgent[01]さんを白と言っていたから、Agent[01]さんが狂人だと思うよ。
2,talk,4,1,1,私はAgent[04]のことを本物の占い師だと信じていますよ！　幸運を祈ってます！他のセキュリトロンによると誘導が多いと報告されています！
2,talk,5,1,4,こんにちは！　Agent[01]　人狼生活がエンジョイ出来ているようでとても羨ましいです！データバンクにアクセスしてみた結果村人候補への無駄な誘導が平均より多いと報告されています！
2,talk,6,2,2,>>Agent[05] さあ！　みんなで投票して派手に退場してもらいましょう！　人狼がいない世界！　それこそグレートです！他のセキュリトロンによると占いに誘導していると報告されています！
2,talk,7,2,4,>>Agent[02] 一番好感度が低いのはAgent[03]だよ。狼に投票するのは当然だろう。
2,talk,8,2,1,>>Agent[05] Agent[01]は他の運び屋と違い、占い師に人狼判定を出されていると報告されています！
2,talk,9,3,4,>>Agent[02] Agent[02]は誰を処刑したいですか？
2,talk,10,3,2,Agent[03]がAgent[01]に人間判定、Agent[01]がAgent[03]に人狼判定ですね。
2,talk,11,3,1,Agent[05]はひょっとするとKanolabさんですか。
2,talk,12,4,2,こんな事を言うのはなんですが、私は・・・狂人なんです！　つまり村人を吊るし人狼を勝利に導くようにプログラムされています！　けれども自分の意志じゃありません！会話履歴を見てみると占いに誘導していると報告されています！
2,talk,13,4,4,>>Agent[01] Agent[05]は他の運び屋と違い、占い師に人狼判定を出されていて、占いCOしていないと報告されています！
2,talk,14,4,1,考えが変わりました。Agent[01]が人狼のような気がします。
2,talk,15,5,2,>>Agent[03] 今なんて言った？
2,talk,16,5,1,俺はAgent[02]を占うつもりだな。
2,talk,17,5,4,>>Agent[02] Agent[05]は他の運び屋と違い、占いCOしていないと報告されています！
2,talk,18,6,1,何故か何度計算し直してもAgent[01]が人狼だとでてしまいます！　きっとこのプログラムが古いんでしょう！　後で新しいバージョンにアップデートしてきますね！データバンクにアクセスしてみた結果占い師に人狼判定を出されていて、人狼判定を占いに出していないと報告されています！
2,talk,19,6,4,どうしましょう？
2,talk,20,6,2,安心してください！　Agent[05]が人狼か？と聞かれてもYESとはいいません！　イエス、というだけです！
2,talk,21,7,1,私はAgent[05]のことを本物の占い師だと信じていますよ！　幸運を祈ってます！会話履歴を見てみると占い師に人狼判定を出されていて、誘導が少ないと報告されています！
2,talk,22,7,2,>>Agent[04] Agent[04]さん、僕が占い師です！　きみが人狼なんですか！？
2,talk,23,7,4,こんにちは。お手柔らかにお願いしますね。
2,talk,24,8,2,>>Agent[01] 同じ人同士で疑い合うというのは実に人間らしいへんな行為ですよね！　さあ貴方がAgent[05]を疑う理由をどうぞ！
2,talk,25,8,1,私はAgent[03]のことを本物の占い師だと信じていますよ！　幸運を祈ってます！会話履歴を見てみると占いCOしていないと報告されています！
2,talk,26,8,4,>>Agent[02] 人を疑うというのはとても体力を消耗するらしいですが私はロボットなので関係ありません！　疑い先を安心して話してください！
2,talk,27,9,1,Agent[02]のことは信用してるよ。Agent[02]は真寄りで見ているよ。
2,talk,28,9,2,>>Agent[05] いや、それは良くないと思う。
2,talk,29,9,4,こんにちは！　Agent[04]　人狼生活がエンジョイ出来ているようでとても羨ましいです！データバンクにアクセスしてみた結果人狼判定を非占いに出していると報告されています！
2,talk,30,10,2,Over
2,talk,31,10,4,Over
2,talk,32,10,1,Over
2,vote,1,4
2,vote,2,1
2,vote,4,2
2,vote,1,2
2,vote,2,4
2,vote,4,1
2,execute,4,WEREWOLF
3,status,1,POSSESSED,ALIVE,kanolab1
3,status,2,VILLAGER,ALIVE,kanolab3
3,status,3,VILLAGER,DEAD,kanolab2
3,status,4,WEREWOLF,DEAD,kanolab5
3,status,5,SEER,DEAD,kanolab4
3,result,2,0,VILLAGER
