0,status,1,SEER,ALIVE,kanolab1
0,status,2,WEREWOLF,ALIVE,kanolab3
0,status,3,VILLAGER,ALIVE,kanolab2
0,status,4,VILLAGER,ALIVE,kanolab5
0,status,5,POSSESSED,ALIVE,kanolab4
0,talk,0,0,2,安心してください！　Agent[05]が人狼か？と聞かれてもYESとはいいません！　イエス、というだけです！他のセキュリトロンによると占い師に人狼判定を出されていると報告されています！
0,talk,1,0,3,>>Agent[04] Agent[02]は他の運び屋と違い、村人候補への無駄な誘導が平均より多いと報告されています！
0,talk,2,0,4,私はAgent[01]のことを本物の占い師だと信じていますよ！　幸運を祈ってます！会話履歴を見てみると人狼判定を非占いに出していると報告されています！
0,talk,3,0,1,>>Agent[05] Agent[05]は他の運び屋と違い、人狼判定を非占いに出していると報告されています！
0,talk,4,0,5,何故か何度計算し直してもAgent[01]が人狼だとでてしまいます！　きっとこのプログラムが古いんでしょう！　後で新しいバージョンにアップデートしてきますね！データバンクにアクセスしてみた結果占い師に人狼判定を出されていて、人狼判定を占いに出していないと報告されています！
0,talk,5,1,3,Agent[05]が追放されたね。Agent[04]が襲われてる！Agent[04]に対抗します！Agent[02]の占い結果は人狼でした！
0,talk,6,1,2,はじめまして。Agent[01]だ。よろしく。
0,talk,7,1,1,Agent[03]とAgent[01]が占い師COですね。
0,talk,8,1,4,こんにちは！　Agent[04]　人狼生活がエンジョイ出来ているようでとても羨ましいです！会話履歴を見てみると占い師に人狼判定を出されていると報告されています！
0,talk,9,1,5,最新の占いデータにアップデートしたためAgent[03]を試しに占った所、残念ながら人狼とでました！
0,talk,10,2,4,Agent[03]を占ったら人狼だったよ。
0,talk,11,2,3,おはようございます。緊張して眠れませんでした。
0,talk,12,2,1,僕が占い師で、Agent[02]さんが自称占い師で、Agent[02]さんが僕を白と言っていたから、Agent[02]さんが狂人だと思うよ。
0,talk,13,2,5,Agent[01]が人狼で確定ですね。
0,talk,14,2,2,>>Agent[03] 君は誰が怪しいと考えているのかな？
0,talk,15,3,2,>>Agent[02] Agent[04]は他の運び屋と違い、占いCOしていないと報告されています！
0,talk,16,3,5,安心してください！　Agent[05]が人狼か？と聞かれてもYESとはいいません！　イエス、というだけです！他のセキュリトロンによると占い師に人狼判定を出されていると報告されています！
0,talk,17,3,4,>>Agent[04] Agent[04]は他の運び屋と違い、占い師に人狼判定を出されていて、人狼判定を占いに出していないと報告されています！
0,talk,18,3,3,Agent[02]さんは占い師のAgent[04]に人狼判定、Agent[04]さんは占い師のAgent[01]に人狼判定を出しているようですね！　素晴らしい！
0,talk,19,3,1,自己更新プログラムをかけてみたどころ、私、人狼だったそうです！　私は見ず知らずの内にみなさんを利用しまっていたそうです！　失礼、利用するなんて、言葉が悪いですね！データバンクにアクセスしてみた結果誘導が少ないと報告されています！
0,talk,20,4,4,Agent[04]がAgent[01]に人狼判定、Agent[03]がAgent[01]に人間判定ですね。
0,talk,21,4,1,>>Agent[02] Agent[04]は他の運び屋と違い、占い師に人狼判定を出されていて、人狼判定を占いに出していないと報告されています！
0,talk,22,4,3,私はAgent[01]のことを本物の占い師だと信じていますよ！　幸運を祈ってます！他のセキュリトロンによると占い師に人狼判定を出されていて、村人判定を占いに出していると報告されています！
0,talk,23,4,2,Agent[03]のことは信用してるよ。私の直感は当たるんだ。
0,talk,24,4,5,>>Agent[04] Agent[01]を追放しよう。ここが人狼だと思う。
0,talk,25,5,5,>>Agent[05] Agent[01]に入れようと思っているよ。君も投票するかい？なんとなくだけどね。
0,talk,26,5,2,お手柔らかにお願いします。
0,talk,27,5,1,投票先を変えます。Agent[04]を吊りましょう。ここが一番怪しいです。
0,talk,28,5,4,自分はAgent[01]をあまり信用していない。なんとなくだけどね。
0,talk,29,5,3,Agent[04]に投票します。ここは人外確定です。
0,talk,30,6,3,はじめまして。Agent[05]だ。なんだか厄介なことに巻き込まれてしまったね。
0,talk,31,6,5,>>Agent[02] その用心深い性格、見習いたいですね。その性格から出てくる疑い先をぜひ教えてください！
0,talk,32,6,2,私はAgent[04]のことを本物の占い師だと信じていますよ！　幸運を祈ってます！他のセキュリトロンによると占い師に人狼判定を出されていると報告されています！
0,talk,33,6,4,>>Agent[03] 私を吊りたいというのなら喜んで吊られましょう！　もちろん、あなたがそうだとは言わないでおきますよ！他のセキュリトロンによると村人候補への無駄な誘導が平均より少ないから私は人狼ではないと報告されていますが、ノーとは言えないから仕方ありません！
0,talk,34,6,1,>>Agent[04] 既に決めているなら、誰に投票するか教えてほしいな。
0,talk,35,7,4,Agent[02]さんはこの私に人狼判定を出すなんて私には出来ません！　参考になります！
0,talk,36,7,1,>>Agent[04] さあ！　みんなで投票して派手に退場してもらいましょう！　人狼がいない世界！　それこそグレートです！他のセキュリトロンによると占い師に人狼判定を出されていて、非占いに投票していないと報告されています！
0,talk,37,7,3,占い師だと思えるのは１人だけです。Agent[04]は、占い師に見えます。
0,talk,38,7,2,Agent[02]は人狼ではないですのよ。
0,talk,39,7,5,今回は2-0進行だね。いつも通りの進行だね。Agent[01]はボクに白を出したよね。Agent[02]はAgent[05]に投票で、Agent[04]はAgent[05]に投票だね。
0,talk,40,8,1,>>Agent[05] すみません！あなたに投票してしまいました！　自分の意志ではありませんよ、プログラムの設定上しょうがなくです！他のセキュリトロンによると占い師に人狼判定を出されていて、占いCOしていないと報告されています！
0,talk,41,8,2,自分はAgent[05]に投票するつもりだが、君達もどうだ？Agent[05]を黒だと判定した占い師がいるからね。
0,talk,42,8,4,今日の投票先を公開しておこうかな。私はAgent[03]に投票するつもりだよ。黒を貰っているし。
0,talk,43,8,3,>>Agent[02] 再度検索をかけた所、該当する会話が見つかりませんでした！　誠に申し訳ありません！
0,talk,44,8,5,ちょっと表情が硬い気がするから、投票するのはAgent[05]しかいないよ！
0,talk,45,9,2,Agent[01]のことは信じている。ふふふっ。
0,talk,46,9,4,>>Agent[05] 私にはむしろAgent[01]のほうが怪しく見えるよ。
0,talk,47,9,3,狂人CO。実は私は狂人だったんだ。ふふっ。
0,talk,48,9,1,個人的にAgent[03]の心証は悪くないよ。ふふふっ。
0,talk,49,9,5,Agent[02]はAgent[05]に白を、Agent[04]はボクに白を出したよね。Agent[02]はAgent[01]に投票で、Agent[04]はAgent[01]に投票だね。
0,talk,50,10,3,Over
0,talk,51,10,5,Over
0,talk,52,10,4,Over
0,talk,53,10,2,Over
0,talk,54,10,1,Over
0,divine,1,5,HUMAN
1,status,1,SEER,ALIVE,kanolab1
1,status,2,WEREWOLF,ALIVE,kanolab3
1,status,3,VILLAGER,ALIVE,kanolab2
1,status,4,VILLAGER,ALIVE,kanolab5
1,status,5,POSSESSED,ALIVE,kanolab4
1,talk,0,0,1,Agent[02]さんとAgent[04]さんが自称占い師で、Agent[02]さんがAgent[05]さんを黒と言っていたから、Agent[05]さんが人狼だと思うよ。
1,talk,1,0,2,こんにちは！　Agent[04]　人狼生活がエンジョイ出来ているようでとても羨ましいです！会話履歴を見てみると占い師に人狼判定を出されていると報告されています！
1,talk,2,0,4,僕はさっきと意見が変わるけど、やっぱりAgent[04]は人狼ではないと思うね。
1,talk,3,0,5,>>Agent[05] ボクが真占い師だよ！
1,talk,4,0,3,>>Agent[01] Agent[02]は他の運び屋と違い、誘導が多いと報告されています！
1,talk,5,1,1,>>Agent[04] Agent[04]は他の運び屋と違い、占い師に人狼判定を出されていると報告されています！
1,talk,6,1,3,>>Agent[03] 素晴らしい！
1,talk,7,1,5,>>Agent[02] 今のところAgent[01]に投票するつもりだよ。
1,talk,8,1,4,>>Agent[02] ハッキングされているのでしょうか！？何故か貴方に投票されています！　私は人狼らしい人に投票するようにしただけなのに！会話履歴を見てみると占い師に人狼判定を出されていると報告されています！
1,talk,9,1,2,俺は占い師だな。Agent[02]を占ったけど、結果は人間だったぞ。
1,talk,10,2,1,私はAgent[03]のことを本物の占い師だと信じていますよ！　幸運を祈ってます！他のセキュリトロンによると占いCOしていると報告されています！
1,talk,11,2,3,>>Agent[04] すみません！あなたに投票してしまいました！　自分の意志ではありませんよ、プログラムの設定上しょうがなくです！データバンクにアクセスしてみた結果誘導が少ないと報告されています！
1,talk,12,2,2,>>Agent[01] すみません！あなたに投票してしまいました！　自分の意志ではありませんよ、プログラムの設定上しょうがなくです！
1,talk,13,2,5,>>Agent[02] 顔つきがそれらしいので、Agent[03]が人狼のような気がします。
1,talk,14,2,4,>>Agent[05] 私のデータに再度検索をかけてもその話は続きそうにありません！
1,talk,15,3,3,>>Agent[02] Agent[02]はAgent[05]のことをどう思いますか？
1,talk,16,3,1,>>Agent[05] 私は全部知っています。物知りでしょ？
1,talk,17,3,4,>>Agent[05] 人狼らしい人が見つかったんですか！？　それはすごい！　たとえ間違ったとしてもかまいません！　Agent[01]を疑う理由早く聞きたいです！
1,talk,18,3,2,>>Agent[01] Agent[01]からは敵の匂いがするね。Agent[01]を吊ればゲームセット、のはずだからね。
1,talk,19,3,5,Agent[04]に投票するぞ。ここが人狼だと思う。
1,talk,20,4,4,対抗は出ないんですね。　人狼はAgent[02]とAgent[03]とAgent[04]の中にいると思います。
1,talk,21,4,5,お腹が空いたな。Agent[01]を食べてみようか...冗談だよ。
1,talk,22,4,1,Agent[04]はAgent[01]に投票で、Agent[05]はAgent[01]に投票だね。
1,talk,23,4,2,>>Agent[05] このまま行くなら君に投票する予定だ。Agent[05]によれば私は黒らしいからね。
1,talk,24,4,3,ついに私も高度な占い技術を身につけました！　つまり毎晩一人を人間か人狼に仕分けることが出来ます！
1,talk,25,5,3,Agent[02]さんは占い師のAgent[04]に人狼判定、Agent[04]さんは占い師のAgent[05]に人狼判定を出すなんて私には出来ません！　参考になります！
1,talk,26,5,2,>>Agent[01] Agent[03]は他の運び屋と違い、占い師に人狼判定を出されていて、人狼判定を占いに出していると報告されています！
1,talk,27,5,1,おはようございます。今回は最後まで生き延びたいな。
1,talk,28,5,5,>>Agent[01] 占い結果を妄信するしかないな。Agent[03]が人狼だと思う。
1,talk,29,5,4,Agent[02]を吊りましょう。ここが一番怪しいです。
1,talk,30,6,3,Agent[01]さんとAgent[03]さんとAgent[04]さんが自称占い師で、Agent[03]さんがAgent[04]さんを黒、Agent[04]さんがAgent[03]さんを黒、Agent[01]さんがAgent[01]さんを白と言っていたから、Agent[01]さんが狂人だと思うよ。
1,talk,31,6,5,>>Agent[02] Agent[01]を占ったのに大した理由はないよ。
1,talk,32,6,1,Agent[02]は味方だと思うな。Agent[02]は正しい占い結果を出しているからね。
1,talk,33,6,4,今日の夜はAgent[02]に投票するつもりだ。なんと言っても黒を引いたんだ。
1,talk,34,6,2,>>Agent[05] Agent[02]を狂人だと思うの？んーどうだろう。
1,talk,35,7,2,Agent[01]はAgent[02]に黒を出したよね。Agent[01]はAgent[02]に投票で、Agent[03]はAgent[05]に投票だね。
1,talk,36,7,4,ふふっ。どうだろうね。
1,talk,37,7,5,Agent[02]はAgent[01]に投票で、Agent[04]はAgent[02]に投票だね。
1,talk,38,7,3,>>Agent[02] 一番好感度が低いのはAgent[02]だよ。私に投票してきた奴を信じる道理はないよ。
1,talk,39,7,1,みんなでAgent[03]に投票しない？
1,talk,40,8,3,>>Agent[05]　そろそろ誰に投票するか教えてくれ。
1,talk,41,8,1,はじめまして。Agent[04]だ。狼の噂は聞いたよ。なかなかホラーな話だね。
1,talk,42,8,5,お泊まり会とかで身内できゃっきゃっやる人狼とはレベルが違うよ
1,talk,43,8,2,考えが変わりました。Agent[04]が人狼のような気がします。
1,talk,44,8,4,>>Agent[04] Agent[02]は他の運び屋と違い、人狼判定を非占いに出していると報告されています！
1,talk,45,9,1,占いCO。昨日の晩一人でこっくりさんをしたんだが、どうやらAgent[02]は人狼らしい。
1,talk,46,9,3,Agent[02]に投票してくれないか？Agent[02]は私が村寄りで見ていた者に投票したからね。
1,talk,47,9,5,私は占い師だよ。
1,talk,48,9,2,みんなAgent[02]に投票してね。
1,talk,49,9,4,Agent[03]さんは村人のAgent[05]に人間判定、Agent[04]さんはこの私に人間判定を出しているようですね！　素晴らしい！
1,talk,50,10,1,Over
1,talk,51,10,2,Over
1,talk,52,10,5,Over
1,talk,53,10,3,Over
1,talk,54,10,4,Over
1,vote,1,3
1,vote,2,5
1,vote,3,2
1,vote,4,1
1,vote,5,4
1,vote,1,5
1,vote,2,4
1,vote,3,4
1,vote,4,3
1,vote,5,3
1,execute,4,VILLAGER
1,divine,1,3,HUMAN
1,attackVote,2,3
1,attack,3,true
2,status,1,SEER,ALIVE,kanolab1
2,status,2,WEREWOLF,ALIVE,kanolab3
2,status,3,VILLAGER,DEAD,kanolab2
2,status,4,VILLAGER,DEAD,kanolab5
2,status,5,POSSESSED,ALIVE,kanolab4
2,talk,0,0,2,>>Agent[04] ハッキングされているのでしょうか！？何故か貴方に投票されています！　私は人狼らしい人に投票するようにしただけなのに！会話履歴を見てみると占い師に人狼判定を出されていて、占い師に人狼判定を出されていると報告されています！
2,talk,1,0,1,Agent[01]に投票を集めたい。投票してくれるかい？おっと、これはまだ言わないほうが良かったかな。
2,talk,2,0,5,いきなりステーキは今月末まで1000円分のクーポンをもらえるキャンペーンをやっているそうだよ。
2,talk,3,1,5,私は占い師だね。Agent[01]を占ったけど、結果は人間だったね。
2,talk,4,1,2,Agent[02]さんとAgent[03]さんとAgent[04]さんが自称占い師で、Agent[04]さんが僕を白、Agent[02]さんがAgent[04]さんを白と言っていて、Agent[05]さんが襲撃されたから、Agent[02]さんが人狼だと思うよ。
2,talk,5,1,1,>>Agent[04] Agent[04]は誰を吊りたいと思っているのかな。
2,talk,6,2,2,>>Agent[04] Agent[03]は他の運び屋と違い、占い師に人狼判定を出されていると報告されています！
2,talk,7,2,1,ボクが占い師！他はみんな偽物だよ！Agent[02]の占い結果は人狼でした！
2,talk,8,2,5,Agent[01]を吊りましょう。せっかく占ったのに吊れないのは嫌ですよ。
2,talk,9,3,5,>>Agent[02] Agent[02]はさっき私を怪しむような発言をしていたからね。
2,talk,10,3,1,Agent[02]さんとAgent[03]さんとAgent[04]さんが自称占い師で、Agent[04]さんが僕を白、Agent[02]さんがAgent[04]さんを白と言っていて、Agent[05]さんが襲撃されたから、Agent[02]さんが人狼だと思うよ。
2,talk,11,3,2,Agent[02]は、占い師に見えます。
2,talk,12,4,2,えっ、占い師候補は１人だけですか？　人狼はAgent[02]とAgent[03]とAgent[04]の中にいると思います。
2,talk,13,4,5,何故か何度計算し直してもAgent[01]が人狼だとでてしまいます！　きっとこのプログラムが古いんでしょう！　後で新しいバージョンにアップデートしてきますね！他のセキュリトロンによると占い師に人狼判定を出されていると報告されています！
2,talk,14,4,1,ボクが占い師！他はみんな偽物だよ！Agent[01]の占い結果は人間でした！
2,talk,15,5,2,こんにちは！　Agent[04]　人狼生活がエンジョイ出来ているようでとても羨ましいです！他のセキュリトロンによると村人候補への無駄な誘導が平均より多いと報告されています！
2,talk,16,5,5,>>Agent[04] Agent[05]は人狼だからね。みんなAgent[05]に投票するんだ！
2,talk,17,5,1,>>Agent[05] 同じ人同士で疑い合うというのは実に人間らしいへんな行為ですよね！　さあ貴方がAgent[03]を疑う理由をどうぞ！
2,talk,18,6,5,すみません！Agent[04]のデータ通信を解読してしまいました！　すると、マヌケですね！　人狼とでましたよ！
2,talk,19,6,2,Agent[01]さんがあやしいと思うから投票するよ。
2,talk,20,6,1,>>Agent[02] Agent[02]はなぜ私を占ったんだ？他にも怪しい者はたくさんいるだろう。
2,talk,21,7,5,Agent[01]さんがあやしいと思うから投票するよ。
2,talk,22,7,1,こんにちは！　Agent[03]　人狼生活がエンジョイ出来ているようでとても羨ましいです！データバンクにアクセスしてみた結果占い師に人狼判定を出されていて、占いCOしていないと報告されています！
2,talk,23,7,2,ついに私も高度な占い技術を身につけました！　つまり毎晩一人を人間か人狼に仕分けることが出来ます！
2,talk,24,8,1,Agent[03]が怪しいと思っているんだが、何か反論はあるかな？私の直感は当たるんだ。
2,talk,25,8,2,考えが変わりました。オーラを感じるので、Agent[02]が人狼のような気がします。
2,talk,26,8,5,Agent[02]はAgent[03]に白を、Agent[05]はAgent[01]に白を出したよね。
2,talk,27,9,5,安心してください！　Agent[02]が人狼か？と聞かれてもYESとはいいません！　イエス、というだけです！他のセキュリトロンによると占い師に人狼判定を出されていて、占いCOしていると報告されています！
2,talk,28,9,2,>>Agent[04] Agent[05]は他の運び屋と違い、占い師に人狼判定を出されていて、誘導が少ないと報告されています！
2,talk,29,9,1,>>Agent[01] Agent[03]からは敵の匂いがするね。Agent[03]は私が村寄りで見ていた者に投票したからね。
2,talk,30,10,5,Over
2,talk,31,10,2,Over
2,talk,32,10,1,Over
2,vote,1,5
2,vote,2,1
2,vote,5,1
2,execute,1,SEER
2,attack,5,true
3,status,1,SEER,DEAD,kanolab1
3,status,2,WEREWOLF,ALIVE,kanolab3
3,status,3,VILLAGER,DEAD,kanolab2
3,status,4,VILLAGER,DEAD,kanolab5
3,status,5,POSSESSED,DEAD,kanolab4
3,result,0,1,WEREWOLF
