kanolab4(Agent[01]:SEER)_[Request:TALK] lostConnection
net.kanolab.aiwolf.server.common.NLPAIWolfConnection.catchException(NLPAIWolfConnection.java:160)
net.kanolab.aiwolf.server.server.AbstractNLPServer.catchException(AbstractNLPServer.java:73)
net.kanolab.aiwolf.server.server.AbstractNLPServer.send(AbstractNLPServer.java:247)
net.kanolab.aiwolf.server.server.AbstractNLPServer.getResponse(AbstractNLPServer.java:93)
net.kanolab.aiwolf.server.server.NLPCUIGameServer.request(NLPCUIGameServer.java:59)
net.kanolab.aiwolf.server.server.NLPCUIGameServer.requestTalk(NLPCUIGameServer.java:102)
org.aiwolf.server.AIWolfGame.talk(AIWolfGame.java:631)
org.aiwolf.server.AIWolfGame.day(AIWolfGame.java:424)
org.aiwolf.server.AIWolfGame.start(AIWolfGame.java:240)
net.kanolab.aiwolf.server.game.SynchronousNLPAIWolfGame.start(SynchronousNLPAIWolfGame.java:45)
net.kanolab.aiwolf.server.starter.NLPGameBuilder.run(NLPGameBuilder.java:270)
class java.net.SocketException : Broken pipe
java.base/sun.nio.ch.NioSocketImpl.implWrite(NioSocketImpl.java:420)
java.base/sun.nio.ch.NioSocketImpl.write(NioSocketImpl.java:440)
java.base/sun.nio.ch.NioSocketImpl$2.write(NioSocketImpl.java:826)
java.base/java.net.Socket$SocketOutputStream.write(Socket.java:1035)
java.base/sun.nio.cs.StreamEncoder.writeBytes(StreamEncoder.java:234)
java.base/sun.nio.cs.StreamEncoder.implFlushBuffer(StreamEncoder.java:313)
java.base/sun.nio.cs.StreamEncoder.implFlush(StreamEncoder.java:318)
java.base/sun.nio.cs.StreamEncoder.flush(StreamEncoder.java:160)
java.base/java.io.OutputStreamWriter.flush(OutputStreamWriter.java:248)
java.base/java.io.BufferedWriter.flush(BufferedWriter.java:257)
net.kanolab.aiwolf.server.server.AbstractNLPServer.send(AbstractNLPServer.java:245)
net.kanolab.aiwolf.server.server.AbstractNLPServer.getResponse(AbstractNLPServer.java:93)
net.kanolab.aiwolf.server.server.NLPCUIGameServer.request(NLPCUIGameServer.java:59)
net.kanolab.aiwolf.server.server.NLPCUIGameServer.requestTalk(NLPCUIGameServer.java:102)
org.aiwolf.server.AIWolfGame.talk(AIWolfGame.java:631)
org.aiwolf.server.AIWolfGame.day(AIWolfGame.java:424)
org.aiwolf.server.AIWolfGame.start(AIWolfGame.java:240)
net.kanolab.aiwolf.server.game.SynchronousNLPAIWolfGame.start(SynchronousNLPAIWolfGame.java:45)
net.kanolab.aiwolf.server.starter.NLPGameBuilder.run(NLPGameBuilder.java:270)
kanolab2(Agent[02]:VILLAGER)_[Request:TALK] lostConnection
net.kanolab.aiwolf.server.common.NLPAIWolfConnection.catchException(NLPAIWolfConnection.java:160)
net.kanolab.aiwolf.server.server.AbstractNLPServer.catchException(AbstractNLPServer.java:73)
net.kanolab.aiwolf.server.server.AbstractNLPServer.send(AbstractNLPServer.java:247)
net.kanolab.aiwolf.server.server.AbstractNLPServer.getResponse(AbstractNLPServer.java:93)
net.kanolab.aiwolf.server.server.NLPCUIGameServer.request(NLPCUIGameServer.java:59)
net.kanolab.aiwolf.server.server.NLPCUIGameServer.requestTalk(NLPCUIGameServer.java:102)
org.aiwolf.server.AIWolfGame.talk(AIWolfGame.java:631)
org.aiwolf.server.AIWolfGame.day(AIWolfGame.java:424)
org.aiwolf.server.AIWolfGame.start(AIWolfGame.java:240)
net.kanolab.aiwolf.server.game.SynchronousNLPAIWolfGame.start(SynchronousNLPAIWolfGame.java:45)
net.kanolab.aiwolf.server.starter.NLPGameBuilder.run(NLPGameBuilder.java:270)
class java.net.SocketException : Broken pipe
java.base/sun.nio.ch.NioSocketImpl.implWrite(NioSocketImpl.java:420)
java.base/sun.nio.ch.NioSocketImpl.write(NioSocketImpl.java:440)
java.base/sun.nio.ch.NioSocketImpl$2.write(NioSocketImpl.java:826)
java.base/java.net.Socket$SocketOutputStream.write(Socket.java:1035)
java.base/sun.nio.cs.StreamEncoder.writeBytes(StreamEncoder.java:234)
java.base/sun.nio.cs.StreamEncoder.implFlushBuffer(StreamEncoder.java:313)
java.base/sun.nio.cs.StreamEncoder.implFlush(StreamEncoder.java:318)
java.base/sun.nio.cs.StreamEncoder.flush(StreamEncoder.java:160)
java.base/java.io.OutputStreamWriter.flush(OutputStreamWriter.java:248)
java.base/java.io.BufferedWriter.flush(BufferedWriter.java:257)
net.kanolab.aiwolf.server.server.AbstractNLPServer.send(AbstractNLPServer.java:245)
net.kanolab.aiwolf.server.server.AbstractNLPServer.getResponse(AbstractNLPServer.java:93)
net.kanolab.aiwolf.server.server.NLPCUIGameServer.request(NLPCUIGameServer.java:59)
net.kanolab.aiwolf.server.server.NLPCUIGameServer.requestTalk(NLPCUIGameServer.java:102)
org.aiwolf.server.AIWolfGame.talk(AIWolfGame.java:631)
org.aiwolf.server.AIWolfGame.day(AIWolfGame.java:424)
org.aiwolf.server.AIWolfGame.start(AIWolfGame.java:240)
net.kanolab.aiwolf.server.game.SynchronousNLPAIWolfGame.start(SynchronousNLPAIWolfGame.java:45)
net.kanolab.aiwolf.server.starter.NLPGameBuilder.run(NLPGameBuilder.java:270)
kanolab1(Agent[04]:POSSESSED)_[Request:TALK] lostConnection
net.kanolab.aiwolf.server.common.NLPAIWolfConnection.catchException(NLPAIWolfConnection.java:160)
net.kanolab.aiwolf.server.server.AbstractNLPServer.catchException(AbstractNLPServer.java:73)
net.kanolab.aiwolf.server.server.AbstractNLPServer.send(AbstractNLPServer.java:247)
net.kanolab.aiwolf.server.server.AbstractNLPServer.getResponse(AbstractNLPServer.java:93)
net.kanolab.aiwolf.server.server.NLPCUIGameServer.request(NLPCUIGameServer.java:59)
net.kanolab.aiwolf.server.server.NLPCUIGameServer.requestTalk(NLPCUIGameServer.java:102)
org.aiwolf.server.AIWolfGame.talk(AIWolfGame.java:631)
org.aiwolf.server.AIWolfGame.day(AIWolfGame.java:424)
org.aiwolf.server.AIWolfGame.start(AIWolfGame.java:240)
net.kanolab.aiwolf.server.game.SynchronousNLPAIWolfGame.start(SynchronousNLPAIWolfGame.java:45)
net.kanolab.aiwolf.server.starter.NLPGameBuilder.run(NLPGameBuilder.java:270)
class java.net.SocketException : Broken pipe
java.base/sun.nio.ch.NioSocketImpl.implWrite(NioSocketImpl.java:420)
java.base/sun.nio.ch.NioSocketImpl.write(NioSocketImpl.java:440)
java.base/sun.nio.ch.NioSocketImpl$2.write(NioSocketImpl.java:826)
java.base/java.net.Socket$SocketOutputStream.write(Socket.java:1035)
java.base/sun.nio.cs.StreamEncoder.writeBytes(StreamEncoder.java:234)
java.base/sun.nio.cs.StreamEncoder.implFlushBuffer(StreamEncoder.java:313)
java.base/sun.nio.cs.StreamEncoder.implFlush(StreamEncoder.java:318)
java.base/sun.nio.cs.StreamEncoder.flush(StreamEncoder.java:160)
java.base/java.io.OutputStreamWriter.flush(OutputStreamWriter.java:248)
java.base/java.io.BufferedWriter.flush(BufferedWriter.java:257)
net.kanolab.aiwolf.server.server.AbstractNLPServer.send(AbstractNLPServer.java:245)
net.kanolab.aiwolf.server.server.AbstractNLPServer.getResponse(AbstractNLPServer.java:93)
net.kanolab.aiwolf.server.server.NLPCUIGameServer.request(NLPCUIGameServer.java:59)
net.kanolab.aiwolf.server.server.NLPCUIGameServer.requestTalk(NLPCUIGameServer.java:102)
org.aiwolf.server.AIWolfGame.talk(AIWolfGame.java:631)
org.aiwolf.server.AIWolfGame.day(AIWolfGame.java:424)
org.aiwolf.server.AIWolfGame.start(AIWolfGame.java:240)
net.kanolab.aiwolf.server.game.SynchronousNLPAIWolfGame.start(SynchronousNLPAIWolfGame.java:45)
net.kanolab.aiwolf.server.starter.NLPGameBuilder.run(NLPGameBuilder.java:270)
kanolab5(Agent[05]:WEREWOLF)_[Request:TALK] lostConnection
net.kanolab.aiwolf.server.common.NLPAIWolfConnection.catchException(NLPAIWolfConnection.java:160)
net.kanolab.aiwolf.server.server.AbstractNLPServer.catchException(AbstractNLPServer.java:73)
net.kanolab.aiwolf.server.server.AbstractNLPServer.send(AbstractNLPServer.java:247)
net.kanolab.aiwolf.server.server.AbstractNLPServer.getResponse(AbstractNLPServer.java:93)
net.kanolab.aiwolf.server.server.NLPCUIGameServer.request(NLPCUIGameServer.java:59)
net.kanolab.aiwolf.server.server.NLPCUIGameServer.requestTalk(NLPCUIGameServer.java:102)
org.aiwolf.server.AIWolfGame.talk(AIWolfGame.java:631)
org.aiwolf.server.AIWolfGame.day(AIWolfGame.java:424)
org.aiwolf.server.AIWolfGame.start(AIWolfGame.java:240)
net.kanolab.aiwolf.server.game.SynchronousNLPAIWolfGame.start(SynchronousNLPAIWolfGame.java:45)
net.kanolab.aiwolf.server.starter.NLPGameBuilder.run(NLPGameBuilder.java:270)
class java.net.SocketException : Broken pipe
java.base/sun.nio.ch.NioSocketImpl.implWrite(NioSocketImpl.java:420)
java.base/sun.nio.ch.NioSocketImpl.write(NioSocketImpl.java:440)
java.base/sun.nio.ch.NioSocketImpl$2.write(NioSocketImpl.java:826)
java.base/java.net.Socket$SocketOutputStream.write(Socket.java:1035)
java.base/sun.nio.cs.StreamEncoder.writeBytes(StreamEncoder.java:234)
java.base/sun.nio.cs.StreamEncoder.implFlushBuffer(StreamEncoder.java:313)
java.base/sun.nio.cs.StreamEncoder.implFlush(StreamEncoder.java:318)
java.base/sun.nio.cs.StreamEncoder.flush(StreamEncoder.java:160)
java.base/java.io.OutputStreamWriter.flush(OutputStreamWriter.java:248)
java.base/java.io.BufferedWriter.flush(BufferedWriter.java:257)
net.kanolab.aiwolf.server.server.AbstractNLPServer.send(AbstractNLPServer.java:245)
net.kanolab.aiwolf.server.server.AbstractNLPServer.getResponse(AbstractNLPServer.java:93)
net.kanolab.aiwolf.server.server.NLPCUIGameServer.request(NLPCUIGameServer.java:59)
net.kanolab.aiwolf.server.server.NLPCUIGameServer.requestTalk(NLPCUIGameServer.java:102)
org.aiwolf.server.AIWolfGame.talk(AIWolfGame.java:631)
org.aiwolf.server.AIWolfGame.day(AIWolfGame.java:424)
org.aiwolf.server.AIWolfGame.start(AIWolfGame.java:240)
net.kanolab.aiwolf.server.game.SynchronousNLPAIWolfGame.start(SynchronousNLPAIWolfGame.java:45)
net.kanolab.aiwolf.server.starter.NLPGameBuilder.run(NLPGameBuilder.java:270)
kanolab3(Agent[03]:VILLAGER)_[Request:TALK] lostConnection
net.kanolab.aiwolf.server.common.NLPAIWolfConnection.catchException(NLPAIWolfConnection.java:160)
net.kanolab.aiwolf.server.server.AbstractNLPServer.catchException(AbstractNLPServer.java:73)
net.kanolab.aiwolf.server.server.AbstractNLPServer.send(AbstractNLPServer.java:247)
net.kanolab.aiwolf.server.server.AbstractNLPServer.getResponse(AbstractNLPServer.java:93)
net.kanolab.aiwolf.server.server.NLPCUIGameServer.request(NLPCUIGameServer.java:59)
net.kanolab.aiwolf.server.server.NLPCUIGameServer.requestTalk(NLPCUIGameServer.java:102)
org.aiwolf.server.AIWolfGame.talk(AIWolfGame.java:631)
org.aiwolf.server.AIWolfGame.day(AIWolfGame.java:424)
org.aiwolf.server.AIWolfGame.start(AIWolfGame.java:240)
net.kanolab.aiwolf.server.game.SynchronousNLPAIWolfGame.start(SynchronousNLPAIWolfGame.java:45)
net.kanolab.aiwolf.server.starter.NLPGameBuilder.run(NLPGameBuilder.java:270)
class java.net.SocketException : Broken pipe
java.base/sun.nio.ch.NioSocketImpl.implWrite(NioSocketImpl.java:420)
java.base/sun.nio.ch.NioSocketImpl.write(NioSocketImpl.java:440)
java.base/sun.nio.ch.NioSocketImpl$2.write(NioSocketImpl.java:826)
java.base/java.net.Socket$SocketOutputStream.write(Socket.java:1035)
java.base/sun.nio.cs.StreamEncoder.writeBytes(StreamEncoder.java:234)
java.base/sun.nio.cs.StreamEncoder.implFlushBuffer(StreamEncoder.java:313)
java.base/sun.nio.cs.StreamEncoder.implFlush(StreamEncoder.java:318)
java.base/sun.nio.cs.StreamEncoder.flush(StreamEncoder.java:160)
java.base/java.io.OutputStreamWriter.flush(OutputStreamWriter.java:248)
java.base/java.io.BufferedWriter.flush(BufferedWriter.java:257)
net.kanolab.aiwolf.server.server.AbstractNLPServer.send(AbstractNLPServer.java:245)
net.kanolab.aiwolf.server.server.AbstractNLPServer.getResponse(AbstractNLPServer.java:93)
net.kanolab.aiwolf.server.server.NLPCUIGameServer.request(NLPCUIGameServer.java:59)
net.kanolab.aiwolf.server.server.NLPCUIGameServer.requestTalk(NLPCUIGameServer.java:102)
org.aiwolf.server.AIWolfGame.talk(AIWolfGame.java:631)
org.aiwolf.server.AIWolfGame.day(AIWolfGame.java:424)
org.aiwolf.server.AIWolfGame.start(AIWolfGame.java:240)
net.kanolab.aiwolf.server.game.SynchronousNLPAIWolfGame.start(SynchronousNLPAIWolfGame.java:45)
net.kanolab.aiwolf.server.starter.NLPGameBuilder.run(NLPGameBuilder.java:270)
