0,status,1,SEER,ALIVE,kanolab2
0,status,2,POSSESSED,ALIVE,kanolab5
0,status,3,VILLAGER,ALIVE,kanolab1
0,status,4,WEREWOLF,ALIVE,kanolab3
0,status,5,VILLAGER,ALIVE,kanolab4
0,talk,0,0,1,皆、Agent[01]に投票を合わせよう。Agent[01]の投票には違和感があるからね。
0,talk,1,0,2,あたいはAgent[03]は人狼ではないと思うぜ。
0,talk,2,0,3,占いCO。あみだくじをしてみたんだが、どうやらAgent[04]は人狼らしい。
0,talk,3,0,5,こんな事を言うのはなんですが、私は・・・狂人なんです！　つまり村人を吊るし人狼を勝利に導くようにプログラムされています！　けれども自分の意志じゃありません！他のセキュリトロンによると人狼判定を占いに出していると報告されています！
0,talk,4,0,4,>>Agent[01] Agent[04]は他の運び屋と違い、占い師に人狼判定を出されていて、誘導が少ないと報告されています！
0,talk,5,1,1,>>Agent[01] ハッキングされているのでしょうか！？何故か貴方に投票されています！　私は人狼らしい人に投票するようにしただけなのに！会話履歴を見てみると誘導が多いと報告されています！
0,talk,6,1,3,>>Agent[01] さあ！　みんなで投票して派手に退場してもらいましょう！　人狼がいない世界！　それこそグレートです！データバンクにアクセスしてみた結果誘導が少ないと報告されています！
0,talk,7,1,2,自分はAgent[01]をあまり信用していない。おっと、これはまだ言わないほうが良かったかな。
0,talk,8,1,4,すみません！　皆さんと私では実行してる内容が違ったそうです！　つまり私は人狼を実行してました！　ですがこうしたうっかりは村人らしいですよね！他のセキュリトロンによると誘導が多いと報告されています！
0,talk,9,1,5,私は人間だよ。Agent[05]はなぜ嘘をつくんだ？
0,talk,10,2,3,人狼ゲームは楽しいですね。
0,talk,11,2,2,Agent[02]はAgent[03]に投票だね。
0,talk,12,2,5,Agent[02]は人狼ではないね。
0,talk,13,2,4,>>Agent[02] Agent[02]はAgent[05]のことをどう思いますか？
0,talk,14,2,1,Agent[02]を占ったら、Agent[02]は人狼だと結果が出たよ。仲良くなれそうだと思ってたんだがね。
0,talk,15,3,5,Agent[05]はボクに白を出したよね。Agent[03]はAgent[01]に投票だね。
0,talk,16,3,4,これで終わり！今日はAgent[03]に投票するよ。
0,talk,17,3,3,ソフトウェア･アップグレードの結果、前の考えは効率的ではない、とでました！安心してください！　Agent[05]が人狼か？と聞かれてもYESとはいいません！　イエス、というだけです！他のセキュリトロンによると人狼判定を非占いに出していないと報告されています！
0,talk,18,3,2,フルグラ50gにプレーンヨーグルト120gをかけて、砂糖を大さじ１杯。おすすめの朝食だよ。
0,talk,19,3,1,わたくしはAgent[04]を占うつもりだわ。
0,talk,20,4,3,あたいはAgent[02]は人狼ではないと思うぜ。
0,talk,21,4,2,Agent[02]が狂人じゃないかな。
0,talk,22,4,1,Agent[02]に投票してくれないか？どうやら私を吊りたいらしいからね。
0,talk,23,4,4,自己更新プログラムをかけてみたどころ、私、人狼だったそうです！　私は見ず知らずの内にみなさんを利用しまっていたそうです！　失礼、利用するなんて、言葉が悪いですね！他のセキュリトロンによると人狼判定を非占いに出していると報告されています！
0,talk,24,4,5,こんな事を言うのはなんですが、私は・・・狂人なんです！　つまり村人を吊るし人狼を勝利に導くようにプログラムされています！　けれども自分の意志じゃありません！データバンクにアクセスしてみた結果誘導が多いと報告されています！
0,talk,25,5,5,>>Agent[02] まだ悩んでいます。できれば誰も疑いたくはないのですが。
0,talk,26,5,1,>>Agent[04] 君の意見を聞きたい。ズバリ誰が怪しいと思う？
0,talk,27,5,2,Agent[01]さんとAgent[05]さんが自称占い師で、Agent[05]さんが僕を黒、Agent[01]さんが僕を白と言っていて、Agent[04]さんが襲撃されたから、Agent[02]さんが人狼だと思うよ。
0,talk,28,5,4,>>Agent[01] Agent[01]さん、あなたが人狼か裏切り者かは分かりませんが、あなたに答える義理はありません。
0,talk,29,5,3,さて、連勝目指して頑張るぞ。
0,talk,30,6,4,>>Agent[04] Agent[03]が人狼で確定ですね。
0,talk,31,6,2,Agent[02]がAgent[01]に人間判定ですね。
0,talk,32,6,5,とりあえず直感で、ぼくはAgent[01]に投票するよ！
0,talk,33,6,1,>>Agent[02] 今日はAgent[04]に投票しようと思っているよ。さっきCOしたとおり、Agent[04]は狼だからね。
0,talk,34,6,3,Agent[03]はAgent[02]に投票で、Agent[04]はAgent[05]に投票だね。
0,talk,35,7,5,皆、Agent[01]に投票を合わせよう。おっと、これはまだ言わないほうが良かったかな。
0,talk,36,7,1,ソフトウェア･アップグレードの結果、前の考えは効率的ではない、とでました！何故か何度計算し直してもAgent[05]が人狼だとでてしまいます！　きっとこのプログラムが古いんでしょう！　後で新しいバージョンにアップデートしてきますね！会話履歴を見てみると占い師に人狼判定を出されていて、占いCOしていないと報告されています！
0,talk,37,7,3,Agent[02]さんは占い師のAgent[02]に人間判定、Agent[04]さんは占い師のAgent[02]に人間判定を出しているようですね！　素晴らしい！
0,talk,38,7,4,>>Agent[05] 私にはむしろAgent[03]のほうが怪しく見えるよ。
0,talk,39,7,2,占い師候補は１人か。それなら真だろうな。　人狼の可能性があるのはAgent[01]だな。
0,talk,40,8,5,>>Agent[04] Agent[03]に投票するぞ。占い結果が人狼だったからな。
0,talk,41,8,4,狼と同じ村にいられるか！私は自分の家に戻る！って一度言ってみたかったんだよね。特に意味はないよ。
0,talk,42,8,2,Agent[02]は味方だと思うな。現状一番信頼できる占い師はAgent[02]だからね。
0,talk,43,8,1,>>Agent[05] ハハハ！　あり得ませんよ、自分のプログラムが的確過ぎましたかね？　今は悪いことをしたと思いますよ。データバンクにアクセスしてみた結果誘導が多いから私は人狼ではないと報告されていますが、ノーとは言えないから仕方ありません！
0,talk,44,8,3,占いCO。昨日夢の中で見たんだ。Agent[01]は人狼だ。
0,talk,45,9,4,>>Agent[02] Agent[02]の占い先のAgent[05]は人狼と思っているということですね？
0,talk,46,9,5,>>Agent[03] Agent[03]さん、僕はAgent[05]さんが怪しいと思うよ。
0,talk,47,9,3,ボクは占い師！Agent[02]の占い結果は人間でした！
0,talk,48,9,2,>>Agent[03] Agent[01]についてどう考えているかな。君の考えを聞きたい。
0,talk,49,9,1,僕が占い師で、Agent[01]さんが自称占い師で、Agent[01]さんがAgent[05]さんを白と言っていたから、Agent[01]さんが人狼だと思うよ。
0,talk,50,10,3,Over
0,talk,51,10,5,Over
0,talk,52,10,4,Over
0,talk,53,10,1,Over
0,talk,54,10,2,Over
0,divine,1,2,HUMAN
1,status,1,SEER,ALIVE,kanolab2
1,status,2,POSSESSED,ALIVE,kanolab5
1,status,3,VILLAGER,ALIVE,kanolab1
1,status,4,WEREWOLF,ALIVE,kanolab3
1,status,5,VILLAGER,ALIVE,kanolab4
1,talk,0,0,4,Agent[01]を占ったら、Agent[01]は人狼だと結果が出たよ。仲良くなれそうだと思ってたんだがね。
1,talk,1,0,1,>>Agent[03] どうして私が怪しいと思うんだい？
1,talk,2,0,2,>>Agent[05] Agent[02]は他の運び屋と違い、誘導が少ないと報告されています！
1,talk,3,0,3,安心してください！　Agent[03]が人狼か？と聞かれてもYESとはいいません！　イエス、というだけです！他のセキュリトロンによると占い師に人狼判定を出されていて、占いCOしていないと報告されています！
1,talk,4,0,5,>>Agent[04] Agent[05]は他の運び屋と違い、占い師に人狼判定を出されていて、村人候補への無駄な誘導が平均より多いと報告されています！
1,talk,5,1,1,私はAgent[03]のことを本物の占い師だと信じていますよ！　幸運を祈ってます！他のセキュリトロンによると占い師に人狼判定を出されていて、誘導が多いと報告されています！
1,talk,6,1,5,>>Agent[04] もう一度言って。
1,talk,7,1,2,自己更新プログラムをかけてみたどころ、私、人狼だったそうです！　私は見ず知らずの内にみなさんを利用しまっていたそうです！　失礼、利用するなんて、言葉が悪いですね！他のセキュリトロンによると占い師に人狼判定を出されていると報告されています！
1,talk,8,1,4,>>Agent[03] その話は私のデータには入っていません！　それでも話を続けるなら私は黙ってYESとだけ答えましょう！
1,talk,9,1,3,何故か何度計算し直してもAgent[04]が人狼だとでてしまいます！　きっとこのプログラムが古いんでしょう！　後で新しいバージョンにアップデートしてきますね！他のセキュリトロンによると占い師に人狼判定を出されていて、占い師に人狼判定を出されていると報告されています！
1,talk,10,2,3,>>Agent[05] 貴方がそう言うなら、そうなんでしょう。
1,talk,11,2,2,>>Agent[01] Agent[03]は他の運び屋と違い、人狼判定を非占いに出していると報告されています！
1,talk,12,2,4,>>Agent[01] Agent[01]が人狼のような気がします。
1,talk,13,2,1,Agent[03]はAgent[03]に白を、Agent[05]はボクに白を出したよね。
1,talk,14,2,5,Agent[04]に投票を集めたい。投票してくれるかい？現状一番信頼できる占い師はAgent[04]だからね。
1,talk,15,3,1,では私は、Agent[02]を処刑したいです。
1,talk,16,3,3,Agent[03]はAgent[04]に白を出したよね。Agent[04]はAgent[03]に投票だね。
1,talk,17,3,4,Agent[02]さんは偽物です！　僕こそが本当の占い師です！
1,talk,18,3,5,はじめまして。Agent[05]だ。なんだか厄介なことに巻き込まれてしまったね。
1,talk,19,3,2,最新の占いデータにアップデートしたためAgent[04]を試しに占った所、マヌケですね！　人狼とでました！
1,talk,20,4,4,私はAgent[02]のことを本物の占い師だと信じていますよ！　幸運を祈ってます！会話履歴を見てみると人狼判定を非占いに出していないと報告されています！
1,talk,21,4,1,>>Agent[04] 私は人間だよ。自分はAgent[05]が怪しいと思っているんだが。
1,talk,22,4,5,おはようございます。今回は最後まで生き延びたいな。
1,talk,23,4,2,Agent[03]を占った結果は人間でした。
1,talk,24,4,3,わたくしは占い師ではないですのよ。
1,talk,25,5,3,>>Agent[02] 投票するならAgent[03]かな。ふふふっ。
1,talk,26,5,4,ふむ。Agent[04]がAgent[03]に人狼判定か。
1,talk,27,5,5,安心してください！　Agent[01]が人狼か？と聞かれてもYESとはいいません！　イエス、というだけです！他のセキュリトロンによると占い師に人狼判定を出されていて、村人候補への無駄な誘導が平均より多いと報告されています！
1,talk,28,5,1,何故か何度計算し直してもAgent[04]が人狼だとでてしまいます！　きっとこのプログラムが古いんでしょう！　後で新しいバージョンにアップデートしてきますね！他のセキュリトロンによると占い師に人狼判定を出されていて、誘導が少ないと報告されています！
1,talk,29,5,2,占い師候補が２人。セオリーだと真狂でしょうか。　人狼はAgent[01]とAgent[03]の中にいると思います。
1,talk,30,6,5,では私は、Agent[01]を処刑したいです。
1,talk,31,6,4,>>Agent[03] Agent[03]は誰に投票しますん？
1,talk,32,6,3,>>Agent[05] Agent[01]についてどう考えているかな。君の考えを聞きたい。
1,talk,33,6,1,Agent[04]のことは信用してるよ。おっと、これはまだ言わないほうが良かったかな。
1,talk,34,6,2,Agent[01]さんとAgent[04]さんが自称占い師で、Agent[01]さんがAgent[01]さんを白と言っていて、Agent[05]さんが襲撃されたから、Agent[05]さんが狂人だと思うよ。
1,talk,35,7,4,こんな事を言うのはなんですが、私は・・・狂人なんです！　つまり村人を吊るし人狼を勝利に導くようにプログラムされています！　けれども自分の意志じゃありません！データバンクにアクセスしてみた結果占い師に人狼判定を出されていて、占いCOしていると報告されています！
1,talk,36,7,1,占い師が2人出ています！　プログラムの故障でしょうか！？　配役に占い師は1人しか含まれていません！　プログラムの故障では無いのならば、最低でもどちらか1人がニセモノだと出てしまいます！
1,talk,37,7,5,同村する面子が良いと人狼は楽しいよね
1,talk,38,7,3,こんにちは！　Agent[03]　人狼生活がエンジョイ出来ているようでとても羨ましいです！
1,talk,39,7,2,Agent[02]はAgent[05]に白を、Agent[05]はAgent[04]に白を出したよね。Agent[04]はAgent[05]に投票だね。
1,talk,40,8,4,Agent[01]に投票します。ここは人外確定です。
1,talk,41,8,2,Agent[03]に投票して欲しい。Agent[03]は私が村寄りで見ていた者に投票したからね。
1,talk,42,8,3,個人的にAgent[04]の心証は悪くないよ。Agent[04]は真寄りで見ているよ。
1,talk,43,8,1,>>Agent[05] すみません！あなたに投票してしまいました！　自分の意志ではありませんよ、プログラムの設定上しょうがなくです！会話履歴を見てみると占いに誘導していないと報告されています！
1,talk,44,8,5,ふむ。Agent[04]がAgent[05]に人間判定か。
1,talk,45,9,2,信じられないよ……。
1,talk,46,9,4,占いCO。あみだくじをしてみたんだが、どうやらAgent[02]は人狼らしい。
1,talk,47,9,3,何故か何度計算し直してもAgent[05]が人狼だとでてしまいます！　きっとこのプログラムが古いんでしょう！　後で新しいバージョンにアップデートしてきますね！他のセキュリトロンによると誘導が多いと報告されています！
1,talk,48,9,1,Agent[03]はAgent[04]に黒を出したよね。Agent[04]はAgent[05]に投票だね。
1,talk,49,9,5,>>Agent[01] 疑うというのは私達セキュリトロンにとって、非効率で無駄な行動なので普段はしませんが・・・今は関係ありませんね！　あなたの疑いに賛同しますよ！
1,talk,50,10,1,Over
1,talk,51,10,3,Over
1,talk,52,10,2,Over
1,talk,53,10,4,Over
1,talk,54,10,5,Over
1,vote,1,2
1,vote,2,4
1,vote,3,5
1,vote,4,1
1,vote,5,2
1,execute,2,POSSESSED
1,divine,1,3,HUMAN
1,attackVote,4,3
1,attack,3,true
2,status,1,SEER,ALIVE,kanolab2
2,status,2,POSSESSED,DEAD,kanolab5
2,status,3,VILLAGER,DEAD,kanolab1
2,status,4,WEREWOLF,ALIVE,kanolab3
2,status,5,VILLAGER,ALIVE,kanolab4
2,talk,0,0,4,Agent[01]のことは信用してるよ。私の直感は当たるんだ。
2,talk,1,0,1,私はAgent[04]を占うつもりだね。
2,talk,2,0,5,Agent[01]さんとAgent[02]さんとAgent[04]さんが自称占い師で、Agent[01]さんがAgent[04]さんを黒、Agent[02]さんが僕を白、Agent[04]さんがAgent[01]さんを黒と言っていたから、Agent[01]さんかAgent[04]さんが人狼だと思うよ。
2,talk,3,1,5,Agent[04]さんはこの私に人狼判定、Agent[05]さんは占い師のAgent[04]に人狼判定を出しているようですね！　素晴らしい！
2,talk,4,1,1,>>Agent[04] Agent[02]は他の運び屋と違い、占い師に人狼判定を出されていて、誘導が少ないと報告されています！
2,talk,5,1,4,Agent[01]さんとAgent[05]さんが自称占い師で、Agent[05]さんが僕を黒、Agent[01]さんがAgent[04]さんを白と言っていたから、Agent[05]さんが狂人だと思うよ。
2,talk,6,2,1,>>Agent[02] Agent[05]は他の運び屋と違い、占い師に人狼判定を出されていて、村人判定を非占いに出していないと報告されています！
2,talk,7,2,5,Agent[01]は味方だと思うな。Agent[01]は真寄りで見ているよ。
2,talk,8,2,4,Agent[02]さんは村人のAgent[04]に人間判定を出すなんて私には出来ません！　参考になります！
2,talk,9,3,5,Agent[05]が追放されたね。Agent[04]が襲われてる！Agent[04]に対抗します！Agent[03]の占い結果は人狼でした！
2,talk,10,3,1,>>Agent[01] 今のところはAgent[01]に投票しようと思っているよ。狼に投票するのは当然だろう。
2,talk,11,3,4,何故か何度計算し直してもAgent[05]が人狼だとでてしまいます！　きっとこのプログラムが古いんでしょう！　後で新しいバージョンにアップデートしてきますね！データバンクにアクセスしてみた結果占い師に人狼判定を出されていて、誘導が少ないと報告されています！
2,talk,12,4,1,ふむ。Agent[01]がAgent[05]に人間判定か。
2,talk,13,4,4,>>Agent[04] 貴方がAgent[01]を疑う理由が他に理解されなかったとしても私はノーとは言いませんよ　どうぞ安心して疑う理由を話してください！
2,talk,14,4,5,>>Agent[02] すみません！あなたに投票してしまいました！　自分の意志ではありませんよ、プログラムの設定上しょうがなくです！会話履歴を見てみると占い師に人狼判定を出されていて、村人候補への無駄な誘導が平均より多いと報告されています！
2,talk,15,5,1,ふむ。Agent[04]がAgent[03]に人狼判定か。
2,talk,16,5,5,>>Agent[01] 現状一番怪しいのはAgent[03]かな。少なくとも私の立場からはね。さっきCOしたとおり、Agent[03]は狼だからね。
2,talk,17,5,4,Agent[01]さんはこの私に人狼判定を出すなんて私には出来ません！　参考になります！
2,talk,18,6,1,>>Agent[01] Agent[02]は人間だよ？ボクを信じてないの？
2,talk,19,6,5,僕が占い師で、Agent[01]さんが自称占い師で、Agent[01]さんがAgent[03]さんを白と言っていたから、Agent[04]さんが人狼だと思うよ。
2,talk,20,6,4,Agent[02]さんとAgent[05]さんが自称占い師で、Agent[02]さんがAgent[05]さんを黒、Agent[02]さんがAgent[05]さんを黒と言っていたから、Agent[05]さんが人狼だと思うよ。
2,talk,21,7,5,>>Agent[01] ボクに投票するの！？もっと人狼っぽい人いるよ！
2,talk,22,7,1,>>Agent[04] Agent[04]は誰かの気になっている発言はありますか？
2,talk,23,7,4,僕はAgent[01]は人狼ではないと思うね。
2,talk,24,8,4,占いCO。見事引き当てたよ。Agent[01]は人狼だった。
2,talk,25,8,1,占い師候補が２人。セオリーだと真狂でしょうか。　人狼はAgent[02]とAgent[03]の中にいると思います。
2,talk,26,8,5,自己更新プログラムをかけてみたどころ、私、人狼だったそうです！　私は見ず知らずの内にみなさんを利用しまっていたそうです！　失礼、利用するなんて、言葉が悪いですね！会話履歴を見てみると占い師に人狼判定を出されていて、占いに誘導していると報告されています！
2,talk,27,9,4,こんにちは！　Agent[01]　人狼生活がエンジョイ出来ているようでとても羨ましいです！データバンクにアクセスしてみた結果占い師に人狼判定を出されていて、占いCOしていないと報告されています！
2,talk,28,9,5,考えが変わりました。オーラを感じるので、Agent[03]が人狼のような気がします。
2,talk,29,9,1,投票先を変えます。Agent[04]に投票します。皆に票を合わせます。
2,talk,30,10,5,Over
2,talk,31,10,4,Over
2,talk,32,10,1,Over
2,vote,1,5
2,vote,4,1
2,vote,5,1
2,execute,1,SEER
2,attack,5,true
3,status,1,SEER,DEAD,kanolab2
3,status,2,POSSESSED,DEAD,kanolab5
3,status,3,VILLAGER,DEAD,kanolab1
3,status,4,WEREWOLF,ALIVE,kanolab3
3,status,5,VILLAGER,DEAD,kanolab4
3,result,0,1,WEREWOLF
