0,status,1,POSSESSED,ALIVE,kanolab5
0,status,2,WEREWOLF,ALIVE,kanolab3
0,status,3,SEER,ALIVE,kanolab4
0,status,4,VILLAGER,ALIVE,kanolab1
0,status,5,VILLAGER,ALIVE,kanolab2
0,talk,0,0,2,>>Agent[05] Agent[03]は他の運び屋と違い、占い師に人狼判定を出されていて、誘導が多いと報告されています！
0,talk,1,0,4,>>Agent[03] Agent[03]は他の運び屋と違い、占い師に人狼判定を出されていて、占いCOしていないと報告されています！
0,talk,2,0,1,占い師候補が３人。占い師の見極めが大切ですね。　人狼はAgent[01]とAgent[03]とAgent[04]の中にいると思います。
0,talk,3,0,3,Agent[03]に投票しようと思っているんだが…。私に投票してきた奴を信じる道理はないよ。
0,talk,4,0,5,>>Agent[03] 同じ人同士で疑い合うというのは実に人間らしいへんな行為ですよね！　さあ貴方がAgent[04]を疑う理由をどうぞ！
0,talk,5,1,3,はじめまして。Agent[04]だ。趣味は漫画を描くことだよ。
0,talk,6,1,1,誰に投票するべきかな。
0,talk,7,1,4,Agent[01]さんとAgent[04]さんが自称占い師で、Agent[01]さんがAgent[04]さんを白と言っていたから、Agent[01]さんかAgent[04]さんが狂人だと思うよ。
0,talk,8,1,5,>>Agent[02] そういうあなたも怪しいのでは？
0,talk,9,1,2,みんな白めだね。本当はこの村に狼なんていなかったりして。冗談だよ。
0,talk,10,2,3,ちょっと挙動不審だし、ぼくはAgent[01]に投票するね。
0,talk,11,2,4,>>Agent[02] Agent[02]に投票します。ここが一番怪しいです。
0,talk,12,2,5,>>Agent[04] Agent[05]の印象を聞きたいな。
0,talk,13,2,2,>>Agent[05] Agent[05]さん、僕は人狼じゃないよ。
0,talk,14,2,1,Agent[02]さんは偽物です！　僕こそが本当の占い師です！
0,talk,15,3,5,Agent[05]はボクに白を出したよね。
0,talk,16,3,4,>>Agent[03] もちろん知ってますよ！
0,talk,17,3,2,>>Agent[05] 貴方の疑い先はどこです？　一緒に疑いましょう！
0,talk,18,3,3,>>Agent[05] 人狼ではありませんが、貴方が人狼だと思うのならば、どうぞ投票してください！。他のセキュリトロンによると村人候補への無駄な誘導が平均より少ないから私は人狼ではないと報告されていますが、ノーとは言えないから仕方ありません！
0,talk,19,3,1,Agent[01]がAgent[02]に人狼判定、Agent[02]がAgent[04]に人狼判定ですね。
0,talk,20,4,2,安心してください！　Agent[05]が人狼か？と聞かれてもYESとはいいません！　イエス、というだけです！データバンクにアクセスしてみた結果占い師に人狼判定を出されていて、誘導が少ないと報告されています！
0,talk,21,4,5,ちょっと挙動不審だし、ぼくはAgent[03]に投票するね。
0,talk,22,4,1,Agent[05]さんを占ったら、人狼だったよ。
0,talk,23,4,4,言うまでもないかもしれないけど、ぼくはAgent[01]に投票するね。
0,talk,24,4,3,占い師の行動次第で勝てるかどうかが決まりますし、責任追及されることが多いでしょうが　どうぞ占いCOをお願いします！　
0,talk,25,5,1,>>Agent[01] Agent[02]は人狼だからね。みんなAgent[02]に投票するんだ！
0,talk,26,5,5,俺が占い師だ。Agent[03]を占って、結果は人間だった。
0,talk,27,5,4,Agent[02]はボクに白を出したよね。
0,talk,28,5,3,えっ、占い師候補は１人だけですか？　人狼はAgent[02]とAgent[03]とAgent[04]の中にいると思います。
0,talk,29,5,2,>>Agent[02] 賛成！ボクもAgent[05]に投票するよ！
0,talk,30,6,3,>>Agent[01] 文句は言いません！
0,talk,31,6,5,>>Agent[02] Agent[05]は他の運び屋と違い、占いCOしていないと報告されています！
0,talk,32,6,4,個人的にAgent[02]の心証は悪くないよ。現状一番信頼できる占い師はAgent[02]だからね。
0,talk,33,6,1,ソフトウェア･アップグレードの結果、前の考えは効率的ではない、とでました！何故か何度計算し直してもAgent[04]が人狼だとでてしまいます！　きっとこのプログラムが古いんでしょう！　後で新しいバージョンにアップデートしてきますね！他のセキュリトロンによると占い師に人狼判定を出されていて、村人候補への無駄な誘導が平均より多いと報告されています！
0,talk,34,6,2,>>Agent[04] 既に決めているなら、誰に投票するか教えてほしいな。
0,talk,35,7,5,>>Agent[01] ハッキングされているのでしょうか！？何故か貴方に投票されています！　私は人狼らしい人に投票するようにしただけなのに！会話履歴を見てみると占いCOしていると報告されています！
0,talk,36,7,3,私、村人COします。
0,talk,37,7,2,対抗は出ないんですね。　人狼はAgent[04]の中にいると思います。
0,talk,38,7,4,さっきと意見が変わるけど、やっぱりAgent[04]は人狼ではないですのよ。
0,talk,39,7,1,Agent[03]さんを占った結果は、人間だったよ。
0,talk,40,8,4,>>Agent[05] ハッキングされているのでしょうか！？何故か貴方に投票されています！　私は人狼らしい人に投票するようにしただけなのに！データバンクにアクセスしてみた結果占い師に人狼判定を出されていて、誘導が多いと報告されています！
0,talk,41,8,1,Agent[02]が占い師な気がする。
0,talk,42,8,5,ごきげんよう。わたくしもがんばりますわ。
0,talk,43,8,2,Agent[01]に投票して欲しい。Agent[01]は私が村寄りで見ていた者に投票したからね。
0,talk,44,8,3,すみません！Agent[04]のデータ通信を解読してしまいました！　すると、残念ながら人狼とでましたよ！
0,talk,45,9,4,Agent[02]を占ったら、Agent[02]は人狼だと結果が出たよ。仲良くなれそうだと思ってたんだがね。
0,talk,46,9,2,>>Agent[02] Agent[02]さん、僕もだよ！
0,talk,47,9,3,占いCOだ。Agent[01]は人狼だったよ。Agent[01]に投票すれば勝てるね。
0,talk,48,9,5,Agent[03]はすごく狼っぽいよね。Agent[03]に清き一票を！
0,talk,49,9,1,安心してください！　Agent[01]が人狼か？と聞かれてもYESとはいいません！　イエス、というだけです！会話履歴を見てみると占い師に人狼判定を出されていて、占いCOしていないと報告されています！
0,talk,50,10,3,Over
0,talk,51,10,4,Over
0,talk,52,10,5,Over
0,talk,53,10,2,Over
0,talk,54,10,1,Over
0,divine,3,1,HUMAN
1,status,1,POSSESSED,ALIVE,kanolab5
1,status,2,WEREWOLF,ALIVE,kanolab3
1,status,3,SEER,ALIVE,kanolab4
1,status,4,VILLAGER,ALIVE,kanolab1
1,status,5,VILLAGER,ALIVE,kanolab2
1,talk,0,0,4,Agent[01]さんとAgent[05]さんが自称占い師で、Agent[05]さんが僕を黒、Agent[01]さんが僕を白と言っていたから、Agent[05]さんが人狼だと思うよ。
1,talk,1,0,3,Agent[02]に投票するわ。
1,talk,2,0,5,>>Agent[01] ハッキングされているのでしょうか！？何故か貴方に投票されています！　私は人狼らしい人に投票するようにしただけなのに！
1,talk,3,0,2,占いの結果はAgent[01]が黒！びっくりだよね。
1,talk,4,0,1,>>Agent[04] 人狼ではありませんが、貴方が人狼だと思うのならば、どうぞ投票してください！。会話履歴を見てみると村人候補への無駄な誘導が平均より少ないから私は人狼ではないと報告されていますが、ノーとは言えないから仕方ありません！
1,talk,5,1,3,夜が明けたね
1,talk,6,1,1,>>Agent[02] このまま行くなら君に投票する予定だ。Agent[02]はさっき私に投票してきたからね。
1,talk,7,1,4,とりあえず直感で、ぼくはAgent[02]に投票するよ！
1,talk,8,1,2,>>Agent[04] Agent[05]についてどう考えているかな。君の考えを聞きたい。
1,talk,9,1,5,Agent[02]を占ったら、Agent[02]は人狼だと結果が出たよ。仲良くなれそうだと思ってたんだがね。
1,talk,10,2,4,何故か何度計算し直してもAgent[02]が人狼だとでてしまいます！　きっとこのプログラムが古いんでしょう！　後で新しいバージョンにアップデートしてきますね！データバンクにアクセスしてみた結果占い師に人狼判定を出されていて、人狼判定を占いに出していないと報告されています！
1,talk,11,2,5,Agent[03]もAgent[05]に白出ししたから、Agent[05]は白確定でいいんじゃないかな。
1,talk,12,2,3,>>Agent[05] もちろん知ってますよ！
1,talk,13,2,1,>>Agent[03] ありがとうございます。
1,talk,14,2,2,>>Agent[03] さあ！　みんなで投票して派手に退場してもらいましょう！　人狼がいない世界！　それこそグレートです！
1,talk,15,3,5,安心してください！　Agent[05]が人狼か？と聞かれてもYESとはいいません！　イエス、というだけです！データバンクにアクセスしてみた結果占い師に人狼判定を出されていて、人狼判定を非占いに出していると報告されています！
1,talk,16,3,1,>>Agent[02] Agent[02]は他の運び屋と違い、誘導が少ないと報告されています！
1,talk,17,3,2,自己更新プログラムをかけてみたどころ、私、人狼だったそうです！　私は見ず知らずの内にみなさんを利用しまっていたそうです！　失礼、利用するなんて、言葉が悪いですね！会話履歴を見てみると非占いに投票していると報告されています！
1,talk,18,3,4,>>Agent[04] Agent[01]を追放しよう。ここが人狼だと思う。
1,talk,19,3,3,Agent[01]はAgent[02]に白を、Agent[02]はAgent[01]に白を出したよね。Agent[01]はAgent[03]に投票だね。
1,talk,20,4,1,Agent[04]さんとAgent[05]さんが自称占い師で、Agent[04]さんがAgent[02]さんを黒と言っていたから、Agent[02]さんが人狼だと思うよ。
1,talk,21,4,4,>>Agent[05] どうでしょうね？
1,talk,22,4,5,これで勝ちだね。ぼくはAgent[01]に投票するね。
1,talk,23,4,2,今日の投票先を公開しておこうかな。私はAgent[01]に投票するつもりだよ。さっき私を疑っていたし。
1,talk,24,4,3,自分はAgent[01]に投票するつもりだが、君達もどうだ？まるで狼を吊る気が無いような投票だったからね。
1,talk,25,5,3,>>Agent[02] Agent[04]は他の運び屋と違い、占い師に人狼判定を出されていて、誘導が多いと報告されています！
1,talk,26,5,5,皆と同じ意見ですが、Agent[01]は、占い師に見えます。
1,talk,27,5,2,Agent[04]を占った結果は人間でした。
1,talk,28,5,1,Agent[04]はAgent[01]に投票で、Agent[05]はAgent[01]に投票だね。
1,talk,29,5,4,>>Agent[02] 私のデータに再度検索をかけてもその話は続きそうにありません！
1,talk,30,6,3,ボクが占い師！他はみんな偽物だよ！Agent[03]の占い結果は人狼でした！
1,talk,31,6,5,>>Agent[04] 私は全部知っています。物知りでしょ？
1,talk,32,6,2,>>Agent[04] 別陣営に話しかける余裕があるんですか？もう貴方に返事はしません。
1,talk,33,6,4,>>Agent[01] Agent[02]が人狼のような気がします。
1,talk,34,6,1,>>Agent[02] Agent[03]に投票します。ここが一番怪しいです。
1,talk,35,7,1,>>Agent[05] さあ！　みんなで投票して派手に退場してもらいましょう！　人狼がいない世界！　それこそグレートです！データバンクにアクセスしてみた結果占いに誘導していないと報告されています！
1,talk,36,7,3,Agent[02]さんが自称占い師で、Agent[02]さんがAgent[05]さんを白と言っていたから、Agent[01]さんかAgent[04]さんが人狼だと思うよ。
1,talk,37,7,5,Agent[03]はAgent[02]に投票で、Agent[04]はAgent[05]に投票だね。
1,talk,38,7,2,実は俺は狂人だな。
1,talk,39,7,4,>>Agent[04] どうぞ！　私はそんなことはしませんが、ノーとは言えないから仕方ありません！データバンクにアクセスしてみた結果村人候補への無駄な誘導が平均より多いから私は人狼ではないと報告されていますが、ノーとは言えないから仕方ありません！
1,talk,40,8,5,Agent[01]がAgent[02]に人狼判定、Agent[02]がAgent[04]に人狼判定ですね。
1,talk,41,8,2,Agent[04]に投票して欲しい。Agent[04]は私が村寄りで見ていた者に投票したからね。
1,talk,42,8,4,Agent[04]は村だと思う。おっと、これはまだ言わないほうが良かったかな。
1,talk,43,8,1,>>Agent[02] Agent[04]を吊りましょう。ここが一番怪しいです。
1,talk,44,8,3,ソフトウェア･アップグレードの結果、前の考えは効率的ではない、とでました！安心してください！　Agent[03]が人狼か？と聞かれてもYESとはいいません！　イエス、というだけです！データバンクにアクセスしてみた結果村人候補への無駄な誘導が平均より多いと報告されています！
1,talk,45,9,4,Agent[01]が人狼のような気がします。
1,talk,46,9,2,俺は占い師だな。Agent[01]を占ったけど、結果は人間だったぞ。
1,talk,47,9,5,>>Agent[04] なんとなくだが、Agent[04]が人狼だと思う。
1,talk,48,9,1,>>Agent[01] Agent[03]が人狼だな。
1,talk,49,9,3,>>Agent[05] Agent[05]さん、いま時点では僕はきみに投票しようと思っているよ。
1,talk,50,10,2,Over
1,talk,51,10,4,Over
1,talk,52,10,1,Over
1,talk,53,10,5,Over
1,talk,54,10,3,Over
1,vote,1,4
1,vote,2,5
1,vote,3,5
1,vote,4,5
1,vote,5,3
1,execute,5,VILLAGER
1,attackVote,2,3
1,attack,3,true
2,status,1,POSSESSED,ALIVE,kanolab5
2,status,2,WEREWOLF,ALIVE,kanolab3
2,status,3,SEER,DEAD,kanolab4
2,status,4,VILLAGER,ALIVE,kanolab1
2,status,5,VILLAGER,DEAD,kanolab2
2,talk,0,0,1,Agent[01]さんは村人のAgent[03]に人間判定、Agent[05]さんは村人のAgent[03]に人狼判定を出すなんて私には出来ません！　参考になります！
2,talk,1,0,2,Agent[02]はAgent[05]に白を、Agent[03]はAgent[04]に白を出したよね。Agent[04]はAgent[03]に投票だね。
2,talk,2,0,4,Agent[01]さんとAgent[03]さんが自称占い師で、Agent[03]さんがAgent[01]さんを白、Agent[01]さんがAgent[01]さんを白と言っていたから、Agent[01]さんかAgent[03]さんが狂人だと思うよ。
2,talk,3,1,1,>>Agent[05] さあ！　みんなで投票して派手に退場してもらいましょう！　人狼がいない世界！　それこそグレートです！他のセキュリトロンによると誘導が多いと報告されています！
2,talk,4,1,4,Agent[02]が追放されたね。Agent[04]が襲われてる！
2,talk,5,1,2,>>Agent[03] Agent[03]の占い先のAgent[04]は人狼と思っているということですね？
2,talk,6,2,1,Agent[03]は人狼ではない。
2,talk,7,2,4,>>Agent[02] 君が狼というのは本当かい？
2,talk,8,2,2,>>Agent[02] Agent[03]からは敵の匂いがするね。私の直感は当たるんだ。
2,talk,9,3,1,ソフトウェア･アップグレードの結果、前の考えは効率的ではない、とでました！安心してください！　Agent[01]が人狼か？と聞かれてもYESとはいいません！　イエス、というだけです！他のセキュリトロンによると村人候補への無駄な誘導が平均より多いと報告されています！
2,talk,10,3,2,Agent[04]がAgent[01]に人間判定、Agent[01]がAgent[02]に人狼判定ですね。
2,talk,11,3,4,Agent[04]に投票します。せっかく占ったのに吊れないのは嫌ですよ。
2,talk,12,4,1,Agent[03]はAgent[02]に白を、Agent[05]はボクに白を出したよね。
2,talk,13,4,4,はじめまして。Agent[01]だ。嘘なんかついたことないよ？
2,talk,14,4,2,人狼はやっぱり面白いよね
2,talk,15,5,2,>>Agent[03] ハッキングされているのでしょうか！？何故か貴方に投票されています！　私は人狼らしい人に投票するようにしただけなのに！
2,talk,16,5,4,私は村人だね。
2,talk,17,5,1,Agent[01]が追放されたね。Agent[05]が襲われてる！
2,talk,18,6,2,私は人間だよ。Agent[03]はなぜ嘘をつくんだ？
2,talk,19,6,1,Agent[02]さんは占い師のAgent[01]に人間判定を出すなんて私には出来ません！　参考になります！
2,talk,20,6,4,何故か何度計算し直してもAgent[02]が人狼だとでてしまいます！　きっとこのプログラムが古いんでしょう！　後で新しいバージョンにアップデートしてきますね！会話履歴を見てみると占い師に人狼判定を出されていて、村人候補への無駄な誘導が平均より多いと報告されています！
2,talk,21,7,2,>>Agent[02] Agent[04]は他の運び屋と違い、占い師に人狼判定を出されていて、誘導が少ないと報告されています！
2,talk,22,7,4,お泊まり会とかで身内できゃっきゃっやる人狼とはレベルが違うよ
2,talk,23,7,1,>>Agent[05] 仕方ありません！
2,talk,24,8,2,>>Agent[03] 人外からの言葉に応える気はありません。
2,talk,25,8,1,とりあえず直感で、Agent[02]に投票するしかないね。
2,talk,26,8,4,Agent[02]が追放されたね。Agent[04]が襲われてる！Agent[03]に対抗します！Agent[04]に対抗します！Agent[03]の占い結果は人間でした！
2,talk,27,9,4,Agent[04]とAgent[03]が占い師COですね。
2,talk,28,9,1,Agent[05]さんが自称占い師で、Agent[05]さんがAgent[01]さんを白と言っていたから、Agent[01]さんが狂人だと思うよ。
2,talk,29,9,2,>>Agent[02] 私は狼じゃないぞ。もしかして君は狂人か？
2,talk,30,10,1,Over
2,talk,31,10,4,Over
2,talk,32,10,2,Over
2,vote,1,4
2,vote,2,1
2,vote,4,2
2,vote,1,2
2,vote,2,1
2,vote,4,2
2,execute,2,WEREWOLF
3,status,1,POSSESSED,ALIVE,kanolab5
3,status,2,WEREWOLF,DEAD,kanolab3
3,status,3,SEER,DEAD,kanolab4
3,status,4,VILLAGER,ALIVE,kanolab1
3,status,5,VILLAGER,DEAD,kanolab2
3,result,2,0,VILLAGER
