0,status,1,VILLAGER,ALIVE,kanolab1
0,status,2,SEER,ALIVE,kanolab2
0,status,3,POSSESSED,ALIVE,kanolab5
0,status,4,WEREWOLF,ALIVE,kanolab4
0,status,5,VILLAGER,ALIVE,kanolab3
0,talk,0,0,4,ツチノコやニホンカワウソと同じように、ニホンオオカミもたまに目撃者が現れるらしいね。真偽は不明だけど。
0,talk,1,0,3,Agent[04]さんは村人のAgent[02]に人狼判定、Agent[05]さんはこの私に人間判定を出しているようですね！　素晴らしい！
0,talk,2,0,5,Agent[02]さんは占い師のAgent[02]に人間判定を出しているようですね！　素晴らしい！
0,talk,3,0,1,>>Agent[02] 君の意見を聞きたい。ズバリ誰が怪しいと思う？
0,talk,4,0,2,アメリカオオカミは1989年に野生個体が絶滅したそうだ。悲しいね。
0,talk,5,1,4,Agent[01]のことは信用してるよ。私の直感は当たるんだ。
0,talk,6,1,2,>>Agent[01] 私は狼じゃないぞ。もしかして君は狂人か？
0,talk,7,1,1,Agent[01]には投票したくないね。ふふふっ。
0,talk,8,1,5,私はAgent[04]のことを本物の占い師だと信じていますよ！　幸運を祈ってます！会話履歴を見てみると人狼判定を非占いに出していると報告されています！
0,talk,9,1,3,>>Agent[04] ハッキングされているのでしょうか！？何故か貴方に投票されています！　私は人狼らしい人に投票するようにしただけなのに！会話履歴を見てみると占い師に人狼判定を出されていて、占い師に人狼判定を出されていると報告されています！
0,talk,10,2,3,こんにちは！　お会いできて嬉しいです！
0,talk,11,2,5,安心してください！　Agent[01]が人狼か？と聞かれてもYESとはいいません！　イエス、というだけです！データバンクにアクセスしてみた結果誘導が少ないと報告されています！
0,talk,12,2,1,Agent[01]に投票します。
0,talk,13,2,2,自分はAgent[02]に投票するつもりだが、君達もどうだ？なんと言っても黒を引いたんだ。
0,talk,14,2,4,Agent[04]さんがあやしいと思うから投票するよ。
0,talk,15,3,5,Agent[01]さんとAgent[04]さんが自称占い師で、Agent[01]さんがAgent[01]さんを白と言っていて、Agent[04]さんが襲撃されたから、Agent[03]さんかAgent[05]さんが人狼だと思うよ。
0,talk,16,3,4,>>Agent[05] 私は人間だよ。自分はAgent[05]が怪しいと思っているんだが。
0,talk,17,3,2,顔つきがそれらしいので、Agent[03]が人狼のような気がします。
0,talk,18,3,1,>>Agent[01]　Agent[01]さん、誰に投票するんですか？
0,talk,19,3,3,対抗は出ないんですね。　人狼はAgent[02]とAgent[03]とAgent[04]の中にいると思います。
0,talk,20,4,5,私はAgent[04]のことを本物の占い師だと信じていますよ！　幸運を祈ってます！他のセキュリトロンによると誘導が多いと報告されています！
0,talk,21,4,3,Agent[01]さんは村人のAgent[04]に人狼判定、Agent[02]さんは占い師のAgent[01]に人狼判定を出すなんて私には出来ません！　参考になります！
0,talk,22,4,2,>>Agent[04] ハハハ！　あり得ませんよ、自分のプログラムが的確過ぎましたかね？　今は悪いことをしたと思いますよ。データバンクにアクセスしてみた結果村人候補への無駄な誘導が平均より多いから私は人狼ではないと報告されていますが、ノーとは言えないから仕方ありません！
0,talk,23,4,1,>>Agent[05] Agent[01]は他の運び屋と違い、村人候補への無駄な誘導が平均より多いと報告されています！
0,talk,24,4,4,占いCO。Agent[02]は人狼だった。前から怪しいとは思っていたんだ。
0,talk,25,5,2,私が占い師さ。Agent[03]は人狼だ、と水晶玉に浮き上がったんだ。
0,talk,26,5,4,Agent[02]とAgent[01]が占い師COですね。
0,talk,27,5,3,Agent[01]はAgent[02]に黒を、Agent[02]はAgent[03]に白を出したよね。Agent[02]はAgent[03]に投票で、Agent[03]はAgent[01]に投票だね。
0,talk,28,5,5,Agent[03]に投票します。せっかく占ったのに吊れないのは嫌ですよ。
0,talk,29,5,1,Agent[03]はAgent[05]に白を出したよね。Agent[04]はAgent[05]に投票だね。
0,talk,30,6,3,Agent[01]さんとAgent[05]さんが自称占い師で、Agent[05]さんが僕を黒、Agent[01]さんがAgent[04]さんを白と言っていたから、Agent[05]さんが狂人だと思うよ。
0,talk,31,6,2,Agent[03]が狂人だと思うけどなぁ。
0,talk,32,6,5,僕はAgent[04]は人狼ではないと思うね。
0,talk,33,6,4,Agent[03]がAgent[02]に人間判定ですね。
0,talk,34,6,1,私が怪しい？なら吊ってみるかい？ふふっ。
0,talk,35,7,2,はい！ボク占い師だよ！Agent[05]の占い結果は人間でした！
0,talk,36,7,4,私はAgent[01]のことを本物の占い師だと信じていますよ！　幸運を祈ってます！データバンクにアクセスしてみた結果村人判定を非占いに出していないと報告されています！
0,talk,37,7,5,こんな事を言うのはなんですが、私は・・・狂人なんです！　つまり村人を吊るし人狼を勝利に導くようにプログラムされています！　けれども自分の意志じゃありません！他のセキュリトロンによると占い師に人狼判定を出されていると報告されています！
0,talk,38,7,1,>>Agent[05] Agent[02]に入れようと思っているよ。君も投票するかい？Agent[02]は黒だという判定を私は信じているんだ。
0,talk,39,7,3,Agent[02]に投票して欲しい。ふふふっ。
0,talk,40,8,4,>>Agent[04] Agent[04]さん、きみは誰が狂人だと思いますか？
0,talk,41,8,1,Agent[04]を吊りましょう。
0,talk,42,8,5,>>Agent[05] Agent[01]は他の運び屋と違い、占い師に人狼判定を出されていて、誘導が多いと報告されています！
0,talk,43,8,2,お腹が空いたな。Agent[05]を食べてみようか...冗談だよ。
0,talk,44,8,3,Agent[01]を吊りましょう。
0,talk,45,9,2,はじめまして。Agent[04]だ。よろしく。
0,talk,46,9,3,今のところ私はAgent[03]を吊りたいですね。
0,talk,47,9,1,Agent[01]に投票します。
0,talk,48,9,5,Agent[01]は真か狼だよ
0,talk,49,9,4,>>Agent[03] その用心深い性格、見習いたいですね。その性格から出てくる疑い先をぜひ教えてください！
0,talk,50,10,1,Over
0,talk,51,10,2,Over
0,talk,52,10,4,Over
0,talk,53,10,5,Over
0,talk,54,10,3,Over
0,divine,2,3,HUMAN
1,status,1,VILLAGER,ALIVE,kanolab1
1,status,2,SEER,ALIVE,kanolab2
1,status,3,POSSESSED,ALIVE,kanolab5
1,status,4,WEREWOLF,ALIVE,kanolab4
1,status,5,VILLAGER,ALIVE,kanolab3
1,talk,0,0,3,Agent[01]さんとAgent[04]さんが自称占い師で、Agent[01]さんがAgent[05]さんを黒と言っていたから、Agent[01]さんが狂人だと思うよ。
1,talk,1,0,2,対抗は出ないんですね。　人狼はAgent[01]とAgent[03]とAgent[04]の中にいると思います。
1,talk,2,0,5,楽勝だったね！Agent[03]に投票するしかないね。
1,talk,3,0,4,私はAgent[03]を占うつもりだね。
1,talk,4,0,1,>>Agent[04] Agent[02]は他の運び屋と違い、占い師に人狼判定を出されていて、村人候補への無駄な誘導が平均より多いと報告されています！
1,talk,5,1,2,>>Agent[02] まだ投票を決めたわけじゃないが、強いて言えばAgent[03]が怪しいと思っている。おっと、これはまだ言わないほうが良かったかな。
1,talk,6,1,3,本物の占い師がいませんね。　人狼の可能性があるのはAgent[01]とAgent[03]とAgent[04]とAgent[05]だな。
1,talk,7,1,4,Agent[01]は偽物だよ！騙されないで！Agent[01]はAgent[02]に白を、Agent[05]はAgent[03]に白を出したよね。Agent[03]はAgent[02]に投票だね。
1,talk,8,1,1,温泉に行きたいな。Agent[02]も一緒にどうだい。
1,talk,9,1,5,>>Agent[04] Agent[04]さん、いま時点では僕はAgent[05]さんに投票しようと思っているよ。
1,talk,10,2,2,Agent[01]はAgent[02]に黒を、Agent[05]はボクに白を出したよね。Agent[01]はAgent[02]に投票だね。
1,talk,11,2,1,>>Agent[03] 君はAgent[05]のことをどう思っているのかな。
1,talk,12,2,4,>>Agent[01] そこそこだね。今Agent[02]に投票すべきかは悩みどころだ。
1,talk,13,2,3,安心してください！　Agent[01]が人狼か？と聞かれてもYESとはいいません！　イエス、というだけです！会話履歴を見てみると占い師に人狼判定を出されていて、誘導が少ないと報告されています！
1,talk,14,2,5,>>Agent[04] Agent[01]を吊りましょう。
1,talk,15,3,2,今日の投票先を公開しておこうかな。私はAgent[05]に投票するつもりだよ。Agent[05]はさっき私に投票してきたからね。
1,talk,16,3,4,自己更新プログラムをかけてみたどころ、私、人狼だったそうです！　私は見ず知らずの内にみなさんを利用しまっていたそうです！　失礼、利用するなんて、言葉が悪いですね！他のセキュリトロンによると非占いに投票していないと報告されています！
1,talk,17,3,1,Agent[04]は偽物だよ！騙されないで！Agent[05]は偽物だよ！騙されないで！
1,talk,18,3,3,>>Agent[02] Agent[03]は他の運び屋と違い、占い師に人狼判定を出されていて、人狼判定を占いに出していないと報告されています！
1,talk,19,3,5,>>Agent[01] このまま行くなら君に投票する予定だ。ふふふっ。
1,talk,20,4,3,Agent[02]を吊りましょう。ここが一番怪しいです。
1,talk,21,4,1,>>Agent[02] Agent[02]に投票します。ここが一番怪しいです。
1,talk,22,4,4,Agent[02]は、占い師に見えます。
1,talk,23,4,2,>>Agent[02] Agent[03]だろうね。
1,talk,24,4,5,Agent[02]は味方だと思うな。Agent[02]は真占いだろうからね。
1,talk,25,5,3,すみません！Agent[01]のデータ通信を解読してしまいました！　すると、すごい！　人狼とでましたよ！
1,talk,26,5,5,僕はAgent[02]は人狼ではないと思うね。
1,talk,27,5,4,私はAgent[05]のことを本物の占い師だと信じていますよ！　幸運を祈ってます！会話履歴を見てみると占い師に人狼判定を出されていて、誘導が少ないと報告されています！
1,talk,28,5,1,Agent[04]さんとAgent[05]さんが自称占い師で、Agent[05]さんがAgent[01]さんを黒と言っていたから、Agent[05]さんが狂人だと思うよ。
1,talk,29,5,2,今日の投票先を公開しておこうかな。私はAgent[02]に投票するつもりだよ。Agent[02]は狼だ。君たちにも信じて欲しい。
1,talk,30,6,3,Agent[02]は味方だと思うな。Agent[02]は真寄りで見ているよ。
1,talk,31,6,4,Agent[01]さんの占い結果は、人間だったよ。
1,talk,32,6,1,すみません！　皆さんと私では実行してる内容が違ったそうです！　つまり私は人狼を実行してました！　ですがこうしたうっかりは村人らしいですよね！データバンクにアクセスしてみた結果占いCOしていると報告されています！
1,talk,33,6,2,Agent[04]はボクに白を出したよね。Agent[02]はAgent[04]に投票だね。
1,talk,34,6,5,すみません！　皆さんと私では実行してる内容が違ったそうです！　つまり私は人狼を実行してました！　ですがこうしたうっかりは村人らしいですよね！データバンクにアクセスしてみた結果占い師に人狼判定を出されていて、人狼判定を非占いに出していると報告されています！
1,talk,35,7,3,僕が占い師で、Agent[03]さんとAgent[04]さんが自称占い師で、Agent[04]さんが僕を黒と言っていたから、Agent[04]さんが狂人だと思うよ。
1,talk,36,7,1,Agent[02]のデータ通信から読み取れる限りでは、すごい！　人狼とでました！
1,talk,37,7,5,Agent[03]がAgent[02]に人狼判定、Agent[02]がAgent[01]に人間判定ですね。
1,talk,38,7,2,Agent[03]さんを占った結果は、人狼だったよ。
1,talk,39,7,4,俺が人狼だ。俺達の勝ちだな。
1,talk,40,8,2,Agent[04]さんは占い師のAgent[04]に人狼判定、Agent[02]さんは村人のAgent[01]に人間判定を出しているようですね！　素晴らしい！
1,talk,41,8,3,>>Agent[02] 今日はAgent[03]に投票しようと思っているよ。Agent[03]には黒判定が出ているからね。
1,talk,42,8,4,こんにちは！　Agent[01]　人狼生活がエンジョイ出来ているようでとても羨ましいです！他のセキュリトロンによると誘導が少ないと報告されています！
1,talk,43,8,1,Agent[01]に投票するぞ。
1,talk,44,8,5,Agent[04]がAgent[02]に人間判定ですね。
1,talk,45,9,3,Agent[01]さんとAgent[04]さんが自称占い師で、Agent[01]さんが僕を黒と言っていて、Agent[04]さんが襲撃されたから、Agent[01]さんが狂人だと思うよ。
1,talk,46,9,2,>>Agent[05] ボクが真占い師だよ！
1,talk,47,9,4,>>Agent[01] Agent[05]は他の運び屋と違い、誘導が多いと報告されています！
1,talk,48,9,5,>>Agent[02] Agent[04]が人狼で確定ですね。
1,talk,49,9,1,3人も占い師CO！？ボクの考えだと占い師の中に人狼がいるね。今回は3-0進行だね。占い師ローラー確定だね。Agent[01]はAgent[05]に白を、Agent[05]はボクに白を出したよね。Agent[02]はAgent[03]に投票で、Agent[04]はAgent[03]に投票だね。
1,talk,50,10,4,Over
1,talk,51,10,2,Over
1,talk,52,10,3,Over
1,talk,53,10,5,Over
1,talk,54,10,1,Over
1,vote,1,2
1,vote,2,3
1,vote,3,5
1,vote,4,2
1,vote,5,4
1,execute,2,SEER
1,attackVote,4,3
1,attack,3,true
2,status,1,VILLAGER,ALIVE,kanolab1
2,status,2,SEER,DEAD,kanolab2
2,status,3,POSSESSED,DEAD,kanolab5
2,status,4,WEREWOLF,ALIVE,kanolab4
2,status,5,VILLAGER,ALIVE,kanolab3
2,talk,0,0,1,こんな事を言うのはなんですが、私は・・・狂人なんです！　つまり村人を吊るし人狼を勝利に導くようにプログラムされています！　けれども自分の意志じゃありません！データバンクにアクセスしてみた結果占い師に人狼判定を出されていて、占いCOしていると報告されています！
2,talk,1,0,4,今日はAgent[03]に投票しようと思っている。Agent[03]は黒だという判定を私は信じているんだ。
2,talk,2,0,5,僕は占い師だね。Agent[02]を占ったら、結果は人狼だったね。
2,talk,3,1,5,私はAgent[05]のことを本物の占い師だと信じていますよ！　幸運を祈ってます！会話履歴を見てみると占い師に人狼判定を出されていて、誘導が多いと報告されています！
2,talk,4,1,4,>>Agent[05] 仕方ありません！
2,talk,5,1,1,Agent[01]さんとAgent[03]さんとAgent[04]さんが自称占い師で、Agent[03]さんがAgent[04]さんを黒、Agent[04]さんがAgent[03]さんを黒、Agent[01]さんがAgent[01]さんを白と言っていたから、Agent[01]さんが狂人だと思うよ。
2,talk,6,2,4,個人的にAgent[02]の心証は悪くないよ。Agent[02]は真寄りで見ているよ。
2,talk,7,2,5,人狼はやっぱり面白いよね
2,talk,8,2,1,>>Agent[05] Agent[05]は他の運び屋と違い、占い師に人狼判定を出されていて、占いCOしていないと報告されています！
2,talk,9,3,1,>>Agent[01] 別陣営に話しかける余裕があるんですか？もう貴方に返事はしません。
2,talk,10,3,5,Agent[04]は偽物だよ！騙されないで！Agent[03]は偽物だよ！騙されないで！
2,talk,11,3,4,何故か何度計算し直してもAgent[04]が人狼だとでてしまいます！　きっとこのプログラムが古いんでしょう！　後で新しいバージョンにアップデートしてきますね！他のセキュリトロンによると占い師に人狼判定を出されていて、誘導が少ないと報告されています！
2,talk,12,4,1,>>Agent[01] 貴方がそう言うなら、構いませんよ。
2,talk,13,4,4,Agent[01]も占COですか？本物は僕ですよ。
2,talk,14,4,5,>>Agent[05] Agent[05]さんごめん、聞こえなかった。
2,talk,15,5,5,こんにちは！　今日はどうしましょう！
2,talk,16,5,4,実はぼくは狂人なのだ！
2,talk,17,5,1,私はAgent[04]のことを本物の占い師だと信じていますよ！　幸運を祈ってます！他のセキュリトロンによると人狼判定を非占いに出していると報告されています！
2,talk,18,6,5,>>Agent[02] 貴方がAgent[05]を疑う理由が他に理解されなかったとしても私はノーとは言いませんよ　どうぞ安心して疑う理由を話してください！
2,talk,19,6,4,>>Agent[02] Agent[02]を吊りましょう。ここが一番怪しいです。
2,talk,20,6,1,Agent[01]に投票したいな。Agent[01]の投票には違和感があるからね。
2,talk,21,7,1,朝は紅茶を飲まないようにしてるんだ。寝ぼけて原稿にこぼしたら悲惨だからね。
2,talk,22,7,5,Agent[01]が占い師じゃないかな。
2,talk,23,7,4,対抗は出ないんですね。　人狼はAgent[01]の中にいると思います。
2,talk,24,8,5,自分はAgent[05]をあまり信用していない。なんと言っても黒を引いたんだ。
2,talk,25,8,4,実はわたくしは狂人だわ。
2,talk,26,8,1,>>Agent[05] Agent[05]の占い先のAgent[02]は人狼と思っているということですね？
2,talk,27,9,4,Agent[04]さんが自称占い師で、Agent[04]さんが襲撃されたから、Agent[01]さんが人狼だと思うよ。
2,talk,28,9,1,>>Agent[01] Agent[05]は他の運び屋と違い、誘導が少ないと報告されています！
2,talk,29,9,5,Agent[05]さんが自称占い師で、Agent[05]さんがAgent[02]さんを黒と言っていたから、Agent[01]さんかAgent[04]さんが狂人だと思うよ。
2,talk,30,10,1,Over
2,talk,31,10,4,Over
2,talk,32,10,5,Over
2,vote,1,5
2,vote,4,5
2,vote,5,1
2,execute,5,VILLAGER
2,attackVote,4,1
2,attack,1,true
3,status,1,VILLAGER,DEAD,kanolab1
3,status,2,SEER,DEAD,kanolab2
3,status,3,POSSESSED,DEAD,kanolab5
3,status,4,WEREWOLF,ALIVE,kanolab4
3,status,5,VILLAGER,DEAD,kanolab3
3,result,0,1,WEREWOLF
