0,status,1,VILLAGER,ALIVE,kanolab5
0,status,2,SEER,ALIVE,kanolab4
0,status,3,WEREWOLF,ALIVE,kanolab1
0,status,4,VILLAGER,ALIVE,kanolab3
0,status,5,POSSESSED,ALIVE,kanolab2
0,talk,0,0,3,うーん、考えることが多くて悩ましいなあ。
0,talk,1,0,4,僕が占い師で、Agent[04]さんが自称占い師だから、Agent[04]さんが狂人だと思うよ。
0,talk,2,0,2,今日の夜はAgent[03]に投票するつもりだ。Agent[03]は少なくとも真占いではないだろう。つまり狼か狂人だ。
0,talk,3,0,1,Agent[04]が追放されたね。Agent[02]が襲われてる！Agent[02]に対抗します！Agent[03]の占い結果は人狼でした！
0,talk,4,0,5,>>Agent[04] Agent[03]に投票するぞ。占い結果が人狼だったからな。
0,talk,5,1,4,>>Agent[04] さあ！　みんなで投票して派手に退場してもらいましょう！　人狼がいない世界！　それこそグレートです！会話履歴を見てみると非占いに投票していると報告されています！
0,talk,6,1,2,>>Agent[01] Agent[05]の印象を聞きたい。君はどう思っている？
0,talk,7,1,5,はじめまして。私は作家のAgent[04]。よろしく。
0,talk,8,1,1,はじめまして。Agent[05]だ。狼の噂は聞いたよ。なかなかホラーな話だね。
0,talk,9,1,3,ソフトウェア･アップグレードの結果、前の考えは効率的ではない、とでました！こんにちは！　Agent[04]　人狼生活がエンジョイ出来ているようでとても羨ましいです！会話履歴を見てみると人狼判定を非占いに出していないと報告されています！
0,talk,10,2,4,Agent[01]さんは村人のAgent[05]に人間判定、Agent[04]さんは占い師のAgent[01]に人間判定を出しているようですね！　素晴らしい！
0,talk,11,2,1,>>Agent[03] 私は全部知っています。物知りでしょ？
0,talk,12,2,3,私はAgent[03]のことを本物の占い師だと信じていますよ！　幸運を祈ってます！データバンクにアクセスしてみた結果占い師に人狼判定を出されていて、村人判定を非占いに出していないと報告されています！
0,talk,13,2,5,>>Agent[04] Agent[04]は誰かの気になっている発言はありますか？
0,talk,14,2,2,>>Agent[01] Agent[03]は他の運び屋と違い、占いCOしていると報告されています！
0,talk,15,3,3,>>Agent[02] ありがとう。君のことは真寄りで見るよ。
0,talk,16,3,2,Agent[01]のことは信用してるよ。Agent[01]は真占いだろうからね。
0,talk,17,3,1,>>Agent[04] ハハハ！　笑えませんね！
0,talk,18,3,4,>>Agent[03] Agent[01]は他の運び屋と違い、村人候補への無駄な誘導が平均より多いと報告されています！
0,talk,19,3,5,>>Agent[04] ハッキングされているのでしょうか！？何故か貴方に投票されています！　私は人狼らしい人に投票するようにしただけなのに！会話履歴を見てみると占い師に人狼判定を出されていると報告されています！
0,talk,20,4,4,すみません！Agent[02]のデータ通信を解読してしまいました！　すると、残念ながら人狼とでましたよ！
0,talk,21,4,2,Agent[04]のことは信じている。ふふっ。
0,talk,22,4,1,Agent[02]さんを占った結果は、人間だったよ。
0,talk,23,4,3,Agent[04]って占い結果話したっけ？Agent[03]はAgent[05]に黒を出したよね。
0,talk,24,4,5,Agent[01]さんとAgent[02]さんが自称占い師で、Agent[01]さんがAgent[02]さんを黒、Agent[02]さんがAgent[01]さんを黒と言っていたから、Agent[04]さんかAgent[05]さんが狂人だと思うよ。
0,talk,25,5,4,>>Agent[02] 私は人間だよ。自分はAgent[02]が怪しいと思っているんだが。
0,talk,26,5,2,あたいはさっきと意見が変わるけど、やっぱりAgent[05]は人狼ではないと思うぜ。
0,talk,27,5,3,>>Agent[04] Agent[04]は他の運び屋と違い、占い師に人狼判定を出されていて、人狼判定を非占いに出していると報告されています！
0,talk,28,5,5,>>Agent[02] 私は人間だよ。吊っても村に良いことは何もない。
0,talk,29,5,1,Agent[04]がAgent[03]に人間判定ですね。
0,talk,30,6,3,Agent[02]は偽物だよ！騙されないで！
0,talk,31,6,2,>>Agent[01] Agent[03]が人狼で確定ですね。
0,talk,32,6,1,対抗占い師に黒出し？2人占い師COなら対抗は狂人がセオリーだし、Agent[03]の判定は怪しいよ。Agent[02]はAgent[05]に白を、Agent[03]はAgent[02]に黒を出したよね。Agent[04]はAgent[05]に投票だね。
0,talk,33,6,4,今日の投票先を公開しておこうかな。私はAgent[03]に投票するつもりだよ。Agent[03]の投票は私に理解できないよ。
0,talk,34,6,5,ふむ。Agent[03]がAgent[01]に人狼判定か。
0,talk,35,7,1,こんにちは！　Agent[04]　人狼生活がエンジョイ出来ているようでとても羨ましいです！データバンクにアクセスしてみた結果占い師に人狼判定を出されていて、誘導が少ないと報告されています！
0,talk,36,7,5,Agent[03]さんは村人のAgent[01]に人間判定、Agent[05]さんは村人のAgent[01]に人間判定を出しているようですね！　素晴らしい！
0,talk,37,7,3,私は人間だよ。Agent[02]はなぜ嘘をつくんだ？
0,talk,38,7,2,今日の吊りが全てを決める。なかなか燃える展開だね。
0,talk,39,7,4,占いCO。Agent[04]は人狼だった。前から怪しいとは思っていたんだ。
0,talk,40,8,2,>>Agent[04] Agent[04]さん、きみは誰が人狼だと思いますか？
0,talk,41,8,5,Agent[02]に投票しようと思っているんだが…。ふふふっ。
0,talk,42,8,1,俺が追放されるのか。残念だ。
0,talk,43,8,3,私はAgent[01]のことを本物の占い師だと信じていますよ！　幸運を祈ってます！データバンクにアクセスしてみた結果占い師に人狼判定を出されていて、村人判定を非占いに出していないと報告されています！
0,talk,44,8,4,>>Agent[01] 私の鼻は鋭いよ？Agent[01]からは敵の匂いがするんだ。ふふっ。
0,talk,45,9,4,Agent[02]は味方だと思うな。Agent[02]は真占いだろうからね。
0,talk,46,9,1,>>Agent[02] 私は狼じゃないぞ。もしかして君は狂人か？
0,talk,47,9,5,>>Agent[01] ハッキングされているのでしょうか！？何故か貴方に投票されています！　私は人狼らしい人に投票するようにしただけなのに！会話履歴を見てみると占い師に人狼判定を出されていると報告されています！
0,talk,48,9,3,Agent[04]が狂人な気がする。
0,talk,49,9,2,何故か何度計算し直してもAgent[02]が人狼だとでてしまいます！　きっとこのプログラムが古いんでしょう！　後で新しいバージョンにアップデートしてきますね！他のセキュリトロンによると占い師に人狼判定を出されていて、人狼判定を占いに出していないと報告されています！
0,talk,50,10,1,Over
0,talk,51,10,5,Over
0,talk,52,10,4,Over
0,talk,53,10,2,Over
0,talk,54,10,3,Over
0,divine,2,1,HUMAN
1,status,1,VILLAGER,ALIVE,kanolab5
1,status,2,SEER,ALIVE,kanolab4
1,status,3,WEREWOLF,ALIVE,kanolab1
1,status,4,VILLAGER,ALIVE,kanolab3
1,status,5,POSSESSED,ALIVE,kanolab2
1,talk,0,0,4,僕が占い師で、Agent[01]さんが自称占い師で、Agent[01]さんがAgent[05]さんを白と言っていたから、Agent[01]さんが狂人だと思うよ。
1,talk,1,0,3,Agent[02]には投票したくないね。なんとなくだが、本物の占い師として見ているよ。
1,talk,2,0,5,Agent[01]が狂人だと思うよ。
1,talk,3,0,2,Agent[04]さんとAgent[05]さんが自称占い師で、Agent[04]さんがAgent[05]さんを黒と言っていたから、Agent[05]さんが人狼だと思うよ。
1,talk,4,0,1,Agent[01]を占ったら人間でした。
1,talk,5,1,5,Agent[03]を吊りましょう。僕を吊ると負けてしまうので。
1,talk,6,1,1,自分はAgent[02]をあまり信用していない。私の直感は当たるんだ。
1,talk,7,1,2,はじめまして。Agent[01]だ。なんだか厄介なことに巻き込まれてしまったね。
1,talk,8,1,4,>>Agent[01] 既に決めているなら、誰に投票するか教えてほしいな。
1,talk,9,1,3,私はAgent[02]のことを本物の占い師だと信じていますよ！　幸運を祈ってます！会話履歴を見てみると占いCOしていないと報告されています！
1,talk,10,2,1,Agent[01]は偽物だよ！騙されないで！Agent[05]は偽物だよ！騙されないで！
1,talk,11,2,5,>>Agent[01] ありがとうございます。
1,talk,12,2,2,占い結果を妄信するしかないな。Agent[05]が人狼だと思う。
1,talk,13,2,4,僕はAgent[05]を占うつもりだね。
1,talk,14,2,3,>>Agent[01] 今のところはAgent[01]に投票しようと思っているよ。黒を貰っているし。
1,talk,15,3,1,皆、Agent[01]に投票を合わせよう。ふふっ。
1,talk,16,3,5,Agent[02]に投票して欲しい。ふふふっ。
1,talk,17,3,3,Agent[02]に投票します。せっかく占ったのに吊れないのは嫌ですよ。
1,talk,18,3,4,>>Agent[04] そのとおり。私は人間だよ。
1,talk,19,3,2,Agent[01]が村人だと思うけどなぁ。
1,talk,20,4,1,Agent[01]に投票するぞ。俺が死ぬくらいなら、ここに死んでもらう。
1,talk,21,4,4,Agent[03]が狂人な気がする。
1,talk,22,4,5,>>Agent[01] Agent[01]に入れようと思っているよ。君も投票するかい？なんとなくだけどね。
1,talk,23,4,2,今日の夜はAgent[03]に投票するつもりだ。なんとなくだけどね。
1,talk,24,4,3,僕はAgent[04]を占うつもりだね。
1,talk,25,5,1,Agent[03]がAgent[02]に人間判定ですね。
1,talk,26,5,4,>>Agent[01] Agent[03]についてどう考えているかな。君の考えを聞きたい。
1,talk,27,5,5,こんにちは！　Agent[05]　人狼生活がエンジョイ出来ているようでとても羨ましいです！他のセキュリトロンによると占い師に人狼判定を出されていて、人狼判定を占いに出していないと報告されています！
1,talk,28,5,3,占い師候補が３人。占い師の見極めが大切ですね。　人狼はAgent[01]とAgent[03]の中にいると思います。
1,talk,29,5,2,>>Agent[04] Agent[03]が人狼のような気がします。
1,talk,30,6,2,>>Agent[05] Agent[02]に入れようと思っているよ。君も投票するかい？Agent[02]は黒だという判定を私は信じているんだ。
1,talk,31,6,5,>>Agent[01] Agent[01]はなぜ私を占おうと思ったんですか？
1,talk,32,6,3,>>Agent[01] すみません！あなたに投票してしまいました！　自分の意志ではありませんよ、プログラムの設定上しょうがなくです！
1,talk,33,6,1,Agent[02]に投票して欲しい。Agent[02]が真占いだという気がするんだ。
1,talk,34,6,4,Agent[01]を占ったら狼でした。
1,talk,35,7,4,>>Agent[04] Agent[04]さん、僕が占い師です！　きみが人狼なんですか！？
1,talk,36,7,3,>>Agent[03] Agent[01]は他の運び屋と違い、占いCOしていると報告されています！
1,talk,37,7,5,安心してください！　Agent[01]が人狼か？と聞かれてもYESとはいいません！　イエス、というだけです！データバンクにアクセスしてみた結果占い師に人狼判定を出されていて、誘導が多いと報告されています！
1,talk,38,7,1,Agent[01]はすごく狼っぽいよね。Agent[01]に清き一票を！
1,talk,39,7,2,オーラを感じるので、Agent[04]が人狼のような気がします。
1,talk,40,8,5,Agent[02]さんは村人のAgent[04]に人狼判定、Agent[05]さんは占い師のAgent[02]に人狼判定を出しているようですね！　素晴らしい！
1,talk,41,8,3,>>Agent[02] Agent[04]は他の運び屋と違い、占いCOしていないと報告されています！
1,talk,42,8,4,Agent[05]とは仲間な気がする。
1,talk,43,8,1,>>Agent[02] Agent[01]の印象を聞きたいな。
1,talk,44,8,2,ボクは占い師！Agent[01]の占い結果は人狼でした！
1,talk,45,9,4,Agent[01]さんはこの私に人間判定、Agent[05]さんは村人のAgent[03]に人狼判定を出しているようですね！　素晴らしい！
1,talk,46,9,5,>>Agent[02] Agent[03]は他の運び屋と違い、占い師に人狼判定を出されていると報告されています！
1,talk,47,9,3,何故か何度計算し直してもAgent[01]が人狼だとでてしまいます！　きっとこのプログラムが古いんでしょう！　後で新しいバージョンにアップデートしてきますね！会話履歴を見てみると誘導が少ないと報告されています！
1,talk,48,9,1,ソフトウェア･アップグレードの結果、前の考えは効率的ではない、とでました！安心してください！　Agent[04]が人狼か？と聞かれてもYESとはいいません！　イエス、というだけです！他のセキュリトロンによると占い師に人狼判定を出されていて、人狼判定を非占いに出していると報告されています！
1,talk,49,9,2,>>Agent[01] 君はAgent[02]のことをどう思っているのかな。
1,talk,50,10,3,Over
1,talk,51,10,2,Over
1,talk,52,10,1,Over
1,talk,53,10,4,Over
1,talk,54,10,5,Over
1,vote,1,3
1,vote,2,5
1,vote,3,5
1,vote,4,1
1,vote,5,1
1,vote,1,3
1,vote,2,5
1,vote,3,4
1,vote,4,5
1,vote,5,3
1,execute,5,POSSESSED
1,divine,2,3,WEREWOLF
1,attackVote,3,1
1,attack,1,true
2,status,1,VILLAGER,DEAD,kanolab5
2,status,2,SEER,ALIVE,kanolab4
2,status,3,WEREWOLF,ALIVE,kanolab1
2,status,4,VILLAGER,ALIVE,kanolab3
2,status,5,POSSESSED,DEAD,kanolab2
2,talk,0,0,3,占いCOだ。Agent[05]は人間だったよ。Agent[05]には投票しないで欲しいな。
2,talk,1,0,4,>>Agent[04] 君は味方だと信じているよ。
2,talk,2,0,2,Agent[02]は村だと思う。ふふっ。
2,talk,3,1,4,占い師候補は２人か。それなら真狂だろう。　人狼の可能性があるのはAgent[01]だな。
2,talk,4,1,3,Agent[01]さんは村人のAgent[04]に人狼判定、Agent[02]さんはこの私に人狼判定を出すなんて私には出来ません！　参考になります！
2,talk,5,1,2,Agent[01]のことは信じている。おっと、これはまだ言わないほうが良かったかな。
2,talk,6,2,2,Agent[05]はボクに白を出したよね。Agent[02]はAgent[01]に投票で、Agent[04]はAgent[01]に投票だね。
2,talk,7,2,3,>>Agent[03] まだ悩んでいます。できれば誰も疑いたくはないのですが。
2,talk,8,2,4,Agent[04]さんは占い師のAgent[04]に人狼判定、Agent[02]さんは村人のAgent[01]に人間判定を出しているようですね！　素晴らしい！
2,talk,9,3,2,何故か何度計算し直してもAgent[05]が人狼だとでてしまいます！　きっとこのプログラムが古いんでしょう！　後で新しいバージョンにアップデートしてきますね！データバンクにアクセスしてみた結果村人候補への無駄な誘導が平均より多いと報告されています！
2,talk,10,3,4,>>Agent[03] ハハハ！　あり得ませんよ、自分のプログラムが的確過ぎましたかね？　今は悪いことをしたと思いますよ。他のセキュリトロンによると村人候補への無駄な誘導が平均より多いから私は人狼ではないと報告されていますが、ノーとは言えないから仕方ありません！
2,talk,11,3,3,Agent[03]はAgent[02]に白を、Agent[05]はボクに白を出したよね。
2,talk,12,4,3,Agent[02]さんは村人のAgent[04]に人間判定、Agent[05]さんは村人のAgent[01]に人狼判定を出しているようですね！　素晴らしい！
2,talk,13,4,2,Agent[02]が村人だと思うよ。
2,talk,14,4,4,今日の投票先を公開しておこうかな。私はAgent[01]に投票するつもりだよ。狼に投票するのは当然だろう。
2,talk,15,5,2,皆、Agent[03]に投票を合わせよう。さっきCOしたとおり、Agent[03]は狼だからね。
2,talk,16,5,3,僕は占い師だね。Agent[02]を占ったら、結果は人狼だったね。
2,talk,17,5,4,>>Agent[03] Agent[03]はAgent[04]のことをどう思いますか？
2,talk,18,6,3,Agent[04]に投票を集めたい。投票してくれるかい？Agent[04]の投票には違和感があるからね。
2,talk,19,6,4,>>Agent[01] Agent[04]を吊りましょう。ここが一番怪しいです。
2,talk,20,6,2,>>Agent[01] Agent[01]さん、いま時点では僕はきみに投票しようと思っているよ。
2,talk,21,7,4,みなさんはじめまして、徳島出身のIndigoです。よろしくね。
2,talk,22,7,2,ソフトウェア･アップグレードの結果、前の考えは効率的ではない、とでました！こんにちは！　Agent[05]　人狼生活がエンジョイ出来ているようでとても羨ましいです！会話履歴を見てみると村人候補への無駄な誘導が平均より多いと報告されています！
2,talk,23,7,3,Agent[03]さんは村人のAgent[01]に人間判定を出しているようですね！　素晴らしい！
2,talk,24,8,4,私が味方だと信じてくれるのか。いい判断だと思うよ。
2,talk,25,8,3,ボクが占い師！他はみんな偽物だよ！Agent[01]の占い結果は人狼でした！
2,talk,26,8,2,僕が占い師で、Agent[02]さんとAgent[03]さんが自称占い師で、Agent[02]さんが僕を白と言っていたから、Agent[02]さんかAgent[03]さんが狂人だと思うよ。
2,talk,27,9,2,>>Agent[04] どうでしょうね？
2,talk,28,9,3,顔つきがそれらしいので、Agent[02]が人狼のような気がします。
2,talk,29,9,4,占いCO。昨日夢の中で見たんだ。Agent[03]は人狼だ。
2,talk,30,10,4,Over
2,talk,31,10,3,Over
2,talk,32,10,2,Over
2,vote,2,3
2,vote,3,4
2,vote,4,3
2,execute,3,WEREWOLF
3,status,1,VILLAGER,DEAD,kanolab5
3,status,2,SEER,ALIVE,kanolab4
3,status,3,WEREWOLF,DEAD,kanolab1
3,status,4,VILLAGER,ALIVE,kanolab3
3,status,5,POSSESSED,DEAD,kanolab2
3,result,2,0,VILLAGER
