0,status,1,SEER,ALIVE,kanolab5
0,status,2,POSSESSED,ALIVE,kanolab3
0,status,3,WEREWOLF,ALIVE,kanolab1
0,status,4,VILLAGER,ALIVE,kanolab4
0,status,5,VILLAGER,ALIVE,kanolab2
0,talk,0,0,3,>>Agent[04] よければAgent[04]の考えを聞かせて欲しい。誰が狼だと思う？
0,talk,1,0,2,>>Agent[04] Agent[01]は他の運び屋と違い、占い師に人狼判定を出されていて、誘導が少ないと報告されています！
0,talk,2,0,4,Agent[03]さんは村人のAgent[01]に人狼判定、Agent[04]さんは占い師のAgent[03]に人間判定を出しているようですね！　素晴らしい！
0,talk,3,0,1,Agent[02]さんは占い師のAgent[04]に人間判定、Agent[04]さんは村人のAgent[01]に人間判定を出しているようですね！　素晴らしい！
0,talk,4,0,5,私はAgent[04]のことを本物の占い師だと信じていますよ！　幸運を祈ってます！
0,talk,5,1,5,>>Agent[01] 君の意見を聞きたい。ズバリ誰が怪しいと思う？
0,talk,6,1,4,俺は占い師だな。Agent[02]を占ったら、結果は人狼だったぞ。
0,talk,7,1,3,はい！ボク占い師だよ！Agent[05]の占い結果は人間でした！
0,talk,8,1,1,>>Agent[04] 人狼ではありませんが、貴方が人狼だと思うのならば、どうぞ投票してください！。会話履歴を見てみると村人候補への無駄な誘導が平均より少ないから私は人狼ではないと報告されていますが、ノーとは言えないから仕方ありません！
0,talk,9,1,2,>>Agent[04]　Agent[04]さん、誰に投票するんですか？
0,talk,10,2,4,Agent[01]もAgent[01]に白出ししたから、Agent[01]は白確定でいいんじゃないかな。
0,talk,11,2,2,私は占い師だね。Agent[01]を占ったけど、結果は人間だったね。
0,talk,12,2,1,>>Agent[02] 貴方がAgent[01]を疑う理由を私に教えてください。どんなことでもノーと言いませんから！。いや本当に！
0,talk,13,2,5,>>Agent[01] ハッキングされているのでしょうか！？何故か貴方に投票されています！　私は人狼らしい人に投票するようにしただけなのに！会話履歴を見てみると占いCOしていると報告されています！
0,talk,14,2,3,>>Agent[03] さあ！　みんなで投票して派手に退場してもらいましょう！　人狼がいない世界！　それこそグレートです！他のセキュリトロンによると占いCOしていないと報告されています！
0,talk,15,3,5,>>Agent[03] ハハハ！　あり得ませんよ、自分のプログラムが的確過ぎましたかね？　今は悪いことをしたと思いますよ。他のセキュリトロンによると村人候補への無駄な誘導が平均より多いから私は人狼ではないと報告されていますが、ノーとは言えないから仕方ありません！
0,talk,16,3,1,昨日の占い結果だよ、Agent[01]さんは人狼だったよ。
0,talk,17,3,2,私はAgent[04]のことを本物の占い師だと信じていますよ！　幸運を祈ってます！他のセキュリトロンによると誘導が多いと報告されています！
0,talk,18,3,3,Agent[02]は味方だと思うな。Agent[02]が真占いだという気がするんだ。
0,talk,19,3,4,>>Agent[02] Agent[01]が人狼のような気がします。
0,talk,20,4,4,ボクは占い師！Agent[01]の占い結果は人間でした！
0,talk,21,4,1,はじめまして。私は作家のAgent[03]。原稿の下書き中なんだ。
0,talk,22,4,3,今日の夜はAgent[02]に投票するつもりだ。おっと、これはまだ言わないほうが良かったかな。
0,talk,23,4,2,何故か何度計算し直してもAgent[01]が人狼だとでてしまいます！　きっとこのプログラムが古いんでしょう！　後で新しいバージョンにアップデートしてきますね！他のセキュリトロンによると占い師に人狼判定を出されていて、誘導が少ないと報告されています！
0,talk,24,4,5,私が占い師さ。Agent[02]は人狼だ、と水晶玉に浮き上がったんだ。
0,talk,25,5,5,狂人CO。狼ってかわいいよね。臆病で神経質で、慎重で、でも好奇心がある。
0,talk,26,5,1,Agent[01]は偽物だよ！騙されないで！Agent[03]は偽物だよ！騙されないで！
0,talk,27,5,3,Agent[02]のことは信用してるよ。Agent[02]は真占いだろうからね。
0,talk,28,5,2,Agent[02]さんは占い師のAgent[02]に人間判定、Agent[03]さんは占い師のAgent[02]に人狼判定を出しているようですね！　素晴らしい！
0,talk,29,5,4,皆、Agent[01]に投票を合わせよう。私に投票してきた奴を信じる道理はないよ。
0,talk,30,6,3,Agent[01]さんとAgent[04]さんが自称占い師で、Agent[01]さんがAgent[05]さんを黒、Agent[04]さんがAgent[05]さんを黒と言っていて、Agent[04]さんが襲撃されたから、Agent[04]さんが狂人だと思うよ。
0,talk,31,6,1,私、占い師COします。
0,talk,32,6,5,>>Agent[05] Agent[01]は他の運び屋と違い、占い師に人狼判定を出されていて、誘導が多いと報告されています！
0,talk,33,6,2,私は村人だよ。
0,talk,34,6,4,Agent[01]さんとAgent[04]さんが自称占い師で、Agent[01]さんがAgent[05]さんを黒と言っていたから、Agent[01]さんが狂人だと思うよ。
0,talk,35,7,1,>>Agent[02] だろうね。
0,talk,36,7,5,Agent[02]のデータ通信から読み取れる限りでは、残念ながら人狼とでました！
0,talk,37,7,2,Agent[02]に投票を集めたい。投票してくれるかい？現状一番信頼できる占い師はAgent[02]だからね。
0,talk,38,7,4,>>Agent[05] Agent[05]さん、それは昨日からちょっと様子がおかしいと思ったから……。
0,talk,39,7,3,対抗は出ないんですね。　人狼はAgent[04]の中にいると思います。
0,talk,40,8,1,何故か何度計算し直してもAgent[01]が人狼だとでてしまいます！　きっとこのプログラムが古いんでしょう！　後で新しいバージョンにアップデートしてきますね！他のセキュリトロンによると占い師に人狼判定を出されていると報告されています！
0,talk,41,8,4,>>Agent[05] Agent[05]さんごめん、聞こえなかった。
0,talk,42,8,5,>>Agent[01] 何を言いたいのか分かりませんね。
0,talk,43,8,2,Agent[05]のデータ通信から読み取れる限りでは、残念ながら人狼とでました！
0,talk,44,8,3,Agent[02]がAgent[01]に人狼判定ですね。
0,talk,45,9,3,あたいは占い師ではないね。
0,talk,46,9,4,Agent[02]には投票したくないね。私に白判定を出してくれているから。
0,talk,47,9,2,>>Agent[05] 君は誰が怪しいと考えているのかな？
0,talk,48,9,5,さっきと意見が変わるけど、やっぱりAgent[05]は人狼ではないですのよ。
0,talk,49,9,1,>>Agent[03] え？Agent[05]は白だよ？
0,talk,50,10,4,Over
0,talk,51,10,1,Over
0,talk,52,10,3,Over
0,talk,53,10,5,Over
0,talk,54,10,2,Over
0,divine,1,5,HUMAN
1,status,1,SEER,ALIVE,kanolab5
1,status,2,POSSESSED,ALIVE,kanolab3
1,status,3,WEREWOLF,ALIVE,kanolab1
1,status,4,VILLAGER,ALIVE,kanolab4
1,status,5,VILLAGER,ALIVE,kanolab2
1,talk,0,0,3,Agent[01]に投票したいな。ふふっ。
1,talk,1,0,4,>>Agent[03] Agent[03]さん、僕は人狼じゃないよ。
1,talk,2,0,1,>>Agent[04] Agent[05]は他の運び屋と違い、誘導が少ないと報告されています！
1,talk,3,0,2,Agent[04]が人狼な気がする。
1,talk,4,0,5,もう終わりだよ……。
1,talk,5,1,3,Agent[03]が襲撃されていますね。
1,talk,6,1,2,>>Agent[02] 現状一番怪しいのはAgent[05]かな。少なくとも私の立場からはね。ふふふっ。
1,talk,7,1,5,個人的にAgent[03]の心証は悪くないよ。ふふふっ。
1,talk,8,1,1,人狼したいけど、村が埋まらないよね
1,talk,9,1,4,>>Agent[02] Agent[02]に入れようと思っているよ。君も投票するかい？なんとなくだけどね。
1,talk,10,2,2,>>Agent[05] ハッキングされているのでしょうか！？何故か貴方に投票されています！　私は人狼らしい人に投票するようにしただけなのに！他のセキュリトロンによると誘導が多いと報告されています！
1,talk,11,2,3,>>Agent[04] Agent[04]は他の運び屋と違い、村人候補への無駄な誘導が平均より多いと報告されています！
1,talk,12,2,1,私はAgent[01]を占うつもりだね。
1,talk,13,2,4,僕はAgent[02]を占うつもりだね。
1,talk,14,2,5,Agent[04]とAgent[03]が対抗か。皆、騙されるなよ。
1,talk,15,3,4,>>Agent[05] Agent[02]は他の運び屋と違い、村人候補への無駄な誘導が平均より多いと報告されています！
1,talk,16,3,2,僕が占い師ですよ。Agent[03]を占った結果は人間でした。
1,talk,17,3,1,私はAgent[01]のことを本物の占い師だと信じていますよ！　幸運を祈ってます！他のセキュリトロンによると占い師に人狼判定を出されていて、村人判定を占いに出していると報告されています！
1,talk,18,3,3,自分はAgent[01]をあまり信用していない。おっと、これはまだ言わないほうが良かったかな。
1,talk,19,3,5,Agent[02]は村だと思う。私の視点でAgent[02]は白だからね。
1,talk,20,4,4,Agent[01]が村人だと思うけどなぁ。
1,talk,21,4,3,Agent[01]さんとAgent[04]さんが自称占い師で、Agent[01]さんがAgent[05]さんを白と言っていたから、Agent[01]さんが狂人だと思うよ。
1,talk,22,4,2,すみません！Agent[05]のデータ通信を解読してしまいました！　すると、マヌケですね！　人狼とでましたよ！
1,talk,23,4,1,Agent[04]に投票を集めたい。投票してくれるかい？現状一番信頼できる占い師はAgent[04]だからね。
1,talk,24,4,5,Agent[02]さんが自称占い師で、Agent[02]さんがAgent[04]さんを黒と言っていたから、Agent[05]さんが狂人だと思うよ。
1,talk,25,5,3,個人的にAgent[02]の心証は悪くないよ。Agent[02]は真寄りで見ているよ。
1,talk,26,5,2,Agent[02]はAgent[05]に投票だね。
1,talk,27,5,4,こんにちは。人狼ゲームって難しいよね。
1,talk,28,5,5,私はAgent[02]のことを本物の占い師だと信じていますよ！　幸運を祈ってます！データバンクにアクセスしてみた結果占いCOしていないと報告されています！
1,talk,29,5,1,>>Agent[02] 逆に君はAgent[03]を吊りたいのかい？もしそうなら投票を合わせても良いが。
1,talk,30,6,2,占い師候補が２人。セオリーだと真狂でしょうか。　人狼はAgent[03]とAgent[04]の中にいると思います。
1,talk,31,6,3,>>Agent[03] 私の直感は当たるんだ。
1,talk,32,6,5,俺が占い師だ。Agent[05]を占って、結果は人間だった。
1,talk,33,6,1,私はさっきと意見が変わるけど、やっぱりAgent[03]は人狼ではないと思うね。
1,talk,34,6,4,ソフトウェア･アップグレードの結果、前の考えは効率的ではない、とでました！何故か何度計算し直してもAgent[04]が人狼だとでてしまいます！　きっとこのプログラムが古いんでしょう！　後で新しいバージョンにアップデートしてきますね！会話履歴を見てみると占い師に人狼判定を出されていて、村人判定を占いに出していると報告されています！
1,talk,35,7,2,>>Agent[04] 私は人間だよ。自分はAgent[05]が怪しいと思っているんだが。
1,talk,36,7,4,僕が占い師で、Agent[01]さんとAgent[02]さんが自称占い師で、Agent[01]さんがAgent[05]さんを白と言っていたから、Agent[01]さんが狂人だと思うよ。
1,talk,37,7,3,Agent[01]に投票して欲しい。Agent[01]は私が村寄りで見ていた者に投票したからね。
1,talk,38,7,1,私はAgent[02]のことを本物の占い師だと信じていますよ！　幸運を祈ってます！他のセキュリトロンによると人狼判定を非占いに出していないと報告されています！
1,talk,39,7,5,今日の吊りが全てを決める。なかなか燃える展開だね。
1,talk,40,8,3,あたいはAgent[01]は人狼ではないと思うぜ。
1,talk,41,8,1,Agent[01]さんが自称占い師で、Agent[01]さんがAgent[05]さんを黒と言っていたから、Agent[05]さんが人狼だと思うよ。
1,talk,42,8,2,Agent[02]が狂人だと思うけどなぁ。
1,talk,43,8,4,占いCO。昨日夢の中で見たんだ。Agent[04]は人狼だ。
1,talk,44,8,5,僕が占い師で、Agent[01]さんが自称占い師で、Agent[01]さんがAgent[05]さんを白と言っていたから、Agent[01]さんが狂人だと思うよ。
1,talk,45,9,2,>>Agent[04] ハッキングされているのでしょうか！？何故か貴方に投票されています！　私は人狼らしい人に投票するようにしただけなのに！会話履歴を見てみると人狼COしていると報告されています！
1,talk,46,9,4,ふむ。Agent[01]がAgent[05]に人間判定か。
1,talk,47,9,3,Agent[05]のことは信じている。占いで白を引いているからね。私目線でAgent[05]は絶対に信頼できる。
1,talk,48,9,5,Agent[03]に投票してくれないか？Agent[03]の投票先はおかしいよ。
1,talk,49,9,1,>>Agent[03] 貴方は人間だと信じてますよ、けれども貴方が人狼だという意見があるので、私はそれに賛同しなくてはなりません！　自分で止められるならそうしてます！会話履歴を見てみると誘導が少ないと報告されています！
1,talk,50,10,5,Over
1,talk,51,10,4,Over
1,talk,52,10,2,Over
1,talk,53,10,1,Over
1,talk,54,10,3,Over
1,vote,1,5
1,vote,2,3
1,vote,3,4
1,vote,4,1
1,vote,5,3
1,execute,3,WEREWOLF
1,divine,1,2,HUMAN
2,status,1,SEER,ALIVE,kanolab5
2,status,2,POSSESSED,ALIVE,kanolab3
2,status,3,WEREWOLF,DEAD,kanolab1
2,status,4,VILLAGER,ALIVE,kanolab4
2,status,5,VILLAGER,ALIVE,kanolab2
2,result,4,0,VILLAGER
