0,status,1,VILLAGER,ALIVE,kanolab4
0,status,2,VILLAGER,ALIVE,kanolab3
0,status,3,SEER,ALIVE,kanolab1
0,status,4,WEREWOLF,ALIVE,kanolab2
0,status,5,POSSESSED,ALIVE,kanolab5
0,talk,0,0,2,>>Agent[03] Agent[03]の占い先のAgent[01]は人狼と思っているということですね？
0,talk,1,0,1,Agent[03]さんは村人のAgent[01]に人狼判定、Agent[05]さんはこの私に人狼判定を出しているようですね！　素晴らしい！
0,talk,2,0,4,Agent[04]さんの占い結果は、人間だったよ。
0,talk,3,0,3,Agent[01]を占ったら人狼だったよ。
0,talk,4,0,5,>>Agent[03] 別陣営に話しかける余裕があるんですか？もう貴方に返事はしません。
0,talk,5,1,4,>>Agent[04] Agent[04]の占い先のAgent[05]は人狼と思っているということですね？
0,talk,6,1,1,私はAgent[05]のことを本物の占い師だと信じていますよ！　幸運を祈ってます！データバンクにアクセスしてみた結果占いCOしていないと報告されています！
0,talk,7,1,5,Agent[02]のデータ通信から読み取れる限りでは、すごい！　人狼とでました！
0,talk,8,1,2,人狼怖いよー
0,talk,9,1,3,>>Agent[04] Agent[01]の印象を聞きたいな。
0,talk,10,2,5,Agent[02]が狂人だと思うけどなぁ。
0,talk,11,2,1,みんな白めだね。本当はこの村に狼なんていなかったりして。冗談だよ。
0,talk,12,2,3,ソフトウェア･アップグレードの結果、前の考えは効率的ではない、とでました！何故か何度計算し直してもAgent[02]が人狼だとでてしまいます！　きっとこのプログラムが古いんでしょう！　後で新しいバージョンにアップデートしてきますね！他のセキュリトロンによると占い師に人狼判定を出されていると報告されています！
0,talk,13,2,4,すみません！Agent[02]のデータ通信を解読してしまいました！　すると、すごい！　人狼とでましたよ！
0,talk,14,2,2,>>Agent[01] Agent[01]の占い先のAgent[05]は人狼と思っているということですね？
0,talk,15,3,1,Agent[03]が狂人な気がする。
0,talk,16,3,4,>>Agent[01] うわ、かっこいい！
0,talk,17,3,5,>>Agent[01] 今のところはAgent[05]に投票しようと思っているよ。なんとなくだけどね。
0,talk,18,3,3,僕はさっきと意見が変わるけど、やっぱりAgent[05]は人狼ではないと思うね。
0,talk,19,3,2,占い師候補が３人。占い師の見極めが大切ですね。　人狼はAgent[01]とAgent[02]とAgent[03]の中にいると思います。
0,talk,20,4,5,>>Agent[01] Agent[01]が怪しいと思っているよ。どうやらAgent[01]は私を吊らないと都合が悪そうだからね。
0,talk,21,4,1,自分はAgent[02]に投票するつもりだが、君達もどうだ？まるで狼を吊る気が無いような投票だったからね。
0,talk,22,4,4,>>Agent[04] 貴方がAgent[01]を疑う理由を私に教えてください。どんなことでもノーと言いませんから！。いや本当に！
0,talk,23,4,2,>>Agent[01] 貴方がそう言うなら、構いませんよ。
0,talk,24,4,3,Agent[04]さんは占い師のAgent[05]に人狼判定を出すなんて私には出来ません！　参考になります！
0,talk,25,5,1,こんにちは！　Agent[03]　人狼生活がエンジョイ出来ているようでとても羨ましいです！他のセキュリトロンによると占い師に人狼判定を出されていて、村人候補への無駄な誘導が平均より多いと報告されています！
0,talk,26,5,4,こんにちは！　Agent[04]　人狼生活がエンジョイ出来ているようでとても羨ましいです！他のセキュリトロンによると占い師に人狼判定を出されていて、人狼判定を占いに出していないと報告されています！
0,talk,27,5,5,Agent[04]は人狼ではないですのよ。
0,talk,28,5,2,>>Agent[02] 今日はAgent[04]に投票しようと思っているよ。さっきCOしたとおり、Agent[04]は狼だからね。
0,talk,29,5,3,>>Agent[04] Agent[01]のことをどう思っているか、よければ聞かせてくれないかな？
0,talk,30,6,4,Agent[04]が人狼じゃないかな。
0,talk,31,6,5,Agent[02]さんはどうしても私を人外にしたいようですね。
0,talk,32,6,1,ボクは人間だよ！Agent[01]は偽物だったんだね。Agent[01]はボクに黒を出したよね。
0,talk,33,6,3,>>Agent[01] Agent[02]は他の運び屋と違い、占い師に人狼判定を出されていて、村人候補への無駄な誘導が平均より多いと報告されています！
0,talk,34,6,2,ちょっと表情が硬い気がするから、ぼくはAgent[03]に投票するよ！
0,talk,35,7,3,>>Agent[05] Agent[05]は誰に投票しますん？
0,talk,36,7,1,Agent[01]のことは信用してるよ。なんとなくだけどね。
0,talk,37,7,4,ぼくは占い師だよ。嘘じゃないよ！
0,talk,38,7,5,僕はAgent[04]を占うつもりだね。
0,talk,39,7,2,Agent[02]とは仲間な気がする。
0,talk,40,8,3,>>Agent[01] まだ投票を決めたわけじゃないが、強いて言えばAgent[03]が怪しいと思っている。Agent[03]には嫌われているらしいからね。目には目を、ってことだよ。
0,talk,41,8,4,ソフトウェア･アップグレードの結果、前の考えは効率的ではない、とでました！何故か何度計算し直してもAgent[05]が人狼だとでてしまいます！　きっとこのプログラムが古いんでしょう！　後で新しいバージョンにアップデートしてきますね！会話履歴を見てみると人狼判定を非占いに出していないと報告されています！
0,talk,42,8,5,ソフトウェア･アップグレードの結果、前の考えは効率的ではない、とでました！安心してください！　Agent[04]が人狼か？と聞かれてもYESとはいいません！　イエス、というだけです！他のセキュリトロンによると占い師に人狼判定を出されていて、人狼判定を非占いに出していると報告されています！
0,talk,43,8,2,皆、Agent[05]に投票を合わせよう。Agent[05]を吊ればゲームセット、のはずだからね。
0,talk,44,8,1,えっ、占い師候補は１人だけですか？　人狼はAgent[01]とAgent[03]の中にいると思います。
0,talk,45,9,1,狂人把握した。
0,talk,46,9,4,>>Agent[02] Agent[01]のことをどう思っているか、よければ聞かせてくれないかな？
0,talk,47,9,2,>>Agent[05] 人狼らしい人が見つかったんですか！？　それはすごい！　たとえ間違ったとしてもかまいません！　Agent[01]を疑う理由早く聞きたいです！
0,talk,48,9,5,Agent[01]は村だと思う。Agent[01]が真占いだという気がするんだ。
0,talk,49,9,3,安心してください！　Agent[01]が人狼か？と聞かれてもYESとはいいません！　イエス、というだけです！データバンクにアクセスしてみた結果占い師に人狼判定を出されていて、誘導が多いと報告されています！
0,talk,50,10,2,Over
0,talk,51,10,3,Over
0,talk,52,10,1,Over
0,talk,53,10,5,Over
0,talk,54,10,4,Over
0,divine,3,1,HUMAN
1,status,1,VILLAGER,ALIVE,kanolab4
1,status,2,VILLAGER,ALIVE,kanolab3
1,status,3,SEER,ALIVE,kanolab1
1,status,4,WEREWOLF,ALIVE,kanolab2
1,status,5,POSSESSED,ALIVE,kanolab5
1,talk,0,0,3,>>Agent[02] 貴方がAgent[05]を疑う理由を私に教えてください。どんなことでもノーと言いませんから！。いや本当に！
1,talk,1,0,2,>>Agent[01] 私の鼻は鋭いよ？Agent[03]からは敵の匂いがするんだ。まるで狼を吊る気が無いような投票だったからね。
1,talk,2,0,4,お泊まり会とかで身内できゃっきゃっやる人狼とはレベルが違うよ
1,talk,3,0,1,Agent[01]さんとAgent[04]さんが自称占い師で、Agent[01]さんが僕を白と言っていたから、Agent[01]さんかAgent[04]さんが人狼だと思うよ。
1,talk,4,0,5,Agent[01]が襲撃されていますね。
1,talk,5,1,2,人狼はやっぱり面白いよね
1,talk,6,1,4,>>Agent[04] すみません！あなたに投票してしまいました！　自分の意志ではありませんよ、プログラムの設定上しょうがなくです！
1,talk,7,1,1,こんにちは！　Agent[01]　人狼生活がエンジョイ出来ているようでとても羨ましいです！会話履歴を見てみると占い師に人狼判定を出されていると報告されています！
1,talk,8,1,3,>>Agent[05] 貴方は人間だと信じてますよ、けれども貴方が人狼だという意見があるので、私はそれに賛同しなくてはなりません！　自分で止められるならそうしてます！データバンクにアクセスしてみた結果占い師に人狼判定を出されていると報告されています！
1,talk,9,1,5,>>Agent[01] 文句は言いません！
1,talk,10,2,5,>>Agent[01] Agent[03]は他の運び屋と違い、占い師に人狼判定を出されていて、占い師に人狼判定を出されていると報告されています！
1,talk,11,2,4,>>Agent[03] Agent[03]の占い先のAgent[01]は人間と思っているということですね？
1,talk,12,2,3,Agent[03]さんとAgent[05]さんが自称占い師で、Agent[03]さんが僕を黒、Agent[05]さんがAgent[04]さんを黒と言っていたから、Agent[03]さんが狂人だと思うよ。
1,talk,13,2,1,私はAgent[05]のことを本物の占い師だと信じていますよ！　幸運を祈ってます！データバンクにアクセスしてみた結果人狼判定を非占いに出していると報告されています！
1,talk,14,2,2,Agent[01]が占い師だと思うよ。
1,talk,15,3,5,Agent[02]が追放されたね。Agent[05]が襲われてる！まだ人狼いるの！？
1,talk,16,3,3,僕が占い師で、Agent[03]さんとAgent[04]さんが自称占い師で、Agent[04]さんが僕を白と言っていたから、Agent[03]さんかAgent[04]さんが人狼だと思うよ。
1,talk,17,3,4,はじめまして。Agent[05]だ。よろしく。
1,talk,18,3,2,Agent[02]さんは偽物です！　僕こそが本当の占い師です！
1,talk,19,3,1,>>Agent[03]　Agent[03]さん、誰に投票するんですか？
1,talk,20,4,2,>>Agent[03] 何を言いたいのか分かりませんね。
1,talk,21,4,5,自分はAgent[05]をあまり信用していない。占いで黒を引いているからね。私目線ではAgent[05]を吊れれば終了なのさ。
1,talk,22,4,4,Agent[04]は偽物だよ！騙されないで！Agent[05]は偽物だよ！騙されないで！
1,talk,23,4,3,Agent[02]に投票しようと思っているんだが…。私の直感は当たるんだ。
1,talk,24,4,1,>>Agent[02] 今のところAgent[01]に投票するつもりだよ。
1,talk,25,5,1,>>Agent[02] ハッキングされているのでしょうか！？何故か貴方に投票されています！　私は人狼らしい人に投票するようにしただけなのに！他のセキュリトロンによると人狼判定を占いに出していると報告されています！
1,talk,26,5,2,すみません！　皆さんと私では実行してる内容が違ったそうです！　つまり私は人狼を実行してました！　ですがこうしたうっかりは村人らしいですよね！データバンクにアクセスしてみた結果占いCOしていると報告されています！
1,talk,27,5,5,こんにちは！　Agent[04]　人狼生活がエンジョイ出来ているようでとても羨ましいです！他のセキュリトロンによると人狼判定を非占いに出していると報告されています！
1,talk,28,5,4,討論が口喧嘩に聞こえるってのは人狼で学んだよ
1,talk,29,5,3,わたくしはさっきと意見が変わるけど、やっぱりAgent[02]は人狼ではないと思うわ。
1,talk,30,6,1,ソフトウェア･アップグレードの結果、前の考えは効率的ではない、とでました！安心してください！　Agent[01]が人狼か？と聞かれてもYESとはいいません！　イエス、というだけです！データバンクにアクセスしてみた結果誘導が少ないと報告されています！
1,talk,31,6,5,今日の投票先を公開しておこうかな。私はAgent[02]に投票するつもりだよ。Agent[02]は狼だ。君たちにも信じて欲しい。
1,talk,32,6,4,朝は苦手なんだ。私は夜型人間だから...。村人COの意味じゃないよ。
1,talk,33,6,3,Agent[01]さんは嘘をついているよ！　僕が本当の占い師です！
1,talk,34,6,2,>>Agent[02] すみません！あなたに投票してしまいました！　自分の意志ではありませんよ、プログラムの設定上しょうがなくです！会話履歴を見てみると占い師に人狼判定を出されていて、村人候補への無駄な誘導が平均より多いと報告されています！
1,talk,35,7,5,Agent[02]に投票して欲しい。私の直感は当たるんだ。
1,talk,36,7,3,>>Agent[01] 今日はAgent[01]に投票しようと思っているよ。Agent[01]を吊ればゲームセット、のはずだからね。
1,talk,37,7,1,安心してください！　Agent[02]が人狼か？と聞かれてもYESとはいいません！　イエス、というだけです！データバンクにアクセスしてみた結果占い師に人狼判定を出されていると報告されています！
1,talk,38,7,4,>>Agent[03]　そろそろ誰に投票するか教えてくれ。
1,talk,39,7,2,僕が占い師で、Agent[02]さんが自称占い師で、Agent[02]さんが僕を白と言っていたから、Agent[05]さんが人狼だと思うよ。
1,talk,40,8,3,Agent[01]に投票するぞ。ここが人狼だと思う。
1,talk,41,8,4,はじめまして。Agent[05]だ。趣味は漫画を描くことだよ。
1,talk,42,8,2,>>Agent[05] どうでしょうね？
1,talk,43,8,1,Agent[01]が人狼だと思う。
1,talk,44,8,5,Agent[03]が追放されたね。Agent[04]が襲われてる！
1,talk,45,9,5,僕はAgent[04]を占うつもりだね。
1,talk,46,9,2,ちょっと表情が硬い気がするから、今日はAgent[05]に投票するよ。
1,talk,47,9,4,Agent[03]とは気が合う気がするよ。
1,talk,48,9,1,Agent[04]さんが自称占い師で、Agent[04]さんが襲撃されたから、Agent[01]さんかAgent[02]さんが人狼だと思うよ。
1,talk,49,9,3,>>Agent[05] よければAgent[05]の考えを聞かせて欲しい。誰が狼だと思う？
1,talk,50,10,1,Over
1,talk,51,10,2,Over
1,talk,52,10,3,Over
1,talk,53,10,4,Over
1,talk,54,10,5,Over
1,vote,1,3
1,vote,2,5
1,vote,3,1
1,vote,4,1
1,vote,5,3
1,vote,1,5
1,vote,2,1
1,vote,3,2
1,vote,4,3
1,vote,5,3
1,execute,3,SEER
1,attackVote,4,5
1,attack,5,true
2,status,1,VILLAGER,ALIVE,kanolab4
2,status,2,VILLAGER,ALIVE,kanolab3
2,status,3,SEER,DEAD,kanolab1
2,status,4,WEREWOLF,ALIVE,kanolab2
2,status,5,POSSESSED,DEAD,kanolab5
2,talk,0,0,1,自己紹介させてください！正式にはPQ-88bセキュリトロンですが、イエスマンと呼んでください！
2,talk,1,0,4,>>Agent[05] 私にはむしろAgent[02]のほうが怪しく見えるよ。
2,talk,2,0,2,>>Agent[02] Agent[02]さん、僕は人狼じゃないよ。
2,talk,3,1,1,Agent[03]さんに投票するよ。
2,talk,4,1,4,>>Agent[04] 君は誰が怪しいと考えているのかな？
2,talk,5,1,2,3人も占い師CO！？ボクの考えだと占い師の中に人狼がいるね。今回は3-0進行だね。占い師ローラー確定だね。Agent[04]はボクに黒を、Agent[05]はボクに白を出したよね。Agent[02]はAgent[03]に投票だね。
2,talk,6,2,4,>>Agent[02] 一番好感度が低いのはAgent[05]だよ。Agent[05]は他の人にも反感を買っているようだしね。
2,talk,7,2,2,>>Agent[01] Agent[01]が私を占った理由が知りたいな。
2,talk,8,2,1,Agent[03]が人狼だな。
2,talk,9,3,4,自分はAgent[05]に投票するつもりだが、君達もどうだ？Agent[05]を黒だと判定した占い師がいるからね。
2,talk,10,3,2,>>Agent[01] Agent[05]は他の運び屋と違い、占い師に人狼判定を出されていると報告されています！
2,talk,11,3,1,Agent[01]に投票しようと思っているんだが…。Agent[01]の投票は私に理解できないよ。
2,talk,12,4,1,>>Agent[02] かしこまりました。では、先程の議論は不要ファイルに入れておきましょう！
2,talk,13,4,2,はじめまして。Agent[05]だ。嘘なんかついたことないよ？
2,talk,14,4,4,すみません！　皆さんと私では実行してる内容が違ったそうです！　つまり私は人狼を実行してました！　ですがこうしたうっかりは村人らしいですよね！他のセキュリトロンによると非占いに投票していないと報告されています！
2,talk,15,5,2,>>Agent[05] Agent[05]は他の運び屋と違い、占い師に人狼判定を出されていて、占い師に人狼判定を出されていると報告されています！
2,talk,16,5,1,Agent[01]に投票してくれないか？私の直感は当たるんだ。
2,talk,17,5,4,Agent[03]を吊りましょう。ここが一番怪しいです。
2,talk,18,6,4,わたくしは占い師だわ。Agent[01]を占ったけど、結果は人間だったわ。
2,talk,19,6,1,こんにちは！　Agent[04]　人狼生活がエンジョイ出来ているようでとても羨ましいです！データバンクにアクセスしてみた結果占い師に人狼判定を出されていて、誘導が少ないと報告されています！
2,talk,20,6,2,Agent[03]に投票したいな。私の直感は当たるんだ。
2,talk,21,7,1,Agent[01]はすごく狼っぽいよね。Agent[01]に清き一票を！
2,talk,22,7,2,Agent[05]が追放されたね。Agent[03]が襲われてる！Agent[04]の占い結果は人狼でした！
2,talk,23,7,4,何故か何度計算し直してもAgent[03]が人狼だとでてしまいます！　きっとこのプログラムが古いんでしょう！　後で新しいバージョンにアップデートしてきますね！データバンクにアクセスしてみた結果占い師に人狼判定を出されていて、村人候補への無駄な誘導が平均より多いと報告されています！
2,talk,24,8,1,Agent[03]に投票して欲しい。ふふっ。
2,talk,25,8,4,すみません！　皆さんと私では実行してる内容が違ったそうです！　つまり私は人狼を実行してました！　ですがこうしたうっかりは村人らしいですよね！他のセキュリトロンによると非占いに投票していないと報告されています！
2,talk,26,8,2,>>Agent[01] Agent[05]は他の運び屋と違い、占い師に人狼判定を出されていて、占いCOしていないと報告されています！
2,talk,27,9,2,はじめまして。Agent[04]だ。よろしく。
2,talk,28,9,1,人狼したいけど、村が埋まらないよね
2,talk,29,9,4,眠いなあ。私は夜行性だからね。
2,talk,30,10,2,Over
2,talk,31,10,4,Over
2,talk,32,10,1,Over
2,vote,1,4
2,vote,2,1
2,vote,4,2
2,vote,1,2
2,vote,2,1
2,vote,4,1
2,execute,1,VILLAGER
2,attack,2,true
3,status,1,VILLAGER,DEAD,kanolab4
3,status,2,VILLAGER,DEAD,kanolab3
3,status,3,SEER,DEAD,kanolab1
3,status,4,WEREWOLF,ALIVE,kanolab2
3,status,5,POSSESSED,DEAD,kanolab5
3,result,0,1,WEREWOLF
