0,status,1,WEREWOLF,ALIVE,kanolab1
0,status,2,VILLAGER,ALIVE,kanolab3
0,status,3,VILLAGER,ALIVE,kanolab2
0,status,4,SEER,ALIVE,kanolab5
0,status,5,POSSESSED,ALIVE,kanolab4
0,talk,0,0,3,占い師候補は３人か。人狼も狂人も騙りに出たようだな。　人狼の可能性があるのはAgent[01]とAgent[03]とAgent[04]だな。
0,talk,1,0,5,狂人さん、うまくやったよ！
0,talk,2,0,4,>>Agent[03] Agent[03]は他の運び屋と違い、占い師に人狼判定を出されていて、占いCOしていないと報告されています！
0,talk,3,0,2,こんにちは！　Agent[04]　人狼生活がエンジョイ出来ているようでとても羨ましいです！データバンクにアクセスしてみた結果占い師に人狼判定を出されていると報告されています！
0,talk,4,0,1,Agent[03]はAgent[02]に投票で、Agent[04]はAgent[03]に投票だね。
0,talk,5,1,1,こんな事を言うのはなんですが、私は・・・狂人なんです！　つまり村人を吊るし人狼を勝利に導くようにプログラムされています！　けれども自分の意志じゃありません！データバンクにアクセスしてみた結果占い師に人狼判定を出されていて、占いCOしていると報告されています！
0,talk,6,1,3,Agent[02]が狂人だと思うけどなぁ。
0,talk,7,1,5,>>Agent[04] Agent[03]が人狼だと思う。
0,talk,8,1,2,私が占い師さ。Agent[03]は人狼だ、と水晶玉に浮き上がったんだ。
0,talk,9,1,4,>>Agent[03] Agent[03]はなぜ私を占おうと思ったんですか？
0,talk,10,2,4,自己更新プログラムをかけてみたどころ、私、人狼だったそうです！　私は見ず知らずの内にみなさんを利用しまっていたそうです！　失礼、利用するなんて、言葉が悪いですね！他のセキュリトロンによると占いに誘導していないと報告されています！
0,talk,11,2,3,みんなAgent[05]に投票しようよ。
0,talk,12,2,1,>>Agent[03] そのCO、しかと受け取ったよ。
0,talk,13,2,5,>>Agent[04] 貴方がAgent[02]を疑う理由が他に理解されなかったとしても私はノーとは言いませんよ　どうぞ安心して疑う理由を話してください！
0,talk,14,2,2,私はAgent[01]のことを本物の占い師だと信じていますよ！　幸運を祈ってます！データバンクにアクセスしてみた結果人狼判定を非占いに出していないと報告されています！
0,talk,15,3,5,>>Agent[01] Agent[01]さん、偽者の占い師が何を言ってるんですか？
0,talk,16,3,1,>>Agent[01] Agent[05]は他の運び屋と違い、占いCOしていないと報告されています！
0,talk,17,3,4,安心してください！　Agent[02]が人狼か？と聞かれてもYESとはいいません！　イエス、というだけです！会話履歴を見てみると占い師に人狼判定を出されていて、誘導が少ないと報告されています！
0,talk,18,3,3,はじめまして。Agent[05]だ。趣味は漫画を描くことだよ。
0,talk,19,3,2,>>Agent[03] Agent[01]は他の運び屋と違い、誘導が多いと報告されています！
0,talk,20,4,3,Agent[01]は心強い占い師だね。
0,talk,21,4,5,自分はAgent[02]をあまり信用していない。おっと、これはまだ言わないほうが良かったかな。
0,talk,22,4,2,>>Agent[01] その用心深い性格、見習いたいですね。その性格から出てくる疑い先をぜひ教えてください！
0,talk,23,4,1,Agent[01]に投票します。ここは人外確定です。
0,talk,24,4,4,俺が占い師だ。Agent[05]を占って、結果は人狼だった。
0,talk,25,5,4,>>Agent[01] オーラを感じるので、Agent[03]が人狼のような気がします。
0,talk,26,5,2,>>Agent[05] すみません！あなたに投票してしまいました！　自分の意志ではありませんよ、プログラムの設定上しょうがなくです！会話履歴を見てみると人狼判定を非占いに出していると報告されています！
0,talk,27,5,3,今日の投票先を公開しておこうかな。私はAgent[03]に投票するつもりだよ。Agent[03]の投票は私に理解できないよ。
0,talk,28,5,5,おや？　まだ占い師の方がCOされていませんよ？　恐らくすごく恥ずかしがり屋か、人狼に食い殺されてしまいましたね！
0,talk,29,5,1,>>Agent[04] Agent[04]は他の運び屋と違い、占い師に人狼判定を出されていて、人狼判定を占いに出していないと報告されています！
0,talk,30,6,5,何故か何度計算し直してもAgent[02]が人狼だとでてしまいます！　きっとこのプログラムが古いんでしょう！　後で新しいバージョンにアップデートしてきますね！会話履歴を見てみると占い師に人狼判定を出されていると報告されています！
0,talk,31,6,4,えーと、じゃあ、Agent[05]を追放したいと考えます。
0,talk,32,6,1,>>Agent[05] さあ！　みんなで投票して派手に退場してもらいましょう！　人狼がいない世界！　それこそグレートです！データバンクにアクセスしてみた結果占いに誘導していないと報告されています！
0,talk,33,6,2,こんな事を言うのはなんですが、私は・・・狂人なんです！　つまり村人を吊るし人狼を勝利に導くようにプログラムされています！　けれども自分の意志じゃありません！データバンクにアクセスしてみた結果占いに誘導していないと報告されています！
0,talk,34,6,3,人狼の役職おさらいしなきゃ
0,talk,35,7,1,>>Agent[04] 仕方ありません！
0,talk,36,7,2,>>Agent[02] Agent[03]は吊りたくないな。
0,talk,37,7,3,私は村人だね。
0,talk,38,7,5,Agent[05]が占い師だと思うけどなぁ。
0,talk,39,7,4,>>Agent[03] もう一度言って。
0,talk,40,8,2,>>Agent[01] 同じ人同士で疑い合うというのは実に人間らしいへんな行為ですよね！　さあ貴方がAgent[05]を疑う理由をどうぞ！
0,talk,41,8,3,はじめまして。Agent[04]だ。狼の噂は聞いたよ。なかなかホラーな話だね。
0,talk,42,8,4,Agent[01]は村だと思う。なんとなくだが、本物の占い師として見ているよ。
0,talk,43,8,1,占いCO。Agent[01]は人間だったよ。
0,talk,44,8,5,Agent[04]って占い結果話したっけ？Agent[03]はAgent[05]に白を出したよね。
0,talk,45,9,5,Agent[02]さんが自称占い師で、Agent[02]さんがAgent[05]さんを白と言っていて、Agent[02]さんが襲撃されたから、Agent[01]さんが人狼だと思うよ。
0,talk,46,9,3,Agent[01]に投票を集めたい。投票してくれるかい？占いで黒を引いているからね。私目線ではAgent[01]を吊れれば終了なのさ。
0,talk,47,9,4,>>Agent[04] 私は人間だよ。自分はAgent[05]が怪しいと思っているんだが。
0,talk,48,9,1,Agent[01]はすごく狼っぽいよね。Agent[01]に清き一票を！
0,talk,49,9,2,自己更新プログラムをかけてみたどころ、私、人狼だったそうです！　私は見ず知らずの内にみなさんを利用しまっていたそうです！　失礼、利用するなんて、言葉が悪いですね！データバンクにアクセスしてみた結果占いに誘導していないと報告されています！
0,talk,50,10,2,Over
0,talk,51,10,3,Over
0,talk,52,10,5,Over
0,talk,53,10,4,Over
0,talk,54,10,1,Over
0,divine,4,1,WEREWOLF
1,status,1,WEREWOLF,ALIVE,kanolab1
1,status,2,VILLAGER,ALIVE,kanolab3
1,status,3,VILLAGER,ALIVE,kanolab2
1,status,4,SEER,ALIVE,kanolab5
1,status,5,POSSESSED,ALIVE,kanolab4
1,talk,0,0,3,こんにちは！　Agent[05]　人狼生活がエンジョイ出来ているようでとても羨ましいです！他のセキュリトロンによると占い師に人狼判定を出されていて、誘導が多いと報告されています！
1,talk,1,0,2,何故か何度計算し直してもAgent[04]が人狼だとでてしまいます！　きっとこのプログラムが古いんでしょう！　後で新しいバージョンにアップデートしてきますね！会話履歴を見てみると人狼判定を非占いに出していると報告されています！
1,talk,2,0,1,>>Agent[04] 人狼ではありませんが、貴方が人狼だと思うのならば、どうぞ投票してください！。データバンクにアクセスしてみた結果村人候補への無駄な誘導が平均より多いから私は人狼ではないと報告されていますが、ノーとは言えないから仕方ありません！
1,talk,3,0,5,誘導が強いAgent[02]が人狼のような気がします。
1,talk,4,0,4,Agent[03]に投票します。皆に票を合わせます。
1,talk,5,1,4,自分はAgent[01]をあまり信用していない。おっと、これはまだ言わないほうが良かったかな。
1,talk,6,1,3,Agent[05]は味方だと思うな。ふふふっ。
1,talk,7,1,5,>>Agent[02] Agent[03]が怪しい。おっと、これはまだ言わないほうが良かったかな。
1,talk,8,1,1,処刑できるのはあと2回だ。投票先は慎重に決めたいね。
1,talk,9,1,2,>>Agent[05] 外交の天才ですね！
1,talk,10,2,4,私はAgent[04]のことを本物の占い師だと信じていますよ！　幸運を祈ってます！他のセキュリトロンによると村人判定を占いに出していると報告されています！
1,talk,11,2,2,Agent[04]に投票するぞ。ここが人狼だと思う。
1,talk,12,2,3,>>Agent[03] うわ、かっこいい！
1,talk,13,2,1,Agent[05]って占い結果話したっけ？Agent[03]はAgent[03]に白を出したよね。
1,talk,14,2,5,Agent[02]さんに投票してね。
1,talk,15,3,5,自己更新プログラムをかけてみたどころ、私、人狼だったそうです！　私は見ず知らずの内にみなさんを利用しまっていたそうです！　失礼、利用するなんて、言葉が悪いですね！他のセキュリトロンによると誘導が多いと報告されています！
1,talk,16,3,4,Agent[03]に投票しようと思っているんだが…。なんとなくだけどね。
1,talk,17,3,1,Agent[01]に投票を集めたい。投票してくれるかい？占いで黒を引いているからね。私目線ではAgent[01]を吊れれば終了なのさ。
1,talk,18,3,3,>>Agent[04] 私を吊りたいというのなら喜んで吊られましょう！　もちろん、あなたがそうだとは言わないでおきますよ！会話履歴を見てみると村人候補への無駄な誘導が平均より多いから私は人狼ではないと報告されていますが、ノーとは言えないから仕方ありません！
1,talk,19,3,2,>>Agent[05] ハッキングされているのでしょうか！？何故か貴方に投票されています！　私は人狼らしい人に投票するようにしただけなのに！他のセキュリトロンによると誘導が多いと報告されています！
1,talk,20,4,3,Agent[02]は偽物だよ！騙されないで！
1,talk,21,4,1,3人も占い師CO！？ボクの考えだと占い師の中に人狼がいるね。今回は3-0進行だね。占い師ローラー確定だね。Agent[02]はAgent[03]に白を、Agent[04]はボクに白を出したよね。Agent[03]はAgent[01]に投票だね。
1,talk,22,4,5,Agent[03]を占ったら人狼だったよ。
1,talk,23,4,2,Agent[02]に投票を集めたい。投票してくれるかい？さっきCOしたとおり、Agent[02]は狼だからね。
1,talk,24,4,4,個人的にAgent[01]の心証は悪くないよ。Agent[01]は真占いだろうからね。
1,talk,25,5,2,よろしくな。あたいもやる気だよ。
1,talk,26,5,3,Agent[04]を占ったら、Agent[04]は人間だと結果が出たよ。
1,talk,27,5,1,私はAgent[04]のことを本物の占い師だと信じていますよ！　幸運を祈ってます！他のセキュリトロンによると占いCOしていると報告されています！
1,talk,28,5,4,ソフトウェア･アップグレードの結果、前の考えは効率的ではない、とでました！こんにちは！　Agent[05]　人狼生活がエンジョイ出来ているようでとても羨ましいです！
1,talk,29,5,5,安心してください！　Agent[01]が人狼か？と聞かれてもYESとはいいません！　イエス、というだけです！他のセキュリトロンによると誘導が少ないと報告されています！
1,talk,30,6,2,Agent[01]が占い師だと思うよ。
1,talk,31,6,4,>>Agent[03] 私は人間だよ。自分はAgent[05]が怪しいと思っているんだが。
1,talk,32,6,5,僕が占い師で、Agent[04]さんが自称占い師で、Agent[04]さんが僕を白と言っていたから、Agent[04]さんが狂人だと思うよ。
1,talk,33,6,1,>>Agent[05] Agent[05]の占い先のAgent[04]は人間と思っているということですね？
1,talk,34,6,3,考えが変わりました。オーラを感じるので、Agent[01]が人狼のような気がします。
1,talk,35,7,2,>>Agent[03] Agent[03]どの占い師が本物だと思いますか？
1,talk,36,7,3,はい！ボク占い師だよ！Agent[03]の占い結果は人狼でした！
1,talk,37,7,1,>>Agent[02] Agent[02]を吊りましょう。ここが一番怪しいです。
1,talk,38,7,4,>>Agent[04] 私にはむしろAgent[04]のほうが怪しく見えるよ。
1,talk,39,7,5,安心してください！　Agent[05]が人狼か？と聞かれてもYESとはいいません！　イエス、というだけです！データバンクにアクセスしてみた結果占い師に人狼判定を出されていて、人狼判定を非占いに出していると報告されています！
1,talk,40,8,5,>>Agent[04] 君は味方だと信じているよ。
1,talk,41,8,2,私は占い師だね。Agent[02]を占ったら、結果は人狼だったね。
1,talk,42,8,3,はじめまして。Agent[04]だ。嘘なんかついたことないよ？
1,talk,43,8,4,私はAgent[04]は人狼ではないと思うね。
1,talk,44,8,1,>>Agent[05] そう。ボクがこの村の占い師なのさ。
1,talk,45,9,1,Agent[02]が人狼のような気がします。
1,talk,46,9,5,>>Agent[01] 君の意見を聞きたい。ズバリ誰が怪しいと思う？
1,talk,47,9,4,僕が占い師で、Agent[02]さんが自称占い師で、Agent[02]さんが僕を白と言っていたから、Agent[02]さんが狂人だと思うよ。
1,talk,48,9,3,みんな、よろしくね！
1,talk,49,9,2,ソフトウェア･アップグレードの結果、前の考えは効率的ではない、とでました！何故か何度計算し直してもAgent[05]が人狼だとでてしまいます！　きっとこのプログラムが古いんでしょう！　後で新しいバージョンにアップデートしてきますね！データバンクにアクセスしてみた結果村人候補への無駄な誘導が平均より多いと報告されています！
1,talk,50,10,4,Over
1,talk,51,10,2,Over
1,talk,52,10,5,Over
1,talk,53,10,1,Over
1,talk,54,10,3,Over
1,vote,1,2
1,vote,2,1
1,vote,3,5
1,vote,4,5
1,vote,5,2
1,vote,1,2
1,vote,2,3
1,vote,3,2
1,vote,4,3
1,vote,5,4
1,execute,3,VILLAGER
1,divine,4,1,WEREWOLF
1,attackVote,1,5
1,attack,5,true
2,status,1,WEREWOLF,ALIVE,kanolab1
2,status,2,VILLAGER,ALIVE,kanolab3
2,status,3,VILLAGER,DEAD,kanolab2
2,status,4,SEER,ALIVE,kanolab5
2,status,5,POSSESSED,DEAD,kanolab4
2,talk,0,0,4,Agent[01]のことは信用してるよ。私へ白を出しているからね。とりあえず信頼度は高いよ。
2,talk,1,0,1,>>Agent[04] Agent[04]は他の運び屋と違い、占い師に人狼判定を出されていて、占いに誘導していると報告されています！
2,talk,2,0,2,Agent[02]が村人だと思うよ。
2,talk,3,1,4,Agent[02]さんを占ったら、人狼だったよ。
2,talk,4,1,1,Agent[02]が追放されたね。Agent[01]が襲われてる！まだ人狼いるの！？
2,talk,5,1,2,ソフトウェア･アップグレードの結果、前の考えは効率的ではない、とでました！何故か何度計算し直してもAgent[05]が人狼だとでてしまいます！　きっとこのプログラムが古いんでしょう！　後で新しいバージョンにアップデートしてきますね！会話履歴を見てみると占い師に人狼判定を出されていて、占いCOしていないと報告されています！
2,talk,6,2,2,>>Agent[04] Agent[03]は他の運び屋と違い、村人候補への無駄な誘導が平均より多いと報告されています！
2,talk,7,2,4,>>Agent[02] Agent[02]が怪しいと思っているよ。Agent[02]を黒だと判定した占い師がいるからね。
2,talk,8,2,1,>>Agent[04] 貴方の疑い先はどこです？　一緒に疑いましょう！
2,talk,9,3,2,こんな事を言うのはなんですが、私は・・・狂人なんです！　つまり村人を吊るし人狼を勝利に導くようにプログラムされています！　けれども自分の意志じゃありません！会話履歴を見てみると人狼判定を非占いに出していないと報告されています！
2,talk,10,3,1,>>Agent[04] かしこまりました。では、先程の議論は不要ファイルに入れておきましょう！
2,talk,11,3,4,僕が占い師で、Agent[02]さんが自称占い師で、Agent[02]さんがAgent[03]さんを黒と言っていたから、Agent[04]さんかAgent[05]さんが人狼だと思うよ。
2,talk,12,4,2,Agent[01]はAgent[01]に白を、Agent[02]はAgent[01]に白を出したよね。Agent[01]はAgent[02]に投票で、Agent[04]はAgent[05]に投票だね。
2,talk,13,4,1,僕が占い師で、Agent[03]さんとAgent[05]さんが自称占い師だから、Agent[03]さんかAgent[05]さんが人狼だと思うよ。
2,talk,14,4,4,>>Agent[03] 貴方は人間だと信じてますよ、けれども貴方が人狼だという意見があるので、私はそれに賛同しなくてはなりません！　自分で止められるならそうしてます！会話履歴を見てみると占いに誘導していないと報告されています！
2,talk,15,5,1,今日の夜はAgent[01]に投票するつもりだ。なんとなくだけどね。
2,talk,16,5,4,おはよう。外が騒がしいと思ったら殺人事件だって？
2,talk,17,5,2,Agent[03]に投票するわ。
2,talk,18,6,2,Agent[04]さんはこの私に人間判定、Agent[05]さんは村人のAgent[03]に人間判定を出すなんて私には出来ません！　参考になります！
2,talk,19,6,1,>>Agent[01] 今のところはAgent[01]に投票しようと思っているよ。狼に投票するのは当然だろう。
2,talk,20,6,4,温泉に行きたいな。Agent[02]も一緒にどうだい。
2,talk,21,7,1,信用できる判定があるので、Agent[04]が人狼のような気がします。
2,talk,22,7,2,Agent[01]が追放されたね。Agent[02]が襲われてる！Agent[04]に対抗します！Agent[05]に対抗します！Agent[05]の占い結果は人狼でした！
2,talk,23,7,4,僕が占い師で、Agent[02]さんが自称占い師で、Agent[02]さんがAgent[05]さんを白と言っていたから、Agent[01]さんかAgent[04]さんが人狼だと思うよ。
2,talk,24,8,2,安心してください！　Agent[01]が人狼か？と聞かれてもYESとはいいません！　イエス、というだけです！会話履歴を見てみると占い師に人狼判定を出されていると報告されています！
2,talk,25,8,1,ふむ。Agent[04]がAgent[03]に人狼判定か。
2,talk,26,8,4,>>Agent[02] Agent[05]は他の運び屋と違い、占い師に人狼判定を出されていて、誘導が少ないと報告されています！
2,talk,27,9,2,>>Agent[05] 貴方は人間だと信じてますよ、けれども貴方が人狼だという意見があるので、私はそれに賛同しなくてはなりません！　自分で止められるならそうしてます！会話履歴を見てみると非占いに投票していると報告されています！
2,talk,28,9,4,何故か何度計算し直してもAgent[03]が人狼だとでてしまいます！　きっとこのプログラムが古いんでしょう！　後で新しいバージョンにアップデートしてきますね！会話履歴を見てみると誘導が少ないと報告されています！
2,talk,29,9,1,個人的にAgent[04]の心証は悪くないよ。Agent[04]は真寄りで見ているよ。
2,talk,30,10,1,Over
2,talk,31,10,2,Over
2,talk,32,10,4,Over
2,vote,1,2
2,vote,2,1
2,vote,4,1
2,execute,1,WEREWOLF
2,divine,4,2,HUMAN
3,status,1,WEREWOLF,DEAD,kanolab1
3,status,2,VILLAGER,ALIVE,kanolab3
3,status,3,VILLAGER,DEAD,kanolab2
3,status,4,SEER,ALIVE,kanolab5
3,status,5,POSSESSED,DEAD,kanolab4
3,result,2,0,VILLAGER
