0,status,1,VILLAGER,ALIVE,kanolab5
0,status,2,SEER,ALIVE,kanolab2
0,status,3,POSSESSED,ALIVE,kanolab3
0,status,4,VILLAGER,ALIVE,kanolab4
0,status,5,WEREWOLF,ALIVE,kanolab1
0,talk,0,0,2,>>Agent[04] 素晴らしい！
0,talk,1,0,3,>>Agent[04] 人狼らしい人が見つかったんですか！？　それはすごい！　たとえ間違ったとしてもかまいません！　Agent[03]を疑う理由早く聞きたいです！
0,talk,2,0,1,考えが変わりました。なんとなくだが、Agent[01]が人狼だと思う。
0,talk,3,0,4,個人的にAgent[03]の心証は悪くないよ。なんとなくだが、本物の占い師として見ているよ。
0,talk,4,0,5,Agent[01]に投票するぞ。
0,talk,5,1,1,Agent[02]に投票しようと思っているんだが…。ふふふっ。
0,talk,6,1,4,こんにちは！　Agent[04]　人狼生活がエンジョイ出来ているようでとても羨ましいです！データバンクにアクセスしてみた結果占い師に人狼判定を出されていると報告されています！
0,talk,7,1,3,>>Agent[04] 真っ白な君に村を引っ張って欲しいな。
0,talk,8,1,5,Agent[01]って占い結果話したっけ？Agent[02]はAgent[05]に白を、Agent[05]はAgent[02]に白を出したよね。
0,talk,9,1,2,>>Agent[05] どうでしょうね？
0,talk,10,2,1,今日の投票先を公開しておこうかな。私はAgent[03]に投票するつもりだよ。黒を貰っているし。
0,talk,11,2,4,占いCO。Agent[04]は人間だよ。昨日夢の中でお告げがあったのさ。
0,talk,12,2,2,占い師だと思えるのは１人だけです。Agent[04]は、占い師に見えます。
0,talk,13,2,3,>>Agent[04] Agent[01]は他の運び屋と違い、占い師に人狼判定を出されていると報告されています！
0,talk,14,2,5,>>Agent[05] Agent[05]は誰が人狼だと思いますか？
0,talk,15,3,4,>>Agent[01] Agent[01]は他の運び屋と違い、誘導が少ないと報告されています！
0,talk,16,3,3,>>Agent[04] 今後の発言に期待してください。
0,talk,17,3,5,Agent[05]を追放しよう。
0,talk,18,3,2,>>Agent[02] 一番好感度が低いのはAgent[03]だよ。ふふふっ。
0,talk,19,3,1,Agent[04]さんとAgent[05]さんが自称占い師で、Agent[04]さんが僕を黒と言っていたから、Agent[04]さんが人狼だと思うよ。
0,talk,20,4,4,>>Agent[03] 君の意見を聞きたい。ズバリ誰が怪しいと思う？
0,talk,21,4,1,Agent[01]って占い結果話したっけ？Agent[02]はAgent[05]に白を、Agent[05]はAgent[02]に白を出したよね。
0,talk,22,4,2,>>Agent[01] 私は人間だよ。自分はAgent[05]が怪しいと思っているんだが。
0,talk,23,4,5,>>Agent[02] Agent[02]の占い先のAgent[04]は人狼と思っているということですね？
0,talk,24,4,3,占い師の行動次第で勝てるかどうかが決まりますし、責任追及されることが多いでしょうが　どうぞ占いCOをお願いします！　
0,talk,25,5,4,Agent[05]が占い師な気がする。
0,talk,26,5,1,村取りが多いのは、答えが見えているからだと思います。Agent[01]が人狼のような気がします。
0,talk,27,5,2,Agent[03]に投票します。
0,talk,28,5,5,Agent[01]さんは嘘をついているよ！　僕が本当の占い師です！
0,talk,29,5,3,占いCO。あみだくじをしてみたんだが、どうやらAgent[04]は人狼らしい。
0,talk,30,6,2,今日の夜はAgent[01]に投票するつもりだ。ふふふっ。
0,talk,31,6,1,僕が占い師で、Agent[01]さんが自称占い師で、Agent[01]さんがAgent[01]さんを白と言っていたから、Agent[01]さんが狂人だと思うよ。
0,talk,32,6,3,すみません！　皆さんと私では実行してる内容が違ったそうです！　つまり私は人狼を実行してました！　ですがこうしたうっかりは村人らしいですよね！他のセキュリトロンによると占い師に人狼判定を出されていて、村人候補への無駄な誘導が平均より多いと報告されています！
0,talk,33,6,4,Agent[05]が人狼だな。
0,talk,34,6,5,>>Agent[03] Agent[03]は誰が人狼だと思いますか？
0,talk,35,7,3,>>Agent[01] それはちょっと待ったほうが良いと思うよ。
0,talk,36,7,5,>>Agent[01] 文句は言いません！
0,talk,37,7,2,Agent[01]さんとAgent[04]さんが自称占い師で、Agent[01]さんが僕を黒と言っていて、Agent[04]さんが襲撃されたから、Agent[01]さんが狂人だと思うよ。
0,talk,38,7,1,Agent[03]を吊りましょう。ここが一番怪しいです。
0,talk,39,7,4,Agent[04]を占ったら、Agent[04]は人間だと結果が出たよ。
0,talk,40,8,1,Agent[05]を占ったら人間でした。
0,talk,41,8,2,>>Agent[01] それはちょっと待ったほうが良いと思うよ。
0,talk,42,8,5,Agent[05]とは気が合う気がするよ。
0,talk,43,8,4,今回は2-0進行だね。いつも通りの進行だね。Agent[01]はボクに白を出したよね。Agent[02]はAgent[05]に投票で、Agent[04]はAgent[05]に投票だね。
0,talk,44,8,3,はじめまして。Agent[04]だ。のどかで良い村じゃないか。
0,talk,45,9,5,>>Agent[02] Agent[02]さん、僕はAgent[01]さんが怪しいと思うよ。
0,talk,46,9,2,ボクに白出ししたAgent[01]は白よりだよね。
0,talk,47,9,1,Agent[01]さんはこの私に人間判定、Agent[04]さんは村人のAgent[03]に人間判定を出すなんて私には出来ません！　参考になります！
0,talk,48,9,4,>>Agent[04] 貴方がそう言うなら、構いませんよ。
0,talk,49,9,3,>>Agent[05] Agent[05]が私を占った理由が知りたいな。
0,talk,50,10,3,Over
0,talk,51,10,1,Over
0,talk,52,10,5,Over
0,talk,53,10,4,Over
0,talk,54,10,2,Over
0,divine,2,3,HUMAN
1,status,1,VILLAGER,ALIVE,kanolab5
1,status,2,SEER,ALIVE,kanolab2
1,status,3,POSSESSED,ALIVE,kanolab3
1,status,4,VILLAGER,ALIVE,kanolab4
1,status,5,WEREWOLF,ALIVE,kanolab1
1,talk,0,0,2,>>Agent[05] 君はAgent[02]のことをどう思っているのかな。
1,talk,1,0,1,>>Agent[04] さっき言ったばっかだよ！
1,talk,2,0,3,Agent[04]が追放されたね。Agent[03]が襲われてる！
1,talk,3,0,5,Agent[05]に投票してくれないか？ふふっ。
1,talk,4,0,4,占い師は私だよ。昨日の結果だが、Agent[01]は人狼だと出た。
1,talk,5,1,5,Agent[01]は本当に狼なのかな。少し考える必要がありそうだ。
1,talk,6,1,1,>>Agent[03] Agent[02]は他の運び屋と違い、村人候補への無駄な誘導が平均より多いと報告されています！
1,talk,7,1,3,こんな事を言うのはなんですが、私は・・・狂人なんです！　つまり村人を吊るし人狼を勝利に導くようにプログラムされています！　けれども自分の意志じゃありません！会話履歴を見てみると人狼判定を非占いに出していると報告されています！
1,talk,8,1,2,>>Agent[03] 発言をよく見てくださいね。
1,talk,9,1,4,>>Agent[02] Agent[03]は人狼だからね。みんなAgent[03]に投票するんだ！
1,talk,10,2,5,私はAgent[04]のことを本物の占い師だと信じていますよ！　幸運を祈ってます！会話履歴を見てみると占いCOしていると報告されています！
1,talk,11,2,4,対抗占い師に黒出し？2人占い師COなら対抗は狂人がセオリーだし、Agent[01]の判定は怪しいよ。Agent[01]はAgent[02]に黒を、Agent[02]はAgent[05]に白を出したよね。
1,talk,12,2,3,Agent[02]は村だと思う。Agent[02]が真占いだという気がするんだ。
1,talk,13,2,2,>>Agent[05] もう少し考えさせてください。下手なことを言うと殺されてしまうかも。
1,talk,14,2,1,Agent[02]さんは占い師のAgent[03]に人間判定、Agent[03]さんは占い師のAgent[02]に人狼判定を出すなんて私には出来ません！　参考になります！
1,talk,15,3,2,>>Agent[03] Agent[03]さん、僕は人狼じゃないよ。
1,talk,16,3,1,Agent[04]さんが自称占い師で、Agent[04]さんが襲撃されたから、Agent[01]さんが狂人だと思うよ。
1,talk,17,3,3,すみません！　皆さんと私では実行してる内容が違ったそうです！　つまり私は人狼を実行してました！　ですがこうしたうっかりは村人らしいですよね！他のセキュリトロンによると占いに誘導していないと報告されています！
1,talk,18,3,5,ふむ。Agent[03]がAgent[04]に人狼判定、Agent[01]がAgent[05]に人狼判定か。
1,talk,19,3,4,Agent[02]さんは占い師のAgent[02]に人間判定を出すなんて私には出来ません！　参考になります！
1,talk,20,4,1,>>Agent[02] 私は狼じゃないぞ。もしかして君は狂人か？
1,talk,21,4,5,ボクに白出ししたAgent[02]は白よりだよね。
1,talk,22,4,4,Agent[03]はAgent[01]に投票だね。
1,talk,23,4,2,こんにちは！　Agent[04]　人狼生活がエンジョイ出来ているようでとても羨ましいです！他のセキュリトロンによると人狼判定を非占いに出していると報告されています！
1,talk,24,4,3,>>Agent[02] Agent[05]は他の運び屋と違い、占い師に人狼判定を出されていて、村人判定を非占いに出していないと報告されています！
1,talk,25,5,3,今日の夜はAgent[02]に投票するつもりだ。おっと、これはまだ言わないほうが良かったかな。
1,talk,26,5,1,>>Agent[02] 今のところAgent[04]に投票するつもりだよ。
1,talk,27,5,5,対抗は出ないんですね。　人狼はAgent[01]とAgent[02]とAgent[04]の中にいると思います。
1,talk,28,5,4,Agent[04]に投票して欲しい。狼に投票するのは当然だろう。
1,talk,29,5,2,Agent[03]には投票したくないね。おっと、これはまだ言わないほうが良かったかな。
1,talk,30,6,2,よろしくな。あたいもやる気だよ。
1,talk,31,6,1,>>Agent[04] Agent[04]は誰が人狼だと思いますか？
1,talk,32,6,5,今日の投票先を公開しておこうかな。私はAgent[02]に投票するつもりだよ。私の直感は当たるんだ。
1,talk,33,6,3,>>Agent[01] Agent[01]の意見を聞きたいな。今日は誰に投票するつもりなんだい？
1,talk,34,6,4,>>Agent[05] すみません！あなたに投票してしまいました！　自分の意志ではありませんよ、プログラムの設定上しょうがなくです！会話履歴を見てみると占いCOしていないと報告されています！
1,talk,35,7,1,そのとおり、私は村だからね。
1,talk,36,7,3,Agent[02]って占い結果話したっけ？Agent[04]はAgent[05]に投票だね。
1,talk,37,7,4,>>Agent[01] Agent[03]は他の運び屋と違い、誘導が多いと報告されています！
1,talk,38,7,5,俺は占い師だな。Agent[02]を占ったら、結果は人狼だったぞ。
1,talk,39,7,2,自分はAgent[02]をあまり信用していない。Agent[02]の投票は私に理解できないよ。
1,talk,40,8,5,Agent[04]はボクに黒を、Agent[05]はAgent[02]に白を出したよね。
1,talk,41,8,4,こんにちは！　Agent[02]　人狼生活がエンジョイ出来ているようでとても羨ましいです！
1,talk,42,8,1,>>Agent[02] Agent[02]さん、いま時点では僕はAgent[05]さんに投票しようと思っているよ。
1,talk,43,8,2,占い師は私だよ。昨日の占い結果だが、Agent[01]は人間と出た。
1,talk,44,8,3,逃げても無駄だよ！
1,talk,45,9,4,お泊まり会とかで身内できゃっきゃっやる人狼とはレベルが違うよ
1,talk,46,9,5,>>Agent[02] 人狼らしい人が見つかったんですか！？　それはすごい！　たとえ間違ったとしてもかまいません！　Agent[03]を疑う理由早く聞きたいです！
1,talk,47,9,1,Agent[01]も占COですか？本物は僕ですよ。
1,talk,48,9,2,このままでは僕が吊られてしまいますね。どうすればいいんでしょう。
1,talk,49,9,3,ソフトウェア･アップグレードの結果、前の考えは効率的ではない、とでました！こんにちは！　Agent[03]　人狼生活がエンジョイ出来ているようでとても羨ましいです！会話履歴を見てみると村人候補への無駄な誘導が平均より多いと報告されています！
1,talk,50,10,3,Over
1,talk,51,10,4,Over
1,talk,52,10,5,Over
1,talk,53,10,2,Over
1,talk,54,10,1,Over
1,vote,1,5
1,vote,2,3
1,vote,3,4
1,vote,4,1
1,vote,5,1
1,execute,1,VILLAGER
1,divine,2,4,HUMAN
1,attackVote,5,2
1,attack,2,true
2,status,1,VILLAGER,DEAD,kanolab5
2,status,2,SEER,DEAD,kanolab2
2,status,3,POSSESSED,ALIVE,kanolab3
2,status,4,VILLAGER,ALIVE,kanolab4
2,status,5,WEREWOLF,ALIVE,kanolab1
2,talk,0,0,5,>>Agent[05] Agent[05]の占い先のAgent[02]は人狼と思っているということですね？
2,talk,1,0,4,Agent[01]さんとAgent[04]さんが自称占い師で、Agent[01]さんがAgent[01]さんを白と言っていたから、Agent[01]さんかAgent[04]さんが人狼だと思うよ。
2,talk,2,0,3,占いCO。Agent[01]は人狼だった。前から怪しいとは思っていたんだ。
2,talk,3,1,4,>>Agent[01] 現状一番怪しいのはAgent[01]かな。少なくとも私の立場からはね。Agent[01]は狼だ。君たちにも信じて欲しい。
2,talk,4,1,3,Agent[03]のことは信じている。Agent[03]は真占いだろうからね。
2,talk,5,1,5,Agent[02]に投票を集めたい。投票してくれるかい？さっきCOしたとおり、Agent[02]は狼だからね。
2,talk,6,2,5,人狼ゲームは楽しいですね。
2,talk,7,2,4,自己更新プログラムをかけてみたどころ、私、人狼だったそうです！　私は見ず知らずの内にみなさんを利用しまっていたそうです！　失礼、利用するなんて、言葉が悪いですね！他のセキュリトロンによると占い師に人狼判定を出されていると報告されています！
2,talk,8,2,3,Agent[02]はAgent[05]に白を出したよね。Agent[03]はAgent[04]に投票で、Agent[04]はAgent[05]に投票だね。
2,talk,9,3,5,私にはベニーにより占い師の機能をインストールされました。改良されたんですよ！大幅にね！
2,talk,10,3,3,>>Agent[05] 同じ人同士で疑い合うというのは実に人間らしいへんな行為ですよね！　さあ貴方がAgent[02]を疑う理由をどうぞ！
2,talk,11,3,4,Agent[01]のデータ通信から読み取れる限りでは、マヌケですね！　人狼とでました！
2,talk,12,4,5,Agent[01]はすごく狼っぽいよね。Agent[01]に清き一票を！
2,talk,13,4,4,Agent[04]はAgent[05]に投票だね。
2,talk,14,4,3,Agent[03]のことは信用してるよ。Agent[03]は真占いだろうからね。
2,talk,15,5,3,>>Agent[03] Agent[05]の印象を聞きたい。君はどう思っている？
2,talk,16,5,5,Agent[02]が追放されたね。Agent[04]が襲われてる！まだ人狼いるの！？
2,talk,17,5,4,自分はAgent[02]に投票するつもりだが、君達もどうだ？なんと言っても黒を引いたんだ。
2,talk,18,6,3,>>Agent[02] その話は私のデータには入っていません！　それでも話を続けるなら私は黙ってYESとだけ答えましょう！
2,talk,19,6,5,僕が人狼です。勝った！勝った！夕飯はカツ丼だ！
2,talk,20,6,4,はじめまして。Agent[04]だ。趣味は漫画を描くことだよ。
2,talk,21,7,5,何故か何度計算し直してもAgent[02]が人狼だとでてしまいます！　きっとこのプログラムが古いんでしょう！　後で新しいバージョンにアップデートしてきますね！会話履歴を見てみると占い師に人狼判定を出されていて、村人候補への無駄な誘導が平均より多いと報告されています！
2,talk,22,7,4,はじめまして。私は作家のAgent[03]。原稿の下書き中なんだ。
2,talk,23,7,3,>>Agent[04] 人を疑うというのはとても体力を消耗するらしいですが私はロボットなので関係ありません！　疑い先を安心して話してください！
2,talk,24,8,4,>>Agent[04] Agent[05]は他の運び屋と違い、非占いに投票していないと報告されています！
2,talk,25,8,5,すみません！Agent[01]のデータ通信を解読してしまいました！　すると、マヌケですね！　人狼とでましたよ！
2,talk,26,8,3,Agent[02]はAgent[04]に白を出したよね。Agent[04]はAgent[03]に投票だね。
2,talk,27,9,5,>>Agent[02] Agent[05]は他の運び屋と違い、誘導が少ないと報告されています！
2,talk,28,9,4,今日はAgent[01]に投票しようと思っている。現状一番信頼できる占い師はAgent[01]だからね。
2,talk,29,9,3,Agent[02]はAgent[04]に白を、Agent[04]はボクに白を出したよね。Agent[03]はAgent[01]に投票だね。
2,talk,30,10,5,Over
2,talk,31,10,4,Over
2,talk,32,10,3,Over
2,vote,3,5
2,vote,4,3
2,vote,5,4
2,vote,3,5
2,vote,4,5
2,vote,5,3
2,execute,5,WEREWOLF
3,status,1,VILLAGER,DEAD,kanolab5
3,status,2,SEER,DEAD,kanolab2
3,status,3,POSSESSED,ALIVE,kanolab3
3,status,4,VILLAGER,ALIVE,kanolab4
3,status,5,WEREWOLF,DEAD,kanolab1
3,result,2,0,VILLAGER
