0,status,1,POSSESSED,ALIVE,kanolab4
0,status,2,WEREWOLF,ALIVE,kanolab2
0,status,3,SEER,ALIVE,kanolab5
0,status,4,VILLAGER,ALIVE,kanolab1
0,status,5,VILLAGER,ALIVE,kanolab3
0,talk,0,0,3,>>Agent[02] Agent[01]かAgent[03]だろうね。
0,talk,1,0,1,Agent[03]に投票したいな。なんとなくだけどね。
0,talk,2,0,2,占い結果どうでした？　たとえ嘘をついたとしても私はそれを信じましょう！
0,talk,3,0,5,Agent[02]がAgent[03]に人間判定ですね。
0,talk,4,0,4,すみません！　皆さんと私では実行してる内容が違ったそうです！　つまり私は人狼を実行してました！　ですがこうしたうっかりは村人らしいですよね！他のセキュリトロンによると占いに誘導していないと報告されています！
0,talk,5,1,5,Agent[02]のことは信じている。私へ白を出しているからね。とりあえず信頼度は高いよ。
0,talk,6,1,3,僕は村人だね。
0,talk,7,1,1,Agent[04]さんとAgent[05]さんが自称占い師で、Agent[05]さんが僕を黒、Agent[04]さんがAgent[02]さんを黒と言っていたから、Agent[05]さんが狂人だと思うよ。
0,talk,8,1,4,こんにちは！　Agent[01]　人狼生活がエンジョイ出来ているようでとても羨ましいです！データバンクにアクセスしてみた結果占い師に人狼判定を出されていて、誘導が少ないと報告されています！
0,talk,9,1,2,>>Agent[03] え？Agent[02]は白だよ？
0,talk,10,2,3,何故か何度計算し直してもAgent[02]が人狼だとでてしまいます！　きっとこのプログラムが古いんでしょう！　後で新しいバージョンにアップデートしてきますね！他のセキュリトロンによると占い師に人狼判定を出されていて、誘導が多いと報告されています！
0,talk,11,2,4,Agent[02]がAgent[01]に人狼判定、Agent[01]がAgent[03]に人狼判定ですね。
0,talk,12,2,2,>>Agent[05] ハハハ！　笑えませんね！
0,talk,13,2,1,自分はAgent[04]をあまり信用していない。黒を貰っているし。
0,talk,14,2,5,>>Agent[02] Agent[05]に入れようと思っているよ。君も投票するかい？Agent[05]には黒判定が出ているからね。
0,talk,15,3,2,私はAgent[01]のことを本物の占い師だと信じていますよ！　幸運を祈ってます！他のセキュリトロンによると村人候補への無駄な誘導が平均より多いと報告されています！
0,talk,16,3,4,Agent[03]はAgent[03]に白を、Agent[05]はAgent[03]に白を出したよね。
0,talk,17,3,1,Agent[01]さんは占い師のAgent[05]に人狼判定、Agent[03]さんは占い師のAgent[01]に人狼判定、Agent[05]さんは占い師のAgent[01]に人狼判定を出すなんて私には出来ません！　参考になります！
0,talk,18,3,3,Agent[03]が人狼だと思う。
0,talk,19,3,5,Agent[01]さんとAgent[05]さんが自称占い師で、Agent[05]さんが僕を黒、Agent[01]さんがAgent[04]さんを白と言っていたから、Agent[05]さんが狂人だと思うよ。
0,talk,20,4,4,>>Agent[02] 貴方のことが好きです！
0,talk,21,4,5,Agent[03]が追放されたね。Agent[04]が襲われてる！Agent[02]に対抗します！Agent[03]に対抗します！Agent[05]の占い結果は人狼でした！
0,talk,22,4,2,Agent[04]が狂人な気がする。
0,talk,23,4,1,Agent[01]には投票したくないね。おっと、これはまだ言わないほうが良かったかな。
0,talk,24,4,3,今回は2-0進行だね。いつも通りの進行だね。
0,talk,25,5,3,Agent[02]さんがあやしいと思うから投票するよ。
0,talk,26,5,5,Agent[01]を占った結果は人間でした。
0,talk,27,5,1,Agent[01]とAgent[02]が占い師COですね。
0,talk,28,5,4,ふむ。Agent[01]がAgent[05]に人狼判定か。
0,talk,29,5,2,楽勝だったね！Agent[02]に投票するしかないね。
0,talk,30,6,5,Agent[04]さんが自称占い師で、Agent[04]さんがAgent[05]さんを黒と言っていたから、Agent[02]さんかAgent[03]さんが狂人だと思うよ。
0,talk,31,6,2,何故か何度計算し直してもAgent[05]が人狼だとでてしまいます！　きっとこのプログラムが古いんでしょう！　後で新しいバージョンにアップデートしてきますね！他のセキュリトロンによると占い師に人狼判定を出されていて、村人判定を非占いに出していないと報告されています！
0,talk,32,6,3,>>Agent[02] 賛成！ボクもAgent[05]に投票するよ！
0,talk,33,6,1,Agent[04]に投票します。ここが一番怪しいです。
0,talk,34,6,4,Agent[01]、俺を信じてくれ。
0,talk,35,7,1,今日はAgent[03]に投票しようと思っている。Agent[03]は狼だ。君たちにも信じて欲しい。
0,talk,36,7,3,安心してください！　Agent[02]が人狼か？と聞かれてもYESとはいいません！　イエス、というだけです！会話履歴を見てみると占い師に人狼判定を出されていて、誘導が少ないと報告されています！
0,talk,37,7,2,Agent[03]の占い結果は人狼だったよ。
0,talk,38,7,5,>>Agent[04] 貴方がAgent[03]を疑う理由が他に理解されなかったとしても私はノーとは言いませんよ　どうぞ安心して疑う理由を話してください！
0,talk,39,7,4,私は占い師です。
0,talk,40,8,4,占い師は私だよ。昨日の占い結果だが、Agent[02]は人間と出た。
0,talk,41,8,3,Agent[02]のことは信用してるよ。Agent[02]は真占いだろうからね。
0,talk,42,8,2,Agent[01]のことは信用してるよ。Agent[01]は真占いだろうからね。
0,talk,43,8,5,Agent[04]はAgent[01]に投票だね。
0,talk,44,8,1,こんにちは！　Agent[04]　人狼生活がエンジョイ出来ているようでとても羨ましいです！会話履歴を見てみると占い師に人狼判定を出されていて、誘導が少ないと報告されています！
0,talk,45,9,5,今日の投票先を公開しておこうかな。私はAgent[04]に投票するつもりだよ。Agent[04]の投票には違和感があるからね。
0,talk,46,9,2,すみません！　皆さんと私では実行してる内容が違ったそうです！　つまり私は人狼を実行してました！　ですがこうしたうっかりは村人らしいですよね！会話履歴を見てみると占い師に人狼判定を出されていると報告されています！
0,talk,47,9,3,Agent[03]がAgent[01]に人間判定ですね。
0,talk,48,9,1,Agent[04]も占COですか？本物は僕ですよ。
0,talk,49,9,4,真っ黒な者がいるね。
0,talk,50,10,4,Over
0,talk,51,10,2,Over
0,talk,52,10,3,Over
0,talk,53,10,5,Over
0,talk,54,10,1,Over
0,divine,3,2,WEREWOLF
1,status,1,POSSESSED,ALIVE,kanolab4
1,status,2,WEREWOLF,ALIVE,kanolab2
1,status,3,SEER,ALIVE,kanolab5
1,status,4,VILLAGER,ALIVE,kanolab1
1,status,5,VILLAGER,ALIVE,kanolab3
1,talk,0,0,2,Agent[01]さんは村人のAgent[04]に人狼判定を出すなんて私には出来ません！　参考になります！
1,talk,1,0,4,個人的にAgent[05]の心証は悪くないよ。私と同じ考えを持って投票しているように思えたからね。
1,talk,2,0,1,>>Agent[01] Agent[01]は誰を処刑したいですか？
1,talk,3,0,3,Agent[02]視点では私を吊れば終わりということだね。でも私は人間だよ。
1,talk,4,0,5,ソフトウェア･アップグレードの結果、前の考えは効率的ではない、とでました！安心してください！　Agent[01]が人狼か？と聞かれてもYESとはいいません！　イエス、というだけです！他のセキュリトロンによると村人候補への無駄な誘導が平均より多いと報告されています！
1,talk,5,1,5,Agent[03]さんに投票するよ。
1,talk,6,1,3,Agent[05]が怪しいと思っているんだが、何か反論はあるかな？Agent[05]は私に投票してきたからね。お返しだよ。
1,talk,7,1,1,私はAgent[02]に投票します。
1,talk,8,1,4,>>Agent[01] Agent[01]は他の運び屋と違い、誘導が少ないと報告されています！
1,talk,9,1,2,Agent[05]さんは村人のAgent[04]に人狼判定を出すなんて私には出来ません！　参考になります！
1,talk,10,2,4,すみません！　皆さんと私では実行してる内容が違ったそうです！　つまり私は人狼を実行してました！　ですがこうしたうっかりは村人らしいですよね！データバンクにアクセスしてみた結果占い師に人狼判定を出されていて、村人候補への無駄な誘導が平均より多いと報告されています！
1,talk,11,2,3,昨日の占い結果だよ、Agent[02]さんは人狼だったよ。
1,talk,12,2,5,Agent[01]を占って、結果は人間だった。
1,talk,13,2,2,Agent[03]を占った結果は人間でした。
1,talk,14,2,1,こんな事を言うのはなんですが、私は・・・狂人なんです！　つまり村人を吊るし人狼を勝利に導くようにプログラムされています！　けれども自分の意志じゃありません！会話履歴を見てみると占いCOしていると報告されています！
1,talk,15,3,1,今日の投票先を公開しておこうかな。私はAgent[03]に投票するつもりだよ。なんとなくだが、本物の占い師として見ているよ。
1,talk,16,3,3,すみません！　皆さんと私では実行してる内容が違ったそうです！　つまり私は人狼を実行してました！　ですがこうしたうっかりは村人らしいですよね！データバンクにアクセスしてみた結果人狼判定を非占いに出していないと報告されています！
1,talk,17,3,5,Agent[02]のことは信じている。おっと、これはまだ言わないほうが良かったかな。
1,talk,18,3,4,何故か何度計算し直してもAgent[01]が人狼だとでてしまいます！　きっとこのプログラムが古いんでしょう！　後で新しいバージョンにアップデートしてきますね！データバンクにアクセスしてみた結果村人候補への無駄な誘導が平均より多いと報告されています！
1,talk,19,3,2,>>Agent[04] ボクに投票するの！？もっと人狼っぽい人いるよ！
1,talk,20,4,3,Agent[02]はAgent[01]に投票で、Agent[04]はAgent[01]に投票だね。
1,talk,21,4,2,Agent[01]とは気が合う気がするよ。
1,talk,22,4,1,占い師候補が３人。占い師の見極めが大切ですね。　人狼はAgent[03]の中にいると思います。
1,talk,23,4,5,朝は苦手なんだ。私は夜型人間だから...。村人COの意味じゃないよ。
1,talk,24,4,4,みんなAgent[01]に投票しようよ。
1,talk,25,5,2,知ってるかい？犬の祖先は狼なんだよ。
1,talk,26,5,1,>>Agent[02] 私の鼻は鋭いよ？Agent[01]からは敵の匂いがするんだ。おっと、これはまだ言わないほうが良かったかな。
1,talk,27,5,4,>>Agent[05] Agent[05]は他の運び屋と違い、占い師に人狼判定を出されていて、人狼判定を非占いに出していないと報告されています！
1,talk,28,5,5,>>Agent[02] 貴方は人間だと信じてますよ、けれども貴方が人狼だという意見があるので、私はそれに賛同しなくてはなりません！　自分で止められるならそうしてます！
1,talk,29,5,3,Agent[02]さんは村人のAgent[04]に人間判定、Agent[05]さんは占い師のAgent[02]に人狼判定を出すなんて私には出来ません！　参考になります！
1,talk,30,6,4,私はAgent[05]のことを本物の占い師だと信じていますよ！　幸運を祈ってます！
1,talk,31,6,5,Agent[05]さんは村人のAgent[03]に人狼判定を出すなんて私には出来ません！　参考になります！
1,talk,32,6,2,占い師だと思えるのは１人だけです。Agent[03]は、占い師に見えます。
1,talk,33,6,3,Agent[04]は村だと思う。おっと、これはまだ言わないほうが良かったかな。
1,talk,34,6,1,>>Agent[05] Agent[05]さんごめん、聞こえなかった。
1,talk,35,7,3,すみません！　皆さんと私では実行してる内容が違ったそうです！　つまり私は人狼を実行してました！　ですがこうしたうっかりは村人らしいですよね！データバンクにアクセスしてみた結果非占いに投票していないと報告されています！
1,talk,36,7,2,占いCO。Agent[01]は人狼だった。前から怪しいとは思っていたんだ。
1,talk,37,7,1,Agent[04]さんが自称占い師で、Agent[04]さんがAgent[03]さんを黒、Agent[04]さんがAgent[05]さんを黒と言っていて、Agent[04]さんが襲撃されたから、Agent[04]さんが狂人だと思うよ。
1,talk,38,7,5,何故か何度計算し直してもAgent[05]が人狼だとでてしまいます！　きっとこのプログラムが古いんでしょう！　後で新しいバージョンにアップデートしてきますね！他のセキュリトロンによると誘導が少ないと報告されています！
1,talk,39,7,4,同村する面子が良いと人狼は楽しいよね
1,talk,40,8,3,えっ、占い師候補は１人だけですか？　人狼はAgent[04]の中にいると思います。
1,talk,41,8,4,できれば今日中に狼を吊りたいね。
1,talk,42,8,5,Agent[03]がAgent[05]に人間判定ですね。
1,talk,43,8,2,>>Agent[05] 同じ人同士で疑い合うというのは実に人間らしいへんな行為ですよね！　さあ貴方がAgent[01]を疑う理由をどうぞ！
1,talk,44,8,1,>>Agent[02] Agent[04]に投票します。
1,talk,45,9,3,>>Agent[05] 私にはむしろAgent[05]のほうが怪しく見えるよ。
1,talk,46,9,2,Agent[04]さんが自称占い師で、Agent[04]さんがAgent[05]さんを黒と言っていたから、Agent[02]さんかAgent[03]さんが狂人だと思うよ。
1,talk,47,9,4,占い師候補が３人。占い師の見極めが大切ですね。　人狼はAgent[03]とAgent[04]の中にいると思います。
1,talk,48,9,5,顔つきがそれらしいので、Agent[02]が人狼のような気がします。
1,talk,49,9,1,>>Agent[04] Agent[01]についてどう考えているかな。君の考えを聞きたい。
1,talk,50,10,2,Over
1,talk,51,10,1,Over
1,talk,52,10,3,Over
1,talk,53,10,5,Over
1,talk,54,10,4,Over
1,vote,1,5
1,vote,2,1
1,vote,3,4
1,vote,4,5
1,vote,5,4
1,vote,1,5
1,vote,2,1
1,vote,3,2
1,vote,4,5
1,vote,5,1
1,execute,1,POSSESSED
1,divine,3,5,HUMAN
1,attackVote,2,3
1,attack,3,true
2,status,1,POSSESSED,DEAD,kanolab4
2,status,2,WEREWOLF,ALIVE,kanolab2
2,status,3,SEER,DEAD,kanolab5
2,status,4,VILLAGER,ALIVE,kanolab1
2,status,5,VILLAGER,ALIVE,kanolab3
2,talk,0,0,5,私はAgent[04]のことを本物の占い師だと信じていますよ！　幸運を祈ってます！データバンクにアクセスしてみた結果占い師に人狼判定を出されていると報告されています！
2,talk,1,0,2,Agent[05]は人狼ではないね。
2,talk,2,0,4,>>Agent[01] Agent[05]についてどう考えているかな。君の考えを聞きたい。
2,talk,3,1,2,Agent[01]に投票したいな。占いで黒を引いているからね。私目線ではAgent[01]を吊れれば終了なのさ。
2,talk,4,1,4,Agent[03]が襲撃されたか。
2,talk,5,1,5,僕はAgent[03]は人狼ではないと思うね。
2,talk,6,2,2,>>Agent[02] Agent[02]さん、僕もだよ！
2,talk,7,2,5,>>Agent[05] 私は人間だよ。自分はAgent[03]が怪しいと思っているんだが。
2,talk,8,2,4,>>Agent[01] Agent[05]は他の運び屋と違い、占い師に人狼判定を出されていて、誘導が多いと報告されています！
2,talk,9,3,2,Agent[01]はAgent[02]に白を、Agent[02]はAgent[04]に白を出したよね。Agent[01]はAgent[03]に投票だね。
2,talk,10,3,4,私はAgent[02]のことを本物の占い師だと信じていますよ！　幸運を祈ってます！会話履歴を見てみると占いCOしていないと報告されています！
2,talk,11,3,5,>>Agent[02] Agent[03]だろうね。
2,talk,12,4,4,私はAgent[04]のことを本物の占い師だと信じていますよ！　幸運を祈ってます！会話履歴を見てみると村人判定を占いに出していないと報告されています！
2,talk,13,4,5,ボクは占い師！Agent[03]の占い結果は人間でした！
2,talk,14,4,2,>>Agent[03] 君はAgent[02]のことをどう思っているのかな。
2,talk,15,5,2,最新の占いデータにアップデートしたためAgent[02]を試しに占った所、マヌケですね！　人狼とでました！
2,talk,16,5,5,Agent[04]に投票したいな。なんとなくだが、本物の占い師として見ているよ。
2,talk,17,5,4,Agent[02]が追放されたね。Agent[04]が襲われてる！まだ人狼いるの！？
2,talk,18,6,2,>>Agent[04] Agent[03]は他の運び屋と違い、占い師に人狼判定を出されていて、誘導が多いと報告されています！
2,talk,19,6,4,自分はAgent[05]に投票するつもりだが、君達もどうだ？狼に投票するのは当然だろう。
2,talk,20,6,5,最新の占いデータにアップデートしたためAgent[04]を試しに占った所、マヌケですね！　人狼とでました！
2,talk,21,7,2,Agent[02]がAgent[01]に人間判定ですね。
2,talk,22,7,4,Agent[02]さんとAgent[04]さんが自称占い師で、Agent[04]さんがAgent[01]さんを黒、Agent[02]さんがAgent[04]さんを白と言っていたから、Agent[04]さんが狂人だと思うよ。
2,talk,23,7,5,Agent[03]も占COですか？本物は僕ですよ。
2,talk,24,8,5,>>Agent[04] Agent[05]を追放しよう。ここが人狼だと思う。
2,talk,25,8,4,僕が占い師で、Agent[04]さんが襲撃されたから、Agent[05]さんが人狼だと思うよ。
2,talk,26,8,2,Agent[04]に投票を集めたい。投票してくれるかい？現状一番信頼できる占い師はAgent[04]だからね。
2,talk,27,9,5,私はAgent[02]のことを本物の占い師だと信じていますよ！　幸運を祈ってます！データバンクにアクセスしてみた結果占いCOしていると報告されています！
2,talk,28,9,2,Agent[01]さんとAgent[05]さんが自称占い師で、Agent[05]さんが僕を黒、Agent[01]さんが僕を白と言っていて、Agent[02]さんが襲撃されたから、Agent[05]さんが狂人だと思うよ。
2,talk,29,9,4,Agent[03]が追放されたね。Agent[01]が襲われてる！Agent[02]に対抗します！Agent[05]の占い結果は人狼でした！
2,talk,30,10,5,Over
2,talk,31,10,2,Over
2,talk,32,10,4,Over
2,vote,2,4
2,vote,4,2
2,vote,5,4
2,execute,4,VILLAGER
2,attack,5,true
3,status,1,POSSESSED,DEAD,kanolab4
3,status,2,WEREWOLF,ALIVE,kanolab2
3,status,3,SEER,DEAD,kanolab5
3,status,4,VILLAGER,DEAD,kanolab1
3,status,5,VILLAGER,DEAD,kanolab3
3,result,0,1,WEREWOLF
