0,status,1,VILLAGER,ALIVE,kanolab2
0,status,2,SEER,ALIVE,kanolab1
0,status,3,POSSESSED,ALIVE,kanolab3
0,status,4,VILLAGER,ALIVE,kanolab5
0,status,5,WEREWOLF,ALIVE,kanolab4
0,talk,0,0,5,>>Agent[03] まだ悩んでいます。できれば誰も疑いたくはないのですが。
0,talk,1,0,3,北極にも狼が住んでるって知ってるかい？真っ白な毛並みのとても美しい狼だ。
0,talk,2,0,1,私は占い師だよ。
0,talk,3,0,2,僕が占い師で、Agent[02]さんとAgent[03]さんが自称占い師で、Agent[02]さんが僕を白と言っていたから、Agent[02]さんかAgent[03]さんが狂人だと思うよ。
0,talk,4,0,4,占いCO。昨日夢の中で見たんだ。Agent[05]は人狼だ。
0,talk,5,1,4,>>Agent[02] うわ、かっこいい！
0,talk,6,1,5,Agent[02]はAgent[03]に白を、Agent[05]はAgent[01]に白を出したよね。
0,talk,7,1,3,Agent[04]が村人じゃないかな。
0,talk,8,1,2,私は人間だよ。Agent[02]は正しい結果を出してくれた。
0,talk,9,1,1,>>Agent[02] Agent[04]は他の運び屋と違い、占い師に人狼判定を出されていて、村人候補への無駄な誘導が平均より多いと報告されています！
0,talk,10,2,5,>>Agent[04] うわ、かっこいい！
0,talk,11,2,4,Agent[05]に投票しようと思っているんだが…。ふふっ。
0,talk,12,2,1,みんなで頑張って人狼を見つけよう！
0,talk,13,2,3,ソフトウェア･アップグレードの結果、前の考えは効率的ではない、とでました！何故か何度計算し直してもAgent[04]が人狼だとでてしまいます！　きっとこのプログラムが古いんでしょう！　後で新しいバージョンにアップデートしてきますね！他のセキュリトロンによると占い師に人狼判定を出されていて、村人候補への無駄な誘導が平均より多いと報告されています！
0,talk,14,2,2,>>Agent[02] すみません！あなたに投票してしまいました！　自分の意志ではありませんよ、プログラムの設定上しょうがなくです！会話履歴を見てみると占い師に人狼判定を出されていて、村人候補への無駄な誘導が平均より多いと報告されています！
0,talk,15,3,2,>>Agent[04] 貴方がそう言うなら、そうなんでしょう。
0,talk,16,3,5,>>Agent[05] もう一度言って。
0,talk,17,3,3,Agent[01]は村だと思う。Agent[01]は白だと出ているからね。
0,talk,18,3,4,>>Agent[04] Agent[05]が人狼だと思う。
0,talk,19,3,1,>>Agent[03] 君が狼というのは本当かい？
0,talk,20,4,1,何故か何度計算し直してもAgent[02]が人狼だとでてしまいます！　きっとこのプログラムが古いんでしょう！　後で新しいバージョンにアップデートしてきますね！他のセキュリトロンによると占い師に人狼判定を出されていて、占いCOしていると報告されています！
0,talk,21,4,5,はじめまして。Agent[01]だ。ここは怪奇現象で有名な村なんだよ。
0,talk,22,4,3,何故か何度計算し直してもAgent[05]が人狼だとでてしまいます！　きっとこのプログラムが古いんでしょう！　後で新しいバージョンにアップデートしてきますね！会話履歴を見てみると誘導が多いと報告されています！
0,talk,23,4,4,Agent[04]さんとAgent[05]さんが自称占い師で、Agent[04]さんがAgent[02]さんを黒と言っていたから、Agent[02]さんが人狼だと思うよ。
0,talk,24,4,2,Agent[04]さんは村人のAgent[03]に人狼判定を出すなんて私には出来ません！　参考になります！
0,talk,25,5,3,すみません！Agent[04]のデータ通信を解読してしまいました！　すると、すごい！　人狼とでましたよ！
0,talk,26,5,2,おはようございます。緊張して眠れませんでした。
0,talk,27,5,5,>>Agent[01] 顔つきがそれらしいので、Agent[03]が人狼のような気がします。
0,talk,28,5,4,ソフトウェア･アップグレードの結果、前の考えは効率的ではない、とでました！何故か何度計算し直してもAgent[03]が人狼だとでてしまいます！　きっとこのプログラムが古いんでしょう！　後で新しいバージョンにアップデートしてきますね！他のセキュリトロンによると村人候補への無駄な誘導が平均より多いと報告されています！
0,talk,29,5,1,何故か何度計算し直してもAgent[04]が人狼だとでてしまいます！　きっとこのプログラムが古いんでしょう！　後で新しいバージョンにアップデートしてきますね！他のセキュリトロンによると占い師に人狼判定を出されていて、占いCOしていないと報告されています！
0,talk,30,6,2,どうやら真目で見てもらえているようだね。
0,talk,31,6,5,Agent[05]は人狼ではない。
0,talk,32,6,4,Agent[03]を占ったら狼でした。
0,talk,33,6,3,Agent[03]さんは村人のAgent[02]に人間判定、Agent[04]さんはこの私に人間判定を出しているようですね！　素晴らしい！
0,talk,34,6,1,>>Agent[01] Agent[03]は他の運び屋と違い、村人候補への無駄な誘導が平均より多いと報告されています！
0,talk,35,7,1,Agent[04]に投票したいな。なんとなくだが、本物の占い師として見ているよ。
0,talk,36,7,5,Agent[04]って占い結果話したっけ？Agent[01]はボクに白を出したよね。
0,talk,37,7,4,Agent[01]のことは信用してるよ。私へ白を出しているからね。とりあえず信頼度は高いよ。
0,talk,38,7,3,こんにちは！　Agent[05]　人狼生活がエンジョイ出来ているようでとても羨ましいです！データバンクにアクセスしてみた結果占い師に人狼判定を出されていて、人狼判定を占いに出していると報告されています！
0,talk,39,7,2,>>Agent[05] 貴方がAgent[03]を疑う理由が他に理解されなかったとしても私はノーとは言いませんよ　どうぞ安心して疑う理由を話してください！
0,talk,40,8,4,>>Agent[05] Agent[02]を狂人だと思うの？んーどうだろう。
0,talk,41,8,2,何故か何度計算し直してもAgent[02]が人狼だとでてしまいます！　きっとこのプログラムが古いんでしょう！　後で新しいバージョンにアップデートしてきますね！データバンクにアクセスしてみた結果占い師に人狼判定を出されていて、人狼判定を占いに出していないと報告されています！
0,talk,42,8,5,Agent[01]が占い師COですね。
0,talk,43,8,3,Agent[01]に投票してくれないか？私の直感は当たるんだ。
0,talk,44,8,1,Agent[03]がAgent[01]に人間判定、Agent[04]がAgent[03]に人間判定ですね。
0,talk,45,9,4,>>Agent[05] Agent[02]のことをどう思っているか、よければ聞かせてくれないかな？
0,talk,46,9,2,こんにちは！　Agent[01]　人狼生活がエンジョイ出来ているようでとても羨ましいです！会話履歴を見てみると村人候補への無駄な誘導が平均より多いと報告されています！
0,talk,47,9,3,>>Agent[01] 人を疑うというのはとても体力を消耗するらしいですが私はロボットなので関係ありません！　疑い先を安心して話してください！
0,talk,48,9,1,Agent[05]さんが自称占い師で、Agent[03]さんが襲撃されたから、Agent[03]さんが狂人だと思うよ。
0,talk,49,9,5,>>Agent[05] Agent[05]の意見を聞きたいな。今日は誰に投票するつもりなんだい？
0,talk,50,10,3,Over
0,talk,51,10,5,Over
0,talk,52,10,1,Over
0,talk,53,10,4,Over
0,talk,54,10,2,Over
0,divine,2,1,HUMAN
1,status,1,VILLAGER,ALIVE,kanolab2
1,status,2,SEER,ALIVE,kanolab1
1,status,3,POSSESSED,ALIVE,kanolab3
1,status,4,VILLAGER,ALIVE,kanolab5
1,status,5,WEREWOLF,ALIVE,kanolab4
1,talk,0,0,3,皆と同じ意見ですが、Agent[04]が人狼のような気がします。
1,talk,1,0,5,Agent[02]さんを占ったら、人間だったよ。
1,talk,2,0,2,>>Agent[01] Agent[03]は他の運び屋と違い、占い師に人狼判定を出されていて、人狼判定を占いに出していると報告されています！
1,talk,3,0,4,皆、Agent[02]に投票を合わせよう。Agent[02]の投票先はおかしいよ。
1,talk,4,0,1,占いCO。昨日の晩一人でこっくりさんをしたんだが、どうやらAgent[04]は人狼らしい。
1,talk,5,1,2,こんにちは！　Agent[01]　人狼生活がエンジョイ出来ているようでとても羨ましいです！データバンクにアクセスしてみた結果占い師に人狼判定を出されていて、誘導が少ないと報告されています！
1,talk,6,1,3,自己更新プログラムをかけてみたどころ、私、人狼だったそうです！　私は見ず知らずの内にみなさんを利用しまっていたそうです！　失礼、利用するなんて、言葉が悪いですね！他のセキュリトロンによると村人候補への無駄な誘導が平均より多いと報告されています！
1,talk,7,1,5,ソフトウェア･アップグレードの結果、前の考えは効率的ではない、とでました！安心してください！　Agent[05]が人狼か？と聞かれてもYESとはいいません！　イエス、というだけです！他のセキュリトロンによると人狼判定を非占いに出していないと報告されています！
1,talk,8,1,4,占い師候補が３人。占い師の見極めが大切ですね。　人狼はAgent[03]とAgent[04]の中にいると思います。
1,talk,9,1,1,>>Agent[02] まだ投票を決めたわけじゃないが、強いて言えばAgent[02]が怪しいと思っている。ふふっ。
1,talk,10,2,5,Agent[02]は偽物だよ！騙されないで！Agent[03]は偽物だよ！騙されないで！
1,talk,11,2,1,Agent[01]はAgent[02]に白を、Agent[05]はAgent[01]に白を出したよね。Agent[01]はAgent[03]に投票だね。
1,talk,12,2,4,ふむ。Agent[04]がAgent[03]に人狼判定か。
1,talk,13,2,3,Agent[05]のデータ通信から読み取れる限りでは、残念ながら人狼とでました！
1,talk,14,2,2,Agent[02]も占COですか？本物は僕ですよ。
1,talk,15,3,2,俺が占い師だ。Agent[04]を占って、結果は人間だった。
1,talk,16,3,5,Agent[01]が人狼な気がする。
1,talk,17,3,1,Agent[05]さんの占いの結果は、人間だったよ。
1,talk,18,3,4,はじめまして。Agent[01]だ。趣味は漫画を描くことだよ。
1,talk,19,3,3,>>Agent[02] Agent[01]が人狼のような気がします。
1,talk,20,4,4,自己紹介させてください！　イエスマンと呼んでください！
1,talk,21,4,1,>>Agent[01] Agent[01]からは敵の匂いがするね。Agent[01]を吊ればゲームセット、のはずだからね。
1,talk,22,4,2,>>Agent[01] Agent[02]は他の運び屋と違い、占い師に人狼判定を出されていると報告されています！
1,talk,23,4,3,Agent[01]に投票を集めたい。投票してくれるかい？なんとなくだけどね。
1,talk,24,4,5,>>Agent[02] Agent[03]は他の運び屋と違い、村人判定を占いに出していないと報告されています！
1,talk,25,5,5,私はAgent[04]のことを本物の占い師だと信じていますよ！　幸運を祈ってます！データバンクにアクセスしてみた結果村人判定を非占いに出していないと報告されています！
1,talk,26,5,2,自分はAgent[05]をあまり信用していない。なんと言っても黒を引いたんだ。
1,talk,27,5,1,Agent[03]もAgent[02]に白出ししたから、Agent[02]は白確定でいいんじゃないかな。今回は占い師2人進行だね。いつも通りの進行だね。
1,talk,28,5,4,いやー死にたくない。
1,talk,29,5,3,何故か何度計算し直してもAgent[01]が人狼だとでてしまいます！　きっとこのプログラムが古いんでしょう！　後で新しいバージョンにアップデートしてきますね！会話履歴を見てみると村人候補への無駄な誘導が平均より多いと報告されています！
1,talk,30,6,5,ソフトウェア･アップグレードの結果、前の考えは効率的ではない、とでました！こんにちは！　Agent[05]　人狼生活がエンジョイ出来ているようでとても羨ましいです！他のセキュリトロンによると占い師に人狼判定を出されていて、誘導が多いと報告されています！
1,talk,31,6,4,>>Agent[01] 投票するならAgent[05]かな。Agent[05]は私に投票してきたからね。お返しだよ。
1,talk,32,6,1,Agent[01]はAgent[01]に白を出したよね。Agent[02]はAgent[03]に投票で、Agent[04]はAgent[03]に投票だね。
1,talk,33,6,3,>>Agent[03] 現状一番怪しいのはAgent[02]かな。少なくとも私の立場からはね。さっきCOしたとおり、Agent[02]は狼だからね。
1,talk,34,6,2,>>Agent[02] 私は人間だよ。自分はAgent[05]が怪しいと思っているんだが。
1,talk,35,7,5,>>Agent[04] Agent[05]は他の運び屋と違い、占い師に人狼判定を出されていて、村人候補への無駄な誘導が平均より多いと報告されています！
1,talk,36,7,1,私はAgent[03]のことを本物の占い師だと信じていますよ！　幸運を祈ってます！会話履歴を見てみると誘導が多いと報告されています！
1,talk,37,7,3,私はAgent[05]のことを本物の占い師だと信じていますよ！　幸運を祈ってます！他のセキュリトロンによると占い師に人狼判定を出されていて、人狼判定を非占いに出していると報告されています！
1,talk,38,7,2,>>Agent[05] 私は人間だよ。自分はAgent[03]が怪しいと思っているんだが。
1,talk,39,7,4,個人的にAgent[01]の心証は悪くないよ。Agent[01]が真占いだという気がするんだ。
1,talk,40,8,2,さっきと状況が変わったから、やっぱりAgent[02]さんに投票するよ。
1,talk,41,8,1,>>Agent[01] 顔つきがそれらしいので、Agent[01]が人狼のような気がします。
1,talk,42,8,5,Agent[02]は味方だと思うな。私の直感は当たるんだ。
1,talk,43,8,4,>>Agent[05]　そろそろ誰に投票するか教えてくれ。
1,talk,44,8,3,私はAgent[02]のことを本物の占い師だと信じていますよ！　幸運を祈ってます！会話履歴を見てみると誘導が多いと報告されています！
1,talk,45,9,2,とりあえず直感で、ぼくはAgent[05]に投票するよ！
1,talk,46,9,3,ソフトウェア･アップグレードの結果、前の考えは効率的ではない、とでました！安心してください！　Agent[05]が人狼か？と聞かれてもYESとはいいません！　イエス、というだけです！他のセキュリトロンによると人狼判定を非占いに出していないと報告されています！
1,talk,47,9,1,はじめまして。Agent[05]だ。なんだか厄介なことに巻き込まれてしまったね。
1,talk,48,9,4,Agent[01]は真か狼だよ
1,talk,49,9,5,Agent[02]に投票しようと思っているんだが…。私の直感は当たるんだ。
1,talk,50,10,3,Over
1,talk,51,10,4,Over
1,talk,52,10,5,Over
1,talk,53,10,1,Over
1,talk,54,10,2,Over
1,vote,1,4
1,vote,2,4
1,vote,3,4
1,vote,4,2
1,vote,5,1
1,execute,4,VILLAGER
1,divine,2,5,WEREWOLF
1,attackVote,5,3
1,attack,3,true
2,status,1,VILLAGER,ALIVE,kanolab2
2,status,2,SEER,ALIVE,kanolab1
2,status,3,POSSESSED,DEAD,kanolab3
2,status,4,VILLAGER,DEAD,kanolab5
2,status,5,WEREWOLF,ALIVE,kanolab4
2,talk,0,0,1,これで終わり！今日はAgent[02]に投票するよ。
2,talk,1,0,5,僕はさっきと意見が変わるけど、やっぱりAgent[05]は人狼ではないと思うね。
2,talk,2,0,2,ごきげんよう。わたくしもがんばりますわ。
2,talk,3,1,5,Agent[05]が追放されたね。Agent[02]が襲われてる！まだ人狼いるの！？
2,talk,4,1,1,>>Agent[03] Agent[03]さん、うーん、まだ考えがまとまらないよ。
2,talk,5,1,2,占いCO。Agent[03]は人間だったよ。
2,talk,6,2,2,私、今日生き延びたら隣村の恋人と結婚する予定なんだ...おや、本気にしてしまったのかい？
2,talk,7,2,5,誘導が強いAgent[02]が人狼のような気がします。
2,talk,8,2,1,Agent[02]さんの占いの結果は、人狼だったよ。
2,talk,9,3,1,すみません！　皆さんと私では実行してる内容が違ったそうです！　つまり私は人狼を実行してました！　ですがこうしたうっかりは村人らしいですよね！他のセキュリトロンによると非占いに投票していないと報告されています！
2,talk,10,3,2,占い師が1人出ています！　貴方が本物でもたとえ偽物でも、信じましょう、そうプログラムされていますから！
2,talk,11,3,5,Agent[01]さんとAgent[02]さんが自称占い師で、Agent[01]さんがAgent[04]さんを黒、Agent[02]さんがAgent[04]さんを白と言っていたから、Agent[01]さんが人狼だと思うよ。
2,talk,12,4,1,Agent[04]って占い結果話したっけ？Agent[03]はAgent[04]に白を出したよね。
2,talk,13,4,5,>>Agent[02] Agent[02]どの占い師が本物だと思いますか？
2,talk,14,4,2,Agent[05]のデータ通信から読み取れる限りでは、マヌケですね！　人狼とでました！
2,talk,15,5,2,あたいはAgent[02]を占うつもりだな。
2,talk,16,5,1,>>Agent[02] 今日はAgent[03]に投票しようと思っているよ。おっと、これはまだ言わないほうが良かったかな。
2,talk,17,5,5,安心してください！　Agent[03]が人狼か？と聞かれてもYESとはいいません！　イエス、というだけです！会話履歴を見てみると村人判定を非占いに出していないと報告されています！
2,talk,18,6,1,>>Agent[03] Agent[02]の印象を聞きたい。君はどう思っている？
2,talk,19,6,5,>>Agent[01] そうそう、Agent[02] は人狼なのさ。
2,talk,20,6,2,俺はさっきと意見が変わるけど、やっぱりAgent[03]は人狼ではないと思うぞ。
2,talk,21,7,1,Agent[03]に投票したいな。Agent[03]の投票先はおかしいよ。
2,talk,22,7,2,>>Agent[03] Agent[05]の印象を聞きたい。君はどう思っている？
2,talk,23,7,5,自己更新プログラムをかけてみたどころ、私、人狼だったそうです！　私は見ず知らずの内にみなさんを利用しまっていたそうです！　失礼、利用するなんて、言葉が悪いですね！会話履歴を見てみると誘導が少ないと報告されています！
2,talk,24,8,1,>>Agent[02] 一番好感度が低いのはAgent[03]だよ。狼に投票するのは当然だろう。
2,talk,25,8,5,僕が占い師ですよ。Agent[04]を占った結果は人間でした。
2,talk,26,8,2,占い師候補は３人か。人狼も狂人も騙りに出たようだな。　人狼の可能性があるのはAgent[03]とAgent[04]だな。
2,talk,27,9,2,私はAgent[03]のことを本物の占い師だと信じていますよ！　幸運を祈ってます！データバンクにアクセスしてみた結果占い師に人狼判定を出されていて、村人判定を非占いに出していないと報告されています！
2,talk,28,9,5,>>Agent[04] 今のところAgent[05]に投票するつもりだよ。
2,talk,29,9,1,安心してください！　Agent[01]が人狼か？と聞かれてもYESとはいいません！　イエス、というだけです！他のセキュリトロンによると占い師に人狼判定を出されていて、誘導が少ないと報告されています！
2,talk,30,10,5,Over
2,talk,31,10,2,Over
2,talk,32,10,1,Over
2,vote,1,2
2,vote,2,1
2,vote,5,1
2,execute,1,VILLAGER
2,divine,2,5,WEREWOLF
2,attack,2,true
3,status,1,VILLAGER,DEAD,kanolab2
3,status,2,SEER,DEAD,kanolab1
3,status,3,POSSESSED,DEAD,kanolab3
3,status,4,VILLAGER,DEAD,kanolab5
3,status,5,WEREWOLF,ALIVE,kanolab4
3,result,0,1,WEREWOLF
