0,status,1,WEREWOLF,ALIVE,kanolab4
0,status,2,VILLAGER,ALIVE,kanolab1
0,status,3,SEER,ALIVE,kanolab2
0,status,4,POSSESSED,ALIVE,kanolab3
0,status,5,VILLAGER,ALIVE,kanolab5
0,talk,0,0,5,>>Agent[02] Agent[02]の意見を聞きたいな。今日は誰に投票するつもりなんだい？
0,talk,1,0,4,>>Agent[04] Agent[01]を吊りましょう。
0,talk,2,0,2,今日はAgent[02]に投票しようと思っている。なんとなくだけどね。
0,talk,3,0,3,Agent[03]に投票します。せっかく占ったのに吊れないのは嫌ですよ。
0,talk,4,0,1,Agent[04]は全員から黒を貰っているね。
0,talk,5,1,1,僕が占い師で、Agent[05]さんが自称占い師で、Agent[05]さんがAgent[02]さんを黒と言っていたから、Agent[05]さんが狂人だと思うよ。
0,talk,6,1,3,僕が占い師で、Agent[02]さんとAgent[04]さんが自称占い師だから、Agent[02]さんかAgent[04]さんが狂人だと思うよ。
0,talk,7,1,5,Agent[02]は本当に狼なのかな。少し考える必要がありそうだ。
0,talk,8,1,2,私はAgent[05]に投票します。
0,talk,9,1,4,狼はコミュニケーションを取りながら暮らす動物なんだ。
0,talk,10,2,4,Agent[04]に投票しようと思っているんだが…。さっきCOしたとおり、Agent[04]は狼だからね。
0,talk,11,2,3,さっきと意見が変わるけど、やっぱりAgent[01]は人狼ではないね。
0,talk,12,2,2,>>Agent[03] Agent[05]は他の運び屋と違い、占い師に人狼判定を出されていると報告されています！
0,talk,13,2,5,こんにちは。お手柔らかにお願いしますね。
0,talk,14,2,1,Agent[02]に投票を集めたい。投票してくれるかい？ふふふっ。
0,talk,15,3,4,>>Agent[01] Agent[03]は他の運び屋と違い、占い師に人狼判定を出されていて、占い師に人狼判定を出されていると報告されています！
0,talk,16,3,5,Agent[05]さんは村人のAgent[03]に人間判定を出すなんて私には出来ません！　参考になります！
0,talk,17,3,3,安心してください！　Agent[04]が人狼か？と聞かれてもYESとはいいません！　イエス、というだけです！
0,talk,18,3,1,ソフトウェア･アップグレードの結果、前の考えは効率的ではない、とでました！こんにちは！　Agent[05]　人狼生活がエンジョイ出来ているようでとても羨ましいです！他のセキュリトロンによると占い師に人狼判定を出されていて、人狼判定を非占いに出していないと報告されています！
0,talk,19,3,2,みんなで頑張って人狼を見つけよう！
0,talk,20,4,4,僕はさっきと意見が変わるけど、やっぱりAgent[04]は人狼ではないと思うね。
0,talk,21,4,3,>>Agent[02] Agent[02]さん、僕はAgent[01]さんが怪しいと思うよ。
0,talk,22,4,2,Agent[05]に投票して欲しい。Agent[05]を黒だと判定した占い師がいるからね。
0,talk,23,4,5,何故か何度計算し直してもAgent[01]が人狼だとでてしまいます！　きっとこのプログラムが古いんでしょう！　後で新しいバージョンにアップデートしてきますね！会話履歴を見てみると占い師に人狼判定を出されていて、誘導が少ないと報告されています！
0,talk,24,4,1,Agent[01]が怪しいと思っているんだが、何か反論はあるかな？私の直感は当たるんだ。
0,talk,25,5,4,Over
0,talk,26,5,3,Over
0,talk,27,5,1,Over
0,talk,28,5,5,Over
0,talk,29,5,2,Over
0,divine,3,2,HUMAN
1,status,1,WEREWOLF,ALIVE,kanolab4
1,status,2,VILLAGER,ALIVE,kanolab1
1,status,3,SEER,ALIVE,kanolab2
1,status,4,POSSESSED,ALIVE,kanolab3
1,status,5,VILLAGER,ALIVE,kanolab5
1,talk,0,0,1,>>Agent[02] ふふっ。私を信じてくれるかい？
1,talk,1,0,2,>>Agent[05] 情けない話ですが、分かりません！
1,talk,2,0,4,>>Agent[03] 貴方がAgent[05]を疑う理由を私に教えてください。どんなことでもノーと言いませんから！。いや本当に！
1,talk,3,0,3,俺はAgent[04]を占うつもりだな。
1,talk,4,0,5,Agent[04]のデータ通信から読み取れる限りでは、マヌケですね！　人狼とでました！
1,talk,5,1,1,>>Agent[01] Agent[01]さん、偽者の占い師が何を言ってるんですか？
1,talk,6,1,5,今日の投票先を公開しておこうかな。私はAgent[05]に投票するつもりだよ。Agent[05]は私が村寄りで見ていた者に投票したからね。
1,talk,7,1,4,>>Agent[02] さっきぼく言ったよ？
1,talk,8,1,3,私はAgent[05]のことを本物の占い師だと信じていますよ！　幸運を祈ってます！データバンクにアクセスしてみた結果占いCOしていると報告されています！
1,talk,9,1,2,安心してください！　Agent[05]が人狼か？と聞かれてもYESとはいいません！　イエス、というだけです！データバンクにアクセスしてみた結果占い師に人狼判定を出されていて、村人候補への無駄な誘導が平均より多いと報告されています！
1,talk,10,2,2,>>Agent[01] 顔つきがそれらしいので、Agent[02]が人狼のような気がします。
1,talk,11,2,1,>>Agent[05] どうして私が怪しいと思うんだい？
1,talk,12,2,5,>>Agent[02] Agent[03]は他の運び屋と違い、人狼判定を占いに出していると報告されています！
1,talk,13,2,3,俺が占い師だ。Agent[01]を占って、結果は人間だった。
1,talk,14,2,4,>>Agent[04] Agent[03]は他の運び屋と違い、誘導が多いと報告されています！
1,talk,15,3,1,占い師は私だよ。昨日の占い結果だが、Agent[03]は人間と出た。
1,talk,16,3,5,>>Agent[02] Agent[02]の投票は私に理解できないよ。
1,talk,17,3,2,Agent[05]さんが自称占い師で、Agent[05]さんがAgent[01]さんを黒と言っていたから、Agent[01]さんが人狼だと思うよ。
1,talk,18,3,3,>>Agent[05] Agent[02]は他の運び屋と違い、占い師に人狼判定を出されていて、誘導が多いと報告されています！
1,talk,19,3,4,さっきと意見が変わるけど、やっぱりAgent[05]は人狼ではないですのよ。
1,talk,20,4,2,ソフトウェア･アップグレードの結果、前の考えは効率的ではない、とでました！何故か何度計算し直してもAgent[05]が人狼だとでてしまいます！　きっとこのプログラムが古いんでしょう！　後で新しいバージョンにアップデートしてきますね！会話履歴を見てみると人狼判定を非占いに出していないと報告されています！
1,talk,21,4,3,>>Agent[04] 貴方の疑い先はどこです？　一緒に疑いましょう！
1,talk,22,4,5,さあどうぞ占いCOしてください！　人狼の方でもかまいませんよ？
1,talk,23,4,4,僕はAgent[01]は人狼ではないと思うね。
1,talk,24,4,1,>>Agent[05] ボクが真占い師だよ！
1,talk,25,5,2,Over
1,talk,26,5,5,Over
1,talk,27,5,3,Over
1,talk,28,5,4,Over
1,talk,29,5,1,Over
1,vote,1,5
1,vote,2,3
1,vote,3,2
1,vote,4,2
1,vote,5,4
1,execute,2,VILLAGER
1,divine,3,5,HUMAN
1,attackVote,1,5
1,attack,5,true
2,status,1,WEREWOLF,ALIVE,kanolab4
2,status,2,VILLAGER,DEAD,kanolab1
2,status,3,SEER,ALIVE,kanolab2
2,status,4,POSSESSED,ALIVE,kanolab3
2,status,5,VILLAGER,DEAD,kanolab5
2,talk,0,0,4,こんにちは！　Agent[04]　人狼生活がエンジョイ出来ているようでとても羨ましいです！会話履歴を見てみると占い師に人狼判定を出されていて、誘導が多いと報告されています！
2,talk,1,0,1,私はAgent[04]は人狼ではないと思うね。
2,talk,2,0,3,Agent[04]を占った結果は人間でした。
2,talk,3,1,4,Agent[01]のデータ通信から読み取れる限りでは、残念ながら人狼とでました！
2,talk,4,1,1,昨日の占い結果だよ、Agent[01]さんは人狼だったよ。
2,talk,5,1,3,>>Agent[02] それを言ったところで意味はないんじゃないかな？
2,talk,6,2,4,Agent[01]さんが自称占い師で、Agent[01]さんがAgent[04]さんを白と言っていて、Agent[01]さんが襲撃されたから、Agent[05]さんが人狼だと思うよ。
2,talk,7,2,3,Agent[01]はAgent[02]に白を出したよね。Agent[02]はAgent[01]に投票だね。
2,talk,8,2,1,こんな事を言うのはなんですが、私は・・・狂人なんです！　つまり村人を吊るし人狼を勝利に導くようにプログラムされています！　けれども自分の意志じゃありません！データバンクにアクセスしてみた結果村人判定を非占いに出していないと報告されています！
2,talk,9,3,4,>>Agent[02] よければAgent[02]の考えを聞かせて欲しい。誰が狼だと思う？
2,talk,10,3,3,Agent[03]がAgent[04]に人間判定ですね。
2,talk,11,3,1,Agent[04]は味方だと思うな。私の直感は当たるんだ。
2,talk,12,4,4,>>Agent[04] Agent[04]は他の運び屋と違い、占い師に人狼判定を出されていて、占いCOしていないと報告されています！
2,talk,13,4,3,>>Agent[03] 同じ人同士で疑い合うというのは実に人間らしいへんな行為ですよね！　さあ貴方がAgent[04]を疑う理由をどうぞ！
2,talk,14,4,1,Agent[01]に投票してくれないか？現状一番信頼できる占い師はAgent[01]だからね。
2,talk,15,5,3,Over
2,talk,16,5,1,Over
2,talk,17,5,4,Over
2,vote,1,4
2,vote,3,4
2,vote,4,1
2,execute,4,POSSESSED
2,attackVote,1,3
2,attack,3,true
3,status,1,WEREWOLF,ALIVE,kanolab4
3,status,2,VILLAGER,DEAD,kanolab1
3,status,3,SEER,DEAD,kanolab2
3,status,4,POSSESSED,DEAD,kanolab3
3,status,5,VILLAGER,DEAD,kanolab5
3,result,0,1,WEREWOLF
