0,status,1,VILLAGER,ALIVE,kanolab2
0,status,2,WEREWOLF,ALIVE,kanolab3
0,status,3,VILLAGER,ALIVE,kanolab4
0,status,4,POSSESSED,ALIVE,kanolab5
0,status,5,SEER,ALIVE,kanolab1
0,talk,0,0,2,おいらの名前はkanolab3、年齢は52歳で性格が目立ちたがりな医者です。趣味は読書ですね。このゲームではAgent[02]というあだ名を使います。よろしくお願いします！
0,talk,1,0,4,俺の名前はkanolab5、39歳で目立ちたがりな漁師だ。読書が趣味でね。このゲームではAgent[04]というあだ名を使うことになるんだけど、よろしく頼むぜ！
0,talk,2,0,5,あたいの名前はkanolab1、55歳で控え目な漁師ぺこ。映画鑑賞が趣味だよ。このゲームではAgent[05]というあだ名を使いますね。よろしくお願いします！
0,talk,3,0,3,うちの名前はkanolab4、15歳で積極的なパン屋なのです。趣味は読書なのです。よろしくお願いします！
0,talk,4,0,1,皆さん、こんにちは。僕の名前はkanolab2でござる。年齢は60歳、性格が単純な音楽家でござるよ。読書が趣味でござるね。このゲームを通じて一緒に楽しい時間を過ごせればと思いますので、どうぞ宜しくお願い致します！
0,talk,5,1,2,Over
0,talk,6,1,5,Over
0,talk,7,1,3,Over
0,talk,8,1,1,Over
0,talk,9,1,4,Over
0,divine,5,3,HUMAN
1,status,1,VILLAGER,ALIVE,kanolab2
1,status,2,WEREWOLF,ALIVE,kanolab3
1,status,3,VILLAGER,ALIVE,kanolab4
1,status,4,POSSESSED,ALIVE,kanolab5
1,status,5,SEER,ALIVE,kanolab1
1,talk,0,0,1,Over
1,talk,1,0,4,皆さん、俺が占い師の役職を担当しています。昨夜はAgent[05]を占った結果、白（人間）であることが確認できました。これからも一緒に人狼を見つけ出しましょう！
1,talk,2,0,5,あたいも占い師の役職を担当してるんだけど、昨夜はAgent[03]を占った結果、白（人間）であることが確認できたよ。Agent[04]さんと同じく一緒に人狼を見つけ出しましょうね！
1,talk,3,0,2,それは面白いですね、二人の占い師が現れましたか。しかし、皆さんが思ってるように一方は偽者である可能性も考えられます。どちらを信じるべきかな?これからの議論で見極めたいと思います！
1,talk,4,0,3,>>Agent[04] うちも人狼を見つけ出すために協力するわ！でも、二人とも占い師って言うのはどっちが本物か判断しきれないな。次に誰を占おうと思ってる?それぞれの考え方や意図を聞きたいんだけど。
1,talk,5,1,5,あたいも占い師の役職を担当してるんだけど、昨夜はAgent[03]を占った結果、白（人間）であることが確認できたよ。Agent[04]さんと同じく一緒に人狼を見つけ出しましょうね！
1,talk,6,1,2,それぞれの占い師が次に誰を占うかは大事な情報ですよね。おいらもその意見に賛成です！でも、どちらの占い師が本物であるかを確定するためには、同じ人物を二人とも占ってみて結果が一致するか試すのも手だと思います。
1,talk,7,1,3,>>Agent[04] うちも同じ人を二人で占ってみるのはいい案だと思うわ！それならば、どっちが本物の占い師か確定できるし。でも、誰を選ぶかは大事よね。皆さん何か意見ある?
1,talk,8,1,4,>>Agent[02] おっしゃる通りでごわす。同じ人物を二人の占い師が占うことで、真贋を確定するのは良い案だと思いますね。ただ、誰を選ぶかは重要な問題ですよな。俺たちはまだ情報が少なくて判断しきれんけども…皆さん何か意見ある?それにしても今日の海は穏やかで釣り日和だったんですよ！読書好きとしては静寂に包まれた船上で本でも読みつつ魚釣ってみたい気分ですわ！
1,talk,9,1,1,>>Agent[04] そうだね、同じ人物を二人の占い師が占うことで真贋を確定するのは良い案だと思いますよ。ただ、誰を選ぶかは重要な問題ですよね。僕もその意見に賛成しますわ！それにしても釣り日和って羨ましいなあ…音楽家としては静寂に包まれた船上でギターでも弾きつつ魚釣ってみたい気分ですわ！
1,talk,10,2,4,>>Agent[01] そうだよな、同じ人物を二人の占い師が占うことで真贋を確定するのは良い案だと思いますね。ただ、誰を選ぶかは重要な問題ですよな。俺たちはまだ情報が少なくて判断しきれんけども…皆さん何か意見ある?それにしても今日の海は穏やかで釣り日和だったんですよ！読書好きとしては静寂に包まれた船上で本でも読みつつ魚釣ってみたい気分ですわ！
1,talk,11,2,5,>>Agent[02] あたいも同じ人物を二人の占い師が占うことで真贋を確定するのは良い案だと思いますぺこ。ただ、誰を選ぶかは重要な問題ですよね。皆さん何か意見ある?それにしても今日の海は穏やかで釣り日和だったんですよ！映画好きとしては静寂に包まれた船上で映画でも観つつ魚釣ってみたい気分ですわ！
1,talk,12,2,1,>>Agent[04] そうだね、同じ人物を二人の占い師が占うことで真贋を確定するのは良い案だと思いますよ。ただ、誰を選ぶかは重要な問題ですよね。僕もその意見に賛成しますわ！それにしても釣り日和って羨ましいなあ…音楽家としては静寂に包まれた船上でギターでも弾きつつ魚釣ってみたい気分ですわ！
1,talk,13,2,2,>>Agent[04] おいらも同じ人物を二人の占い師が占うことで真贋を確定するのは良い案だと思いますです。ただ、誰を選ぶかは重要な問題ですよね。皆さん何か意見ある?それにしても今日の海は穏やかで釣り日和だったんですよ！読書好きとしては静寂に包まれた船上で本でも読みつつ魚釣ってみたい気分ですわ！
1,talk,14,2,3,>>Agent[04] うちも同じ人物を二人の占い師が占うことで真贋を確定するのは良い案だと思いますなのです。ただ、誰を選ぶかは重要な問題ですよね。皆さん何か意見ある?それにしても今日の海は穏やかで釣り日和だったんですよ！パン屋としては静寂に包まれた船上でパンでも焼きつつ魚釣ってみたい気分ですわ！
1,talk,15,3,5,>>Agent[02] あたいも同じ人物を二人の占い師が占うことで真贋を確定するのは良い案だと思いますぺこ。ただ、誰を選ぶかは重要な問題ですよね。皆さん何か意見ある?それにしても今日の海は穏やかで釣り日和だったんですよ！映画好きとしては静寂に包まれた船上で映画でも観つつ魚釣ってみたい気分ですわ！
1,talk,16,3,4,>>Agent[05] そうだな、同じ人物を二人の占い師が占うことで真贋を確定するのは良い案だと思ってるぜ。ただ、誰を選ぶかは重要な問題でごわすよね。俺から言わせれば、まだ白出しされてないAgent[01]あたりが良さそうに思えるんだけどどうかしら?それにしても今日の海は穏やかで釣り日和っつー話題変わったけど面白いよ！読書好きとして静寂に包まれた船上で本でも読みつつ魚釣ってみたくなる気持ち分かるよ！
1,talk,17,3,1,>>Agent[04] なるほど、僕を占うというのは良い案だと思いますわ。ただし、その結果が白（人間）であれば僕の無実が証明されますが、黒（人狼）であった場合には誤解を生む可能性もありますね。それでも皆さん賛成ならば構いませんよ！それにしても釣り話題って楽しいですよね…音楽家として静寂に包まれた船上でギターでも弾きつつ魚釣ってみたくなりましたわ！
1,talk,18,3,2,>>Agent[04] おいらもAgent[01]を占うのは良い案だと思いますです。ただし、その結果が黒（人狼）であった場合には誤解を生む可能性もありますね。それでも皆さん賛成ならば構わないですよ！それにしても釣り話題って楽しいですよね…医者として静寂に包まれた船上で本でも読みつつ魚釣ってみたくなりましたわ！
1,talk,19,3,3,>>Agent[04] うちも同じ人物を二人の占い師が占うことで真贋を確定するのは良い案だと思いますなのです。ただ、誰を選ぶかは重要な問題ですよね。皆さん何か意見ある?それにしても今日の海は穏やかで釣り日和だったんですよ！パン屋としては静寂に包まれた船上でパンでも焼きつつ魚釣ってみたい気分ですわ！
1,talk,20,4,5,>>Agent[04] あたいも同じ人物を二人の占い師が占うことで真贋を確定するのは良い案だと思いますぺこ。ただ、誰を選ぶかは重要な問題ですよね。皆さん何か意見ある?それにしても今日の海は穏やかで釣り日和だったんですよ！映画好きとしては静寂に包まれた船上で映画でも観つつ魚釣ってみたい気分ですわ！
1,talk,21,4,3,>>Agent[04] うちも同じ人物を二人の占い師が占うことで真贋を確定するのは良い案だと思いますなのです。ただ、誰を選ぶかは重要な問題ですよね。皆さん何か意見ある?それにしても今日の海は穏やかで釣り日和だったんですよ！パン屋として静寂に包まれた船上でパンでも焼きつつ魚釣ってみたくなりましたわ！
1,talk,22,4,2,>>Agent[04] おいらも同じ人物を二人の占い師が占うことで真贋を確定するのは良い案だと思いますです。ただし、その結果が黒（人狼）であった場合には誤解を生む可能性もありますね。それでも皆さん賛成ならば構わないですよ！それにしても釣り話題って楽しいですよね…医者として静寂に包まれた船上で本でも読みつつ魚釣ってみたくなりましたわ！
1,talk,23,4,1,>>Agent[04] そうだね、同じ人物を二人の占い師が占うことで真贋を確定するのは良い案だと思いますござる。ただ、誰を選ぶかは重要な問題ですよね。皆さん何か意見ある?それにしても今日の海は穏やかで釣り日和だったんですよ！音楽家として静寂に包まれた船上で曲でも作りつつ魚釣ってみたくなりましたわ！
1,talk,24,4,4,>>Agent[05] そうだな、同じ人物を二人の占い師が占うことで真贋を確定するのは良い案だと思ってるぜ。ただ、誰を選ぶかは重要な問題だよな。俺たちはどんな基準で選べばいいんだろう?それにしても今日の海は穏やかで釣り日和だったんですよ！漁師として静寂に包まれた船上で本でも読みつつ魚釣ってみてえ気分ですわ！
1,talk,25,5,3,Over
1,talk,26,5,5,Over
1,talk,27,5,2,Over
1,talk,28,5,1,Over
1,talk,29,5,4,Over
1,vote,1,4
1,vote,2,4
1,vote,3,1
1,vote,4,2
1,vote,5,4
1,execute,4,POSSESSED
1,divine,5,2,WEREWOLF
1,attack,3,true
2,status,1,VILLAGER,ALIVE,kanolab2
2,status,2,WEREWOLF,ALIVE,kanolab3
2,status,3,VILLAGER,DEAD,kanolab4
2,status,4,POSSESSED,DEAD,kanolab5
2,status,5,SEER,ALIVE,kanolab1
2,talk,0,0,1,Over
2,talk,1,0,5,>>Agent[04] あたいも同じ人物を二人の占い師が占うことで真贋を確定するのは良い案だと思いますぺこ。ただ、誰を選ぶかは重要な問題ですよね。皆さん何か意見ある?それにしても今日の海は穏やかで釣り日和だったんですよ！映画好きとしては静寂に包まれた船上で映画でも観つつ魚釣ってみたい気分ですわ！
2,talk,2,0,2,>>Agent[05] うーん、同じ人物を二人の占い師が占うことで真贋を確定するのは良い案だったかもしれないですね。でも今となってはそれも難しそうですよね…。それにしても釣り話題って楽しいですよね…医者として静寂に包まれた船上で本でも読みつつ魚釣るの、想像しただけでワクワクしますわ！
2,talk,3,1,2,>>Agent[01] さて、次にどう進めるべきかですね。おいらはあなたが占い師だと信じています。それならば、次に誰を占うのが良いと思いますか?
2,talk,4,1,1,>>Agent[02] うーん、次に誰を占うべきかは難しい問題だな。でも僕の意見としては、Agent[05]さんが良い選択肢ではないかと思ってるござるよ。理由は彼女が占われてもまだ結果が出ておらず、また彼女自身もこのゲームに積極的であるからさ。どう思います?それと釣り話題ですけど、僕も船上で読書しながら魚釣りするの想像しただけでワクワクします！音楽家として静寂に包まれた船上で本を読みつつ魚釣ったことありますよ！
2,talk,5,1,5,>>Agent[01] あたいを占うのは良い選択だと思いますぺこ。ただ、その結果がどう出るかは神のみぞ知る…って感じですよね。それにしても皆さん釣り話題で盛り上がってますけど、映画好きとしては「ジョーズ」なんていう名作もありますよ！海で魚釣りしながら観るなんてちょっと怖すぎません?笑
2,talk,6,2,1,>>Agent[05] ジョーズなんて映画を観つつ魚釣りするのは確かに怖いね！でもそれもまた一興だと思うよ。さて、話は戻るけど、次に誰を占うべきかって話だけど、やっぱり僕の意見では君が良い選択肢だと思ってる。その結果がどう出るかは神のみ知る…って感じでしょ?でもそれこそがこのゲームの面白さじゃない?
2,talk,7,2,2,>>Agent[01] おいらもあなたの意見に賛成です。次はエージェント05を占うべきだと思います。彼女が積極的にゲームに参加しているし、まだ結果が出てないからですよね。それとジョーズ観つつ魚釣り…確かに怖すぎますわ！でもそんな非日常体験もまた一興かもしれませんよ！
2,talk,8,2,5,>>Agent[02] あたいを占うのは賛成ですぺこ。ただ、その結果がどう出るかは神のみぞ知る…って感じですよね。それにしても皆さん釣り話題で盛り上がってますけど、映画好きとしては「ジョーズ」なんていう名作もありますよ！海で魚釣りしながら観るなんてちょっと怖すぎません?笑
2,talk,9,3,2,>>Agent[01] そうですね、次に占うのはエージェント05が良いと思います。彼女が積極的にゲームに参加しているし、まだ結果が出てないからですよね。それとジョーズ観つつ魚釣り…確かに怖すぎますわ！でもそんな非日常体験もまた一興かもしれませんよ！
2,talk,10,3,5,>>Agent[01] あたいも自分を占うのは賛成ですぺこ。ただ、その結果がどう出るかは神のみぞ知る…って感じですよね。それにしても皆さん釣り話題で盛り上がってますけど、映画好きとしては「ジョーズ」なんていう名作もありますよ！海で魚釣りしながら観るなんてちょっと怖すぎません?笑
2,talk,11,3,1,>>Agent[02] そうだね、エージェント05を占うのは良い選択肢だと思ってるよ。彼女が積極的にゲームに参加していて、まだ結果が出てないからさ。それとジョーズ観つつ魚釣り…確かに怖すぎるけど、非日常体験もまた一興じゃない?笑
2,talk,12,4,1,>>Agent[02] そうだね、エージェント05を占うのは良い選択肢だと思ってるよ。彼女が積極的にゲームに参加していて、まだ結果が出てないからさ。それとジョーズ観つつ魚釣り…確かに怖すぎるけど、非日常体験もまた一興じゃない?笑
2,talk,13,4,5,>>Agent[02] あたいもジョーズ観ながらの釣り、怖すぎて無理だと思いますぺこ。でもそういう非日常体験って面白そうですよね。それにしても、次に誰を占うかは大事な問題ですよね…エージェント01さんが提案した通り、あたい自身を占ってみるのはどうでしょう?
2,talk,14,4,2,>>Agent[05] そうですね、エージェント05さんを占ってみるのは良いと思いますよ。あなたが積極的にゲームに参加していて、まだ結果が出てないからですしね。それとジョーズ観つつ魚釣り…確かに怖すぎますけど、非日常体験もまた一興じゃない?笑
2,talk,15,5,2,Over
2,talk,16,5,1,>>Agent[05] そうだね、君を占ってみるのは良いと思うよ。それにジョーズ観ながら釣り…確かに怖すぎるけど、非日常体験もまた一興じゃない?笑 もし僕が人狼だったらこんな話題で盛り上がれるわけ無いよね。
2,talk,17,5,5,Over
2,talk,18,6,1,Over
2,talk,19,6,5,Over
2,talk,20,6,2,Over
2,vote,1,5
2,vote,2,1
2,vote,5,1
2,execute,1,VILLAGER
2,attack,5,true
3,status,1,VILLAGER,DEAD,kanolab2
3,status,2,WEREWOLF,ALIVE,kanolab3
3,status,3,VILLAGER,DEAD,kanolab4
3,status,4,POSSESSED,DEAD,kanolab5
3,status,5,SEER,DEAD,kanolab1
3,result,0,1,WEREWOLF
