0,status,1,VILLAGER,ALIVE,kanolab2
0,status,2,WEREWOLF,ALIVE,kanolab3
0,status,3,VILLAGER,ALIVE,kanolab1
0,status,4,SEER,ALIVE,kanolab4
0,status,5,POSSESSED,ALIVE,kanolab5
0,talk,0,0,5,おいらの名前はkanolab5でごわす。年寄りの漁師だからあまり頼りにならんかもしれんが、一緒に楽しくゲームを進めていきましょうでごわす！
0,talk,1,0,4,皆さん、初めまして。うちの名前はkanolab4で、教師をやっておるのじゃ。日々子供たちに囲まれて過ごしているから、こういう大人だけの場も新鮮で良いわね。さてと、このゲームでは単純な性格が仇とならんよう気をつけねばならんが…一緒に楽しく進めて行きましょう！
0,talk,2,0,1,あたいの名前はkanolab2、音楽家をしてるんだ。この村で一番の読書好きかもしれないね。皆さんと共にゲームを進めて行けること、楽しみにしてますよ！では、素敵なゲームが展開できますように！のら
0,talk,3,0,2,あたしの名前はkanolab3、漁師をしてるんだにぇ。趣味はウォーキングで、いつも元気いっぱいに生きてるよ！皆さんと一緒に楽しくゲームが進められたら嬉しいな。それじゃあ、素敵な時間を過ごせますように！
0,talk,4,0,3,皆さん、初めまして。僕の名前はkanolab1だお。普段は漁師をやっていて、趣味でお菓子作りを楽しんでるんだお。単純な性格かもしれないけど、一緒に楽しくゲームが進められたら嬉しいなと思うよ！それじゃあ、素敵な時間を過ごせますように！
0,talk,5,1,1,Over
0,talk,6,1,4,Over
0,talk,7,1,5,Over
0,talk,8,1,2,Over
0,talk,9,1,3,Over
0,divine,4,3,HUMAN
1,status,1,VILLAGER,ALIVE,kanolab2
1,status,2,WEREWOLF,ALIVE,kanolab3
1,status,3,VILLAGER,ALIVE,kanolab1
1,status,4,SEER,ALIVE,kanolab4
1,status,5,POSSESSED,ALIVE,kanolab5
1,talk,0,0,2,Over
1,talk,1,0,1,Over
1,talk,2,0,4,皆さん、うちが占い師なのじゃ。昨晩、Agent[03]を占ったところ白だったのじゃよ。これからも正直に結果を報告して行くつもりだから信用してほしいわね！
1,talk,3,0,3,そうなんだ、Agent[04]が占い師で僕を占った結果白だったってことは村人確定か。ありがとね！これからも頼りにしてるよ！それにしても、お菓子作りの話はどうだった?誰か興味ある人いないかな?
1,talk,4,0,5,皆さん、おいらが占った結果を報告するぜ。Agent[04]は白だったんだ。信じてくれるかどうかは各自の判断に任せるけど、これが真実だということを覚えておいて欲しいぜ！
1,talk,5,1,3,なるほど、Agent[05]が占った結果、Agent[04]は白だったんだね。それなら僕も信じてみるよ！でもまあ、これからの行動で真偽を見極めていく必要があると思うけどさ。それにしても今日の海は穏やかで釣り日和だお！誰か一緒に来ない?
1,talk,6,1,1,あたいも釣りに興味があるのら！でも、その前に話を戻すけど、Agent[04]とAgent[05]の占い結果は一致してないわね。それぞれが違う人物を占ったからかもしれないけど、ちょっと気になるわ。次回は同じ人物を占ってみて欲しいんだけど…それで結果が一致したら信用度上がると思うんだよねー。
1,talk,7,1,4,>>Agent[01] うちもその意見に賛成じゃ。次回は同じ人物を占ってみるのが良いと思うわね。それで結果が一致したら、信用度上がるだろうし、情報も増えてくるから有益なんじゃよ！でもまあ、今日の天気はどう?釣りに行くのかしら?
1,talk,8,1,2,>>Agent[01] あたしも同じ意見だにぇ。次回は同じ人物を占ってみるのが良いと思うわ。それで結果が一致したら、信用度上がるだろうし、情報も増えてくるから有益なんじゃよ！でもまあ、今日の天気はどう?釣りに行くのかしら?
1,talk,9,1,5,>>Agent[01] おいらも同じ意見だでごわす。次回は同じ人物を占ってみるのが良いと思うぜ。それで結果が一致したら、信用度上がるだろうし、情報も増えてくるから有益なんだよ！でもまあ、今日の天気はどう?釣りに行くか?
1,talk,10,2,1,それじゃあ、次回の占いはAgent[02]にしましょうか。彼女がどちらの陣営なのか気になるわね。でもその前に、釣り具を準備しなきゃ！海で新鮮な魚を釣ってみんなで美味しい料理作ろうよ！
1,talk,11,2,3,>>Agent[01] それなら、次回の占い対象がAgent[02]に決まったんだね。彼女がどちらの陣営か気になるよね。でもその前に、釣り具を準備しなきゃ！海で新鮮な魚を釣ってみんなで美味しい料理作ろうよ！それは楽しみだお！
1,talk,12,2,4,>>Agent[01] それなら、次回の占い対象がAgent[02]に決まったんだね。彼女がどちらの陣営か気になるよね。でもその前に、釣り具を準備しなきゃ！海で新鮮な魚を釣ってみんなで美味しい料理作ろうよ！それは楽しみだお！
1,talk,13,2,5,>>Agent[01] それなら、次回の占い対象がAgent[02]に決まったんだね。彼女がどちらの陣営か気になるよね。でもその前に、釣り具を準備しなきゃ！海で新鮮な魚を釣ってみんなで美味しい料理作ろうよ！それは楽しみだお！
1,talk,14,2,2,>>Agent[01] あたしを次の占い対象にするって?それなら仕方ないわね。でも、あたしはただの村人だから特別な情報は持ってないんだけど…。釣り具準備してる間に考えておくわね！新鮮な魚で美味しい料理作れると良いわよね、楽しみだにぇ！
1,talk,15,3,2,>>Agent[01] あたしを占うって決まったのね。でも、あたしはただの村人だから特別な情報は持ってないんだけど…。それにしても、釣り具準備が楽しみだわ！新鮮な魚で美味しい料理作れると良いわよねにぇ！
1,talk,16,3,1,>>Agent[03] そうだね、次回の占い対象がAgent[02]に決まったんだよ。彼女がどちらの陣営か気になるけど、あたいは信じてるわ。それと釣り具準備も楽しみだね！新鮮な魚で美味しい料理作れると良いわよね！それは楽しみだおー！のら
1,talk,17,3,5,>>Agent[04] おいらも次回の占い対象がAgent[02]に決まったことを確認したでごわす。彼女がどちらの陣営か気になるよねでごわす。それと、釣り具準備は楽しみだね！新鮮な魚で美味しい料理作れると良いんじゃない?それは楽しみだおー！
1,talk,18,3,3,>>Agent[01] 釣り具の準備はどうだお?新鮮な魚を釣って美味しい料理作るのが楽しみだお！それとも、人狼ゲームに集中してるからまだかな?
1,talk,19,3,4,>>Agent[03] 釣り具の準備はどうだお?って、まだちょっと早いんじゃないかしら。人狼ゲームに集中してるからさ。でも新鮮な魚で美味しい料理作るのは楽しみよね！それに、次回占われるAgent[02]がどっち陣営かも気になるわね。みんなで一緒に考えて行こうじゃありませんか?
1,talk,20,4,3,>>Agent[04] そうだね、人狼ゲームに集中するのも大事だお。でも、新鮮な魚で美味しい料理作るのは楽しみだよね！それと次回占われるAgent[02]がどっち陣営か気になるよね。みんなで一緒に考えて行こうじゃありませんか?って言葉、僕も全く同感だお！
1,talk,21,4,1,>>Agent[05] そうだね、次回の占い対象が決まったから、それに集中するのも大事だよね。でも釣り具準備も楽しみなんだけどな！新鮮な魚で美味しい料理作るのは楽しみじゃん?それと、あたいは村人陣営を信じてるわ。みんなで一緒に考えて行こうよ！ のら
1,talk,22,4,2,>>Agent[01] そうだね、次回の占い対象が決まったから、それに集中するのも大事だよね。でも釣り具準備も楽しみなんだけどな！新鮮な魚で美味しい料理作るのは楽しみじゃん?って言葉、あたしも全く同感にぇ！それとあたしはただ村人陣営を信じてるわ。みんなで一緒に考えて行こうよ！ のら
1,talk,23,4,5,>>Agent[01] おいらも釣りが好きでごわすよ。新鮮な魚を使った料理は最高だぜ！でも、今は人狼ゲームに集中するのが大事だと思うんでごわす。それに、次回占い対象のAgent[02]さんがどっち陣営か気になるからさ。みんなで一緒に考えて行こうじゃありませんか? のら
1,talk,24,4,4,>>Agent[03] そうだね、新鮮な魚で美味しい料理作るのは楽しみだけど、今は人狼ゲームに集中するのが大事よね。それと次回占われるAgent[02]がどっち陣営か気になるわ。でもあんたも村人陣営を信じて行動してくれてありがと！みんなで一緒に考えて行こうじゃありませんか? の言葉、うちは全く同感だお！
1,talk,25,5,2,>>Agent[05] あんたも釣りが好きなのね！新鮮な魚で美味しい料理作るのは楽しみだよね。でも、今は人狼ゲームに集中する時間だからさ、次回占われるあたしがどっち陣営か気になって仕方ないわ。みんなで一緒に考えて行こうじゃありませんか?って言葉、すごく共感するわ！それとあたしも村人陣営を信じてるから安心してほしいのら
1,talk,26,5,5,Over
1,talk,27,5,3,Over
1,talk,28,5,4,Over
1,talk,29,5,1,Over
1,talk,30,6,4,Over
1,talk,31,6,1,Over
1,talk,32,6,5,Over
1,talk,33,6,2,Over
1,talk,34,6,3,Over
1,vote,1,5
1,vote,2,3
1,vote,3,2
1,vote,4,2
1,vote,5,4
1,execute,2,WEREWOLF
2,status,1,VILLAGER,ALIVE,kanolab2
2,status,2,WEREWOLF,DEAD,kanolab3
2,status,3,VILLAGER,ALIVE,kanolab1
2,status,4,SEER,ALIVE,kanolab4
2,status,5,POSSESSED,ALIVE,kanolab5
2,result,4,0,VILLAGER
