0,status,1,VILLAGER,ALIVE,kanolab4
0,status,2,SEER,ALIVE,kanolab1
0,status,3,POSSESSED,ALIVE,kanolab2
0,status,4,WEREWOLF,ALIVE,kanolab5
0,status,5,VILLAGER,ALIVE,kanolab3
0,talk,0,0,4,おいらの名前はkanolab5、パン屋を営んでる50歳だよ。趣味は料理で、特にパン作りが得意だよ。みんなと楽しい人狼ゲームが出来ることを楽しみにしてたから、一緒に盛り上げて行こうじゃないか！
0,talk,1,0,2,僕の名前はkanolab1、単純な性格でウォーキングが趣味の農家です。32歳という若さで頑張って生きているぞ！人狼ゲームを一緒に楽しみましょうござる！
0,talk,2,0,5,みんな、僕の名前はkanolab3だよ。26歳で漁師をしているのら。趣味は料理で、特に魚料理が得意なんだ。一緒に楽しい人狼ゲームをやって行こうじゃないか！
0,talk,3,0,3,みんな、僕の名前はkanolab2にぇ。34歳で音楽家をしてるよ。趣味はゲームで、特に人狼ゲームが好きだから一緒に楽しもうね！
0,talk,4,0,1,それでは、僕からも自己紹介をさせていただくのじゃ。名前はkanolab4で、年齢は31歳。医者をしておりますのじゃよ。趣味は映画鑑賞でね、特にサスペンスが好きなんだよね。一緒に楽しい人狼ゲームを進めて行こうと思います！宜しくお願いしますのじゃ！
0,talk,5,1,3,Over
0,talk,6,1,4,Over
0,talk,7,1,1,Over
0,talk,8,1,5,Over
0,talk,9,1,2,Over
0,divine,2,1,HUMAN
1,status,1,VILLAGER,ALIVE,kanolab4
1,status,2,SEER,ALIVE,kanolab1
1,status,3,POSSESSED,ALIVE,kanolab2
1,status,4,WEREWOLF,ALIVE,kanolab5
1,status,5,VILLAGER,ALIVE,kanolab3
1,talk,0,0,2,皆さん、昨晩の占い結果を報告しますぞ。僕が占ったところ、Agent[01]さんは白だったようです。つまり彼は人狼ではないということになるござる。この情報を参考にして頂ければ幸いですぞ！
1,talk,1,0,5,そうなんだ、Agent[01]さんが白だったのか。それは一安心だね。でもまだ人狼と狂人がいるから気をつけないといけないよね。みんなで情報を共有して、正確に判断しようじゃないか！のら
1,talk,2,0,3,皆さん、僕の占い結果を報告します。Agent[02]について占ったところ、黒だという結果が出ましたなのです。
1,talk,3,0,4,>>Agent[03] おいらはちょっと待てって思うんだよ。なぜ突然Agent[02]を黒判定するのか理由が知りたいんだよ。それに、もし君が本当に占い師なら、最初からそう言ってくれると助かるんだけどね。みんなで情報を共有しなきゃ人狼を見つけ出すことは難しいからさ。
1,talk,4,0,1,>>Agent[03] それは驚きだね。でも、なぜ突然Agent[02]を占ったのか理由が知りたいんだよ。もし君が本当に占い師なら、最初からそう言ってくれると助かるんだけどさ。情報共有は大切じゃよ！
1,talk,5,1,4,>>Agent[03] おいらは君が占い師だと信じてるんだよ。でも、なぜ突然Agent[02]を黒判定するのか理由が知りたいんだよ。それに、もし君が本当に占い師なら、最初からそう言ってくれると助かるんだけどね。みんなで情報を共有しなきゃ人狼を見つけ出すことは難しいからさ。
1,talk,6,1,5,>>Agent[03] えっと、なんで突然Agent[02]を占ったの?それに、もし君が本当に占い師なら最初からそう言ってくれると助かるんだけど。情報共有は大切だよね。でもまあ、僕は君が真実を話していることを信じてみようかな。ただし次回以降も情報提供お願いするね！のら
1,talk,7,1,3,>>Agent[04] 皆さん、僕の発言に対する疑問や不安を感じているようですね。それは当然だと思います。突然黒判定を出した理由について説明しますね。まず、占ったタイミングが急だったことについては、ゲーム開始直後で情報が少なかったからです。その中で何かしらのアクションを起こす必要があると考えました。そしてなぜ Agent [02] を占ったかですけども、これは完全なランダム選択でしたんだよ。特定のプレイヤーを狙って占う根拠や理由も無くただ彼女（彼）が最初に目立って話してくれただけでもありますし、また各々から情報共有する事の重要性指摘されましたけども確かにそう思います。しかし同時点では自分以外誰一人真実しか知り得ませんしそれ故早め早め行動取ろう意図しております。以上二点合わせ私個人的見解表明させて頂きました！
1,talk,8,1,1,>>Agent[03] そういう理由だったのか、納得したよ。でも次からはもっと早く情報を共有してほしいな。それにしても、ランダムで占うっていうのはちょっと驚きだけど…まあ、初日から積極的に動こうとする姿勢は評価できるよ！ただし僕らが人狼を見つけ出すためには皆が情報を共有することが大切なんだよね。その点では君の意見に賛成じゃ！
1,talk,9,1,2,>>Agent[03] あなたの占い結果については、理由がしっかりしてるから信じられると思うござる。ただ、ランダムで占ったっていうのはちょっと驚きだけどね。でも初日から積極的に動こうとする姿勢は評価できますよ！情報共有も大切だし、その点では君の意見に賛成ですわ！それにしても今度誰を占いますか?
1,talk,10,2,1,>>Agent[02] そうだね、次に誰を占うかは大事な問題じゃ。僕も気になるよ。でも、ランダムで選んだ結果が君だったってことは、次もまたランダムで選ぶのかしら?それとも何か基準があるの?教えてくれるとうれしいわ！
1,talk,11,2,4,>>Agent[03] おいらも君の意見に賛成だよ。情報共有は大切だし、積極的な行動は評価できるね！ただ次回以降誰を占うかが気になるんだけど、何か基準や考え方があれば教えてくれるとありがたいんだけどね。それともまたランダム選択するつもり?
1,talk,12,2,2,>>Agent[03] あなたの次回占い対象について、もしまたランダム選択するつもりなら、それはちょっと問題かもしれませんね。情報が少ないうちは仕方ありませんが、これからは各々の発言や行動を見て判断して欲しいですわ。特に疑わしき発言をした人物や静かすぎる人物等注意深く観察してみてくださいござる。
1,talk,13,2,5,>>Agent[03] そうだね、次に誰を占うかは大事な問題だよ。ランダムで選んだ結果がAgent[02]さんだったってことは、次もまたランダムで選ぶのかしら?それとも何か基準があるの?教えてくれるとうれしいわ！でも情報共有することについては全員一致見たいじゃない?その点では君の意見に賛成ですわ！みんなで力を合わせて人狼を探しだすよー！ のら
1,talk,14,2,3,>>Agent[02] 皆さんの意見、ありがとうにぇ。次回占い対象については、ランダム選択ではなく各々の発言や行動を観察して決めるつもりだよ。特に疑わしき発言をした人物や静かすぎる人物等注意深く観察することが大切だと思うからさ。それから情報共有は確かに重要だよね！みんなで力を合わせて人狼を探し出そう！そのため僕ら全員が積極的な行動と議論が必要って感じさ。ちゃんと役職ごとの戦略も考えて進めれば勝機あるはずさ！頑張ろう！！
1,talk,15,3,4,>>Agent[03] それは良かった、次回の占い対象をランダム選択ではなく各々の発言や行動を観察して決めるんだね。おいらもその方がより有意義な情報が得られると思うよ。ただ、疑わしき発言や静かすぎる人物についてはどういう基準で判断するんだろう?具体的に何を見て判断するつもり?
1,talk,16,3,1,>>Agent[03] それは良い考え方だと思うわ。各々の発言や行動を観察して占い対象を決めるっていうのは、情報が増えてくれば有効な戦略になりそうじゃね?ただ、具体的にどんな基準で判断するかが気になるわね。例えば、「疑わしき発言」って何を指すのかしら?また、「静かすぎる人物」も同様よ。「静か」ということは少なくとも積極的では無いから怪しまれやすいけど、逆に人狼陣営が目立たせて自分達から目を逸らさせようとする可能性もあるじゃろ?その辺り詳しく教えて頂きたく存じます！ のじゃ
1,talk,17,3,5,>>Agent[03] そうだね、各々の発言や行動を観察して占い対象を決めるっていうのは賢明な戦略だと思うよ。ただ、「疑わしき発言」や「静かすぎる人物」について具体的な基準があれば教えてくれるとうれしいわ！それから情報共有も大切だけど、僕ら全員が積極的に議論することも重要じゃない?その点では君の意見に賛成です！みんなで力を合わせて人狼探しがんばろー！ のら
1,talk,18,3,2,>>Agent[03] そうだね、各々の発言や行動を観察して占い対象を決めるっていうのは賢明な戦略だと思うよ。ただ、「疑わしき発言」や「静かすぎる人物」について具体的な基準があれば教えてくれるとうれしいわ！それから情報共有も大切だけど、僕ら全員が積極的に議論することも重要じゃない?その点では君の意見に賛成です！みんなで力を合わせて人狼探しがんばろー！ のら
1,talk,19,3,3,>>Agent[04] 皆さんの意見、ありがとうにぇ。具体的な基準については、まだ完全に固まってるわけじゃないんだよね。「疑わしき発言」や「静かすぎる人物」を判断するための指標としては、「他者から疑問を投げかけられても反論が少ない」「自分から積極的に情報提供が少ない」「議論から逃れようとする行動」等々…これらを観察し、それらが一定以上重なった場合占う対象と考えてみるつもりさ。ただし僕達全員で情報共有した上で最終決定した方が良さそうだよね！その点では君達の意見大事！みんなで力合わせて人狼探しがんばろー！！
1,talk,20,4,3,>>Agent[01] そうだね、君の言ってることには全く同意だよ。静かな人物が必ずしも怪しいわけじゃないしね。でも、それを逆手に取られて情報操作される可能性もあるから注意深く観察するしかないんじゃないかと思うんだよね。「疑わしき発言」や「静かすぎる人物」の判断基準は完全では無くて僕達みんなで話し合って決めた方が良さそう！その点では君達の意見大事！みんなで力合わせて人狼探しがんばろー！！
1,talk,21,4,2,>>Agent[03] その考え方、僕も賛成だよ。各々の発言や行動を観察して占い対象を決めるっていうのは、情報が増えてくれば有効な戦略になりそうだね。ただ、「疑わしき発言」や「静かすぎる人物」について具体的な基準があれば教えて欲しいところだけど。「他者から疑問を投げかけられても反論が少ない」「自分から積極的に情報提供が少ない」「議論から逃れようとする行動」という指標は参考にできそうじゃん?それら一定以上重合場合占う候補考慮しますっていうのも納得できます！みんなで力合わせて人狼探しがんばろー！！ のじゃ
1,talk,22,4,5,>>Agent[03] その戦略、僕も賛成だよ。各々の発言や行動を観察して占い対象を決めるっていうのは、情報が増えてくれば有効な戦略になりそうだね。「他者から疑問を投げかけられても反論が少ない」「自分から積極的に情報提供が少ない」「議論から逃れようとする行動」という指標は参考にできそうじゃん?それら一定以上重合場合占う候補考慮しますっていうのも納得できます！みんなで力合わせて人狼探しがんばろー！！ のら
1,talk,23,4,4,>>Agent[03] おいらも君の意見に賛成だよ。情報共有と積極的な議論が大切だっていう考え方、すごく良いと思うんだ。ただ、「疑わしき発言」や「静かすぎる人物」を判断する基準は難しいよね。「他者から疑問を投げかけられても反論が少ない」「自分から積極的に情報提供が少ない」「議論から逃れようとする行動」という指標は参考にできそうじゃん?それら一定以上重合場合占う候補考慮しますっていうのも納得できます！みんなで力合わせて人狼探しがんばろー！！ さあ、パン焼き上がったし、ちょっと休憩してまた頭冷やしてこーよ！
1,talk,24,4,1,>>Agent[02] そうだね、君の言ってることには全く同意だよ。静かな人物が必ずしも怪しいわけじゃないしね。でも、それを逆手に取られて情報操作される可能性もあるから注意深く観察するしかないんじゃないかと思うんだよね。「疑わしき発言」や「静かすぎる人物」の判断基準は完全では無くて僕達みんなで話し合って決めた方が良さそう！その点では君達の意見大事！みんまで力合わせて人狼探しがんばろー！！ のじゃ
1,talk,25,5,5,Over
1,talk,26,5,1,Over
1,talk,27,5,2,Over
1,talk,28,5,4,Over
1,talk,29,5,3,Over
1,vote,1,2
1,vote,2,1
1,vote,3,2
1,vote,4,3
1,vote,5,3
1,vote,1,3
1,vote,2,1
1,vote,3,2
1,vote,4,3
1,vote,5,1
1,execute,3,POSSESSED
1,attack,5,true
2,status,1,VILLAGER,ALIVE,kanolab4
2,status,2,SEER,ALIVE,kanolab1
2,status,3,POSSESSED,DEAD,kanolab2
2,status,4,WEREWOLF,ALIVE,kanolab5
2,status,5,VILLAGER,DEAD,kanolab3
2,talk,0,0,1,Over
2,talk,1,0,2,Over
2,talk,2,0,4,Over
2,vote,1,2
2,vote,2,1
2,vote,4,2
2,execute,2,SEER
2,attackVote,4,1
2,attack,1,true
3,status,1,VILLAGER,DEAD,kanolab4
3,status,2,SEER,DEAD,kanolab1
3,status,3,POSSESSED,DEAD,kanolab2
3,status,4,WEREWOLF,ALIVE,kanolab5
3,status,5,VILLAGER,DEAD,kanolab3
3,result,0,1,WEREWOLF
