java net/kanolab/aiwolf/server/automatic/AutoGameStarter
logDir : ./log/
port : 10010
agentNum : 5
connectAgentNum : 5
only1AgentByIP : false
deleteConnectionTime : 24
gameNum : 1
maxTalk : 5
maxTurn : 20
parallel : 5
timeout : 6000000
saveLog : true
isLoop : true
continueException : true
isSingle : false
isPriorCombination : false
viewerMode : cui
playHuman : false
humanRole : seer
humanNumber : 3
humanName : Human
server : true
PlayerHost1 : 133.70.176.76
PlayerPort1 : 50000
PlayerHost2 : 133.70.176.76
PlayerPort2 : 50001
PlayerHost3 : 133.70.176.76
PlayerPort3 : 50002
PlayerHost4 : 133.70.176.76
PlayerPort4 : 50003
PlayerHost5 : 133.70.176.76
PlayerPort5 : 50004
viewerMode -> CUI : cui
gameMode -> SYNCHRONOUS : synchronous
NLPServerStarter start.
onlyConnection = false net.kanolab.aiwolf.server.starter.NLPServerStarter.acceptClients(NLPServerStarter.java:127)
make: *** [Makefile:85: run] Error 130
